********************** RESULTS *********************
Sum of squared residuals (SSR) = 0.213387
{c} = 0.0386 4.2677  3.086
{k} =  10.4643 0.770445 0.467483   6.0898     2.56    1.433     0.62   1.5984  8.5e-05
kAA = 10.4643
kAB = 0.770445
kBB = 0.467483
kBA = 6.0898
kAmA = 2.56
kAmB = 1.433
kBmB = 0.62
kBmA = 1.5984
kT = 8.5e-05
rA = 13.5822
rB = 0.0767649
rA-A = kA-A/kAA = 0.244641
rA-B = kA-B/kAB = 1.85996
rB-B = kB-B/kBB = 1.32625
rB-A = kB-A/kBA = 0.262472
********************* FIT DATA *********************
data = {{0,	0,	0},
{0.5,	0.240647,	0.050664},
{1,	0.408632,	0.0500885},
{3,	0.768579,	0.0765178},
{5,	0.864385,	0.0885444},
{10,	0.945719,	0.160554},
{30,	0.969409,	0.399736},
{60,	0.957511,	0.46031},
{150,	0.956705,	0.623532},
{240,	0.96432,	0.706322},
{360,	0.950345,	0.703547},
{1440,	0.975148,	0.928533},
{2880,	0.985666,	0.976653},
{4320,	0.984252,	0.999488}};
********************* BEST FIT *********************
fit = {{0,	0,	0},
{0.000105777,	9.04486e-05,	0},
{0.000111678,	0.000180897,	0},
{0.000325986,	0.000271346,	0},
{0.000464657,	0.000361795,	0},
{0.000593767,	0.000452243,	0},
{0.00116496,	0.000542692,	0},
{0.00117025,	0.00063314,	0},
{0.00149038,	0.000723589,	0},
{0.00164826,	0.000814038,	0},
{0.00187334,	0.000904486,	0},
{0.00192345,	0.000994935,	0},
{0.00213166,	0.00108538,	0},
{0.00273536,	0.00117583,	0},
{0.00334862,	0.00126628,	0},
{0.00338852,	0.00135673,	0},
{0.0035739,	0.00144718,	0},
{0.00426647,	0.00153763,	0},
{0.00493973,	0.00162808,	0},
{0.00511922,	0.00171852,	0},
{0.00548902,	0.00180897,	0},
{0.0057674,	0.00189942,	0},
{0.0057745,	0.00198987,	0},
{0.00581205,	0.00208032,	0},
{0.00592027,	0.00217077,	0},
{0.00644895,	0.00226122,	0},
{0.00661554,	0.00235166,	0},
{0.00668587,	0.00244211,	0},
{0.0070208,	0.00253256,	0},
{0.00713249,	0.00262301,	0},
{0.00741015,	0.00271346,	0},
{0.00744052,	0.00280391,	0},
{0.00770292,	0.00289436,	0},
{0.00791934,	0.0029848,	0},
{0.00832671,	0.00307525,	0},
{0.0085053,	0.0031657,	0},
{0.00879969,	0.00325615,	0},
{0.00897592,	0.0033466,	0},
{0.00898141,	0.00343705,	0},
{0.00961179,	0.0035275,	0},
{0.0099443,	0.00361795,	0},
{0.00998848,	0.00370839,	0},
{0.010029,	0.00379884,	0},
{0.0103796,	0.00379884,	0.000125094},
{0.0105979,	0.00388929,	0.000125094},
{0.010747,	0.00397974,	0.000125094},
{0.0110331,	0.00407019,	0.000125094},
{0.0113004,	0.00416064,	0.000125094},
{0.011318,	0.00425109,	0.000125094},
{0.0116876,	0.00434153,	0.000125094},
{0.0117196,	0.00443198,	0.000125094},
{0.0117232,	0.00452243,	0.000125094},
{0.0120993,	0.00461288,	0.000125094},
{0.0127088,	0.00470333,	0.000125094},
{0.0128229,	0.00479378,	0.000125094},
{0.0129307,	0.00488423,	0.000125094},
{0.0131073,	0.00497467,	0.000125094},
{0.0135159,	0.00506512,	0.000125094},
{0.0136505,	0.00515557,	0.000125094},
{0.0137297,	0.00506512,	0.000125094},
{0.013926,	0.00515557,	0.000125094},
{0.0145987,	0.00524602,	0.000125094},
{0.0147475,	0.00533647,	0.000125094},
{0.0147956,	0.00542692,	0.000125094},
{0.0149207,	0.00551737,	0.000125094},
{0.0150275,	0.00560781,	0.000125094},
{0.015031,	0.00569826,	0.000125094},
{0.0151299,	0.00578871,	0.000125094},
{0.0151947,	0.00587916,	0.000125094},
{0.0153352,	0.00596961,	0.000125094},
{0.0155755,	0.00606006,	0.000125094},
{0.0158482,	0.00615051,	0.000125094},
{0.0161944,	0.00624096,	0.000125094},
{0.0162185,	0.0063314,	0.000125094},
{0.0163818,	0.00642185,	0.000125094},
{0.0168869,	0.0065123,	0.000125094},
{0.0169323,	0.00660275,	0.000125094},
{0.0171189,	0.0066932,	0.000125094},
{0.0172075,	0.00678365,	0.000125094},
{0.0175576,	0.0068741,	0.000125094},
{0.0176913,	0.00696454,	0.000125094},
{0.0178159,	0.00705499,	0.000125094},
{0.0182153,	0.00714544,	0.000125094},
{0.018355,	0.00723589,	0.000125094},
{0.0183828,	0.00732634,	0.000125094},
{0.018395,	0.00741679,	0.000125094},
{0.0184385,	0.00750724,	0.000125094},
{0.0186853,	0.00759768,	0.000125094},
{0.0187524,	0.00768813,	0.000125094},
{0.0188425,	0.00777858,	0.000125094},
{0.0192321,	0.00786903,	0.000125094},
{0.0193975,	0.00795948,	0.000125094},
{0.0199202,	0.00804993,	0.000125094},
{0.0199326,	0.00814038,	0.000125094},
{0.0201092,	0.00823082,	0.000125094},
{0.0201169,	0.00832127,	0.000125094},
{0.0201482,	0.00841172,	0.000125094},
{0.0204239,	0.00850217,	0.000125094},
{0.0205006,	0.00859262,	0.000125094},
{0.0214423,	0.00868307,	0.000125094},
{0.0215157,	0.00877352,	0.000125094},
{0.0215263,	0.00886397,	0.000125094},
{0.0215514,	0.00895441,	0.000125094},
{0.0222276,	0.00904486,	0.000125094},
{0.0222695,	0.00913531,	0.000125094},
{0.0223675,	0.00922576,	0.000125094},
{0.0226922,	0.00931621,	0.000125094},
{0.0228257,	0.00940666,	0.000125094},
{0.0229577,	0.00940666,	0.000250188},
{0.0236883,	0.00949711,	0.000250188},
{0.0238782,	0.00958755,	0.000250188},
{0.0238852,	0.009678,	0.000250188},
{0.023917,	0.00976845,	0.000250188},
{0.0240579,	0.0098589,	0.000250188},
{0.0246947,	0.00994935,	0.000250188},
{0.0250262,	0.0098589,	0.000250188},
{0.0254418,	0.00994935,	0.000250188},
{0.025559,	0.0100398,	0.000250188},
{0.0257948,	0.0101302,	0.000250188},
{0.0263838,	0.0102207,	0.000250188},
{0.0264438,	0.0103111,	0.000250188},
{0.0267622,	0.0104016,	0.000250188},
{0.0268566,	0.010492,	0.000250188},
{0.0270244,	0.0105825,	0.000250188},
{0.027049,	0.0106729,	0.000250188},
{0.0271779,	0.0107634,	0.000250188},
{0.0272204,	0.0108538,	0.000250188},
{0.0274198,	0.0109443,	0.000250188},
{0.0276922,	0.0110347,	0.000250188},
{0.027809,	0.0111252,	0.000250188},
{0.0278916,	0.0112156,	0.000250188},
{0.0279985,	0.0113061,	0.000250188},
{0.0284985,	0.0113965,	0.000250188},
{0.0288519,	0.011487,	0.000250188},
{0.0289191,	0.0115774,	0.000250188},
{0.0292002,	0.0116679,	0.000250188},
{0.0292649,	0.0117583,	0.000250188},
{0.0293724,	0.0118488,	0.000250188},
{0.0293764,	0.0119392,	0.000250188},
{0.0295591,	0.0120297,	0.000250188},
{0.0296965,	0.0121201,	0.000250188},
{0.0298147,	0.0122106,	0.000250188},
{0.0298309,	0.012301,	0.000250188},
{0.0298987,	0.0123915,	0.000250188},
{0.0301246,	0.0124819,	0.000250188},
{0.03035,	0.0124819,	0.000375281},
{0.030542,	0.0125724,	0.000375281},
{0.0306503,	0.0125724,	0.000500375},
{0.0308562,	0.0125724,	0.000625469},
{0.0308863,	0.0126628,	0.000625469},
{0.0309388,	0.0127533,	0.000625469},
{0.0310255,	0.0128437,	0.000625469},
{0.031231,	0.0129342,	0.000625469},
{0.0313667,	0.0130246,	0.000625469},
{0.0314381,	0.0131151,	0.000625469},
{0.0315192,	0.0132055,	0.000625469},
{0.0316317,	0.0132959,	0.000625469},
{0.032094,	0.0133864,	0.000625469},
{0.0329856,	0.0134768,	0.000625469},
{0.0331213,	0.0135673,	0.000625469},
{0.0331378,	0.0136577,	0.000625469},
{0.0332846,	0.0136577,	0.000750563},
{0.0334207,	0.0137482,	0.000750563},
{0.0335906,	0.0138386,	0.000750563},
{0.033768,	0.0139291,	0.000750563},
{0.0345114,	0.0140195,	0.000750563},
{0.0345929,	0.01411,	0.000750563},
{0.0348134,	0.0142004,	0.000750563},
{0.0349456,	0.0142909,	0.000750563},
{0.0350954,	0.0143813,	0.000750563},
{0.035171,	0.0144718,	0.000750563},
{0.0353742,	0.0145622,	0.000750563},
{0.0354793,	0.0146527,	0.000750563},
{0.035531,	0.0147431,	0.000750563},
{0.0355342,	0.0148336,	0.000750563},
{0.0358755,	0.014924,	0.000750563},
{0.0363037,	0.0150145,	0.000750563},
{0.0363937,	0.0151049,	0.000750563},
{0.036459,	0.0151954,	0.000750563},
{0.036472,	0.0152858,	0.000750563},
{0.0365676,	0.0153763,	0.000750563},
{0.036937,	0.0154667,	0.000750563},
{0.0372268,	0.0155572,	0.000750563},
{0.0372721,	0.0156476,	0.000750563},
{0.0375009,	0.0157381,	0.000750563},
{0.0379031,	0.0158285,	0.000750563},
{0.0381538,	0.015919,	0.000750563},
{0.0384241,	0.0160094,	0.000750563},
{0.0386752,	0.0160999,	0.000750563},
{0.0389455,	0.0161903,	0.000750563},
{0.0389579,	0.0162808,	0.000750563},
{0.0389618,	0.0163712,	0.000750563},
{0.0389699,	0.0164616,	0.000750563},
{0.0390333,	0.0165521,	0.000750563},
{0.0390614,	0.0165521,	0.000625469},
{0.0390901,	0.0166425,	0.000625469},
{0.0391729,	0.016733,	0.000625469},
{0.0394225,	0.0168234,	0.000625469},
{0.0395702,	0.0169139,	0.000625469},
{0.039841,	0.0170043,	0.000625469},
{0.0406658,	0.0170948,	0.000625469},
{0.041062,	0.0171852,	0.000625469},
{0.041601,	0.0172757,	0.000625469},
{0.0420338,	0.0173661,	0.000625469},
{0.0421501,	0.0174566,	0.000625469},
{0.0424667,	0.017547,	0.000625469},
{0.0427733,	0.0176375,	0.000625469},
{0.0428506,	0.0177279,	0.000625469},
{0.0431587,	0.0178184,	0.000625469},
{0.0432575,	0.0179088,	0.000625469},
{0.0432874,	0.0179993,	0.000625469},
{0.0434874,	0.0180897,	0.000625469},
{0.0436533,	0.0181802,	0.000625469},
{0.04374,	0.0182706,	0.000625469},
{0.043847,	0.0183611,	0.000625469},
{0.0439479,	0.0184515,	0.000625469},
{0.04418,	0.0183611,	0.000625469},
{0.0448196,	0.0184515,	0.000625469},
{0.0448313,	0.018542,	0.000625469},
{0.0453738,	0.0186324,	0.000625469},
{0.0455077,	0.0187229,	0.000625469},
{0.0456496,	0.0188133,	0.000625469},
{0.0457795,	0.0189038,	0.000625469},
{0.0460056,	0.0189942,	0.000625469},
{0.0461966,	0.0190847,	0.000625469},
{0.0463666,	0.0191751,	0.000625469},
{0.0465464,	0.0192656,	0.000625469},
{0.0466472,	0.0191751,	0.000625469},
{0.0466684,	0.0192656,	0.000625469},
{0.0467737,	0.019356,	0.000625469},
{0.0469743,	0.0194465,	0.000625469},
{0.0470365,	0.0195369,	0.000625469},
{0.0477172,	0.0196274,	0.000625469},
{0.0478528,	0.0195369,	0.000625469},
{0.0480322,	0.0196274,	0.000625469},
{0.0485431,	0.0197178,	0.000625469},
{0.0485478,	0.0198082,	0.000625469},
{0.0486677,	0.0198987,	0.000625469},
{0.0491488,	0.0199891,	0.000625469},
{0.0491854,	0.0200796,	0.000625469},
{0.0493014,	0.02017,	0.000625469},
{0.0493595,	0.0202605,	0.000625469},
{0.0497192,	0.0203509,	0.000625469},
{0.0499789,	0.0204414,	0.000625469},
{0.0502169,	0.0205318,	0.000625469},
{0.0509031,	0.0206223,	0.000625469},
{0.0509498,	0.0207127,	0.000625469},
{0.0512556,	0.0207127,	0.000750563},
{0.0513907,	0.0207127,	0.000875657},
{0.0514024,	0.0208032,	0.000875657},
{0.0516133,	0.0208936,	0.000875657},
{0.0516638,	0.0209841,	0.000875657},
{0.0517107,	0.0210745,	0.000875657},
{0.0518452,	0.021165,	0.000875657},
{0.0520476,	0.0212554,	0.000875657},
{0.0523926,	0.0213459,	0.000875657},
{0.0524033,	0.0214363,	0.000875657},
{0.0524045,	0.0215268,	0.000875657},
{0.0525789,	0.0214363,	0.000875657},
{0.0530315,	0.0215268,	0.000875657},
{0.0532187,	0.0216172,	0.000875657},
{0.053891,	0.0217077,	0.000875657},
{0.0541055,	0.0217981,	0.000875657},
{0.054158,	0.0218886,	0.000875657},
{0.0542397,	0.021979,	0.000875657},
{0.0542803,	0.021979,	0.00100075},
{0.0543718,	0.0220695,	0.00100075},
{0.0546027,	0.0221599,	0.00100075},
{0.0546079,	0.0222504,	0.00100075},
{0.0547545,	0.0223408,	0.00100075},
{0.0547857,	0.0224313,	0.00100075},
{0.0551351,	0.0225217,	0.00100075},
{0.0554058,	0.0226122,	0.00100075},
{0.0556148,	0.0227026,	0.00100075},
{0.0557243,	0.0227931,	0.00100075},
{0.0559776,	0.0227931,	0.00112584},
{0.056083,	0.0228835,	0.00112584},
{0.0563713,	0.022974,	0.00112584},
{0.056428,	0.0230644,	0.00112584},
{0.0566552,	0.0231548,	0.00112584},
{0.0567384,	0.0232453,	0.00112584},
{0.0567781,	0.0233357,	0.00112584},
{0.0568506,	0.0234262,	0.00112584},
{0.0569083,	0.0235166,	0.00112584},
{0.057113,	0.0236071,	0.00112584},
{0.0571807,	0.0236975,	0.00112584},
{0.0572887,	0.023788,	0.00112584},
{0.0574125,	0.0238784,	0.00112584},
{0.0575649,	0.0239689,	0.00112584},
{0.057565,	0.0240593,	0.00112584},
{0.0575843,	0.0241498,	0.00112584},
{0.0580417,	0.0242402,	0.00112584},
{0.0583539,	0.0243307,	0.00112584},
{0.0591459,	0.0244211,	0.00112584},
{0.0592364,	0.0245116,	0.00112584},
{0.0594972,	0.024602,	0.00112584},
{0.0595672,	0.0246925,	0.00112584},
{0.0596512,	0.0247829,	0.00112584},
{0.0597078,	0.0248734,	0.00112584},
{0.0601833,	0.0249638,	0.00112584},
{0.0603457,	0.0250543,	0.00112584},
{0.0608735,	0.0251447,	0.00112584},
{0.0610542,	0.0252352,	0.00112584},
{0.0614815,	0.0253256,	0.00112584},
{0.0615673,	0.0254161,	0.00112584},
{0.0617658,	0.0255065,	0.00112584},
{0.0623816,	0.025597,	0.00112584},
{0.0623845,	0.0256874,	0.00112584},
{0.0625416,	0.0257779,	0.00112584},
{0.0627813,	0.0258683,	0.00112584},
{0.0629391,	0.0259588,	0.00112584},
{0.063037,	0.0260492,	0.00112584},
{0.0633105,	0.0261397,	0.00112584},
{0.0636917,	0.0262301,	0.00112584},
{0.0638414,	0.0263205,	0.00112584},
{0.0638633,	0.026411,	0.00112584},
{0.0638645,	0.0265014,	0.00112584},
{0.0639906,	0.0265919,	0.00112584},
{0.0642776,	0.0266823,	0.00112584},
{0.0644979,	0.0267728,	0.00112584},
{0.0646889,	0.0268632,	0.00112584},
{0.0647874,	0.0269537,	0.00112584},
{0.0647978,	0.0270441,	0.00112584},
{0.0648076,	0.0271346,	0.00112584},
{0.0655021,	0.027225,	0.00112584},
{0.065667,	0.027225,	0.00125094},
{0.0658037,	0.0273155,	0.00125094},
{0.065807,	0.0274059,	0.00125094},
{0.0658953,	0.0274964,	0.00125094},
{0.0659913,	0.0274964,	0.00137603},
{0.0662515,	0.0275868,	0.00137603},
{0.0662698,	0.0276773,	0.00137603},
{0.0665219,	0.0277677,	0.00137603},
{0.0665339,	0.0278582,	0.00137603},
{0.0665633,	0.0279486,	0.00137603},
{0.0668467,	0.0280391,	0.00137603},
{0.0682763,	0.0281295,	0.00137603},
{0.0689334,	0.02822,	0.00137603},
{0.0694784,	0.0283104,	0.00137603},
{0.0699106,	0.0284009,	0.00137603},
{0.0702376,	0.0284913,	0.00137603},
{0.0702557,	0.0284913,	0.00150113},
{0.0703339,	0.0285818,	0.00150113},
{0.0707522,	0.0286722,	0.00150113},
{0.070774,	0.0287627,	0.00150113},
{0.0707779,	0.0288531,	0.00150113},
{0.0708887,	0.0289436,	0.00150113},
{0.0714345,	0.029034,	0.00150113},
{0.0717638,	0.0291245,	0.00150113},
{0.0719281,	0.0292149,	0.00150113},
{0.0720077,	0.0293054,	0.00150113},
{0.0720094,	0.0293958,	0.00150113},
{0.0720601,	0.0294863,	0.00150113},
{0.0721161,	0.0295767,	0.00150113},
{0.0721378,	0.0295767,	0.00162622},
{0.0722796,	0.0295767,	0.00175131},
{0.0723883,	0.0296671,	0.00175131},
{0.0724584,	0.0297576,	0.00175131},
{0.0727248,	0.029848,	0.00175131},
{0.0730555,	0.0299385,	0.00175131},
{0.0730984,	0.0300289,	0.00175131},
{0.0731002,	0.0301194,	0.00175131},
{0.0732605,	0.0302098,	0.00175131},
{0.0732851,	0.0303003,	0.00175131},
{0.0734652,	0.0303907,	0.00175131},
{0.0737729,	0.0304812,	0.00175131},
{0.0739519,	0.0305716,	0.00175131},
{0.0740566,	0.0306621,	0.00175131},
{0.0742916,	0.0307525,	0.00175131},
{0.074304,	0.030843,	0.00175131},
{0.0747868,	0.0309334,	0.00175131},
{0.0747932,	0.0310239,	0.00175131},
{0.075149,	0.0310239,	0.00187641},
{0.0752152,	0.0311143,	0.00187641},
{0.0753523,	0.0312048,	0.00187641},
{0.0753857,	0.0312952,	0.00187641},
{0.0754208,	0.0313857,	0.00187641},
{0.0757782,	0.0314761,	0.00187641},
{0.0759021,	0.0315666,	0.00187641},
{0.0762787,	0.031657,	0.00187641},
{0.0763082,	0.0317475,	0.00187641},
{0.0763112,	0.0318379,	0.00187641},
{0.0767834,	0.0319284,	0.00187641},
{0.076869,	0.0320188,	0.00187641},
{0.0774443,	0.0321093,	0.00187641},
{0.0777588,	0.0321997,	0.00187641},
{0.0777886,	0.0322902,	0.00187641},
{0.0778873,	0.0323806,	0.00187641},
{0.0780499,	0.0324711,	0.00187641},
{0.0780533,	0.0325615,	0.00187641},
{0.0780622,	0.032652,	0.00187641},
{0.0791642,	0.0327424,	0.00187641},
{0.0792501,	0.0328329,	0.00187641},
{0.0793881,	0.0328329,	0.0020015},
{0.0794843,	0.0327424,	0.0020015},
{0.0796953,	0.0328329,	0.0020015},
{0.0805669,	0.0329233,	0.0020015},
{0.0807879,	0.0330137,	0.0020015},
{0.0812727,	0.0331042,	0.0020015},
{0.0812982,	0.0331946,	0.0020015},
{0.0813105,	0.0332851,	0.0020015},
{0.0814636,	0.0333755,	0.0020015},
{0.0815445,	0.033466,	0.0020015},
{0.0818077,	0.0335564,	0.0020015},
{0.0823717,	0.0336469,	0.0020015},
{0.0825889,	0.0337373,	0.0020015},
{0.0826741,	0.0337373,	0.00212659},
{0.0829273,	0.0338278,	0.00212659},
{0.0831518,	0.0339182,	0.00212659},
{0.0835248,	0.0340087,	0.00212659},
{0.0837173,	0.0340991,	0.00212659},
{0.0837568,	0.0341896,	0.00212659},
{0.0838304,	0.03428,	0.00212659},
{0.0842305,	0.0343705,	0.00212659},
{0.0842674,	0.0344609,	0.00212659},
{0.0850441,	0.0345514,	0.00212659},
{0.085164,	0.0346418,	0.00212659},
{0.0853191,	0.0347323,	0.00212659},
{0.0860806,	0.0348227,	0.00212659},
{0.0864657,	0.0349132,	0.00212659},
{0.0867927,	0.0350036,	0.00212659},
{0.0868371,	0.0350941,	0.00212659},
{0.0869133,	0.0351845,	0.00212659},
{0.0876987,	0.035275,	0.00212659},
{0.0878005,	0.0353654,	0.00212659},
{0.0878824,	0.0354559,	0.00212659},
{0.0879581,	0.0355463,	0.00212659},
{0.0884911,	0.0356368,	0.00212659},
{0.0885269,	0.0357272,	0.00212659},
{0.0885457,	0.0358177,	0.00212659},
{0.0886977,	0.0359081,	0.00212659},
{0.088885,	0.0359986,	0.00212659},
{0.0889199,	0.036089,	0.00212659},
{0.08913,	0.036089,	0.00225169},
{0.0894917,	0.0361795,	0.00225169},
{0.0898864,	0.0362699,	0.00225169},
{0.0901003,	0.0363603,	0.00225169},
{0.0902451,	0.0364508,	0.00225169},
{0.0902477,	0.0365412,	0.00225169},
{0.0905691,	0.0366317,	0.00225169},
{0.0905749,	0.0367221,	0.00225169},
{0.0909466,	0.0368126,	0.00225169},
{0.0910713,	0.036903,	0.00225169},
{0.091136,	0.0369935,	0.00225169},
{0.0911722,	0.0370839,	0.00225169},
{0.0917009,	0.0371744,	0.00225169},
{0.0918263,	0.0372648,	0.00225169},
{0.0920581,	0.0372648,	0.00237678},
{0.092355,	0.0373553,	0.00237678},
{0.0927442,	0.0374457,	0.00237678},
{0.0932651,	0.0375362,	0.00237678},
{0.093532,	0.0376266,	0.00237678},
{0.0935792,	0.0377171,	0.00237678},
{0.0935932,	0.0378075,	0.00237678},
{0.0939597,	0.0378075,	0.00250188},
{0.0942134,	0.037898,	0.00250188},
{0.0944158,	0.0379884,	0.00250188},
{0.0946141,	0.0380789,	0.00250188},
{0.0947359,	0.0381693,	0.00250188},
{0.0948908,	0.0382598,	0.00250188},
{0.0951812,	0.0383502,	0.00250188},
{0.0952224,	0.0384407,	0.00250188},
{0.0956957,	0.0385311,	0.00250188},
{0.0957786,	0.0386216,	0.00250188},
{0.095948,	0.038712,	0.00250188},
{0.0960511,	0.0388025,	0.00250188},
{0.0962655,	0.0388929,	0.00250188},
{0.0963997,	0.0389834,	0.00250188},
{0.0966138,	0.0389834,	0.00262697},
{0.0966443,	0.0390738,	0.00262697},
{0.0969036,	0.0391643,	0.00262697},
{0.0971547,	0.0392547,	0.00262697},
{0.0979567,	0.0393452,	0.00262697},
{0.0982037,	0.0394356,	0.00262697},
{0.0985057,	0.039526,	0.00262697},
{0.0986765,	0.0396165,	0.00262697},
{0.0998828,	0.039526,	0.00262697},
{0.100143,	0.0396165,	0.00262697},
{0.100182,	0.0397069,	0.00262697},
{0.100437,	0.0397069,	0.00275206},
{0.10047,	0.0396165,	0.00275206},
{0.100472,	0.0397069,	0.00275206},
{0.100485,	0.0397974,	0.00275206},
{0.100688,	0.0398878,	0.00275206},
{0.100757,	0.0399783,	0.00275206},
{0.100865,	0.0400687,	0.00275206},
{0.100997,	0.0401592,	0.00275206},
{0.100998,	0.0402496,	0.00275206},
{0.10102,	0.0403401,	0.00275206},
{0.101305,	0.0404305,	0.00275206},
{0.101473,	0.0404305,	0.00287716},
{0.101709,	0.040521,	0.00287716},
{0.102029,	0.0406114,	0.00287716},
{0.102044,	0.0407019,	0.00287716},
{0.102606,	0.0406114,	0.00287716},
{0.102685,	0.0407019,	0.00287716},
{0.102693,	0.0407923,	0.00287716},
{0.102709,	0.0408828,	0.00287716},
{0.102951,	0.0408828,	0.00300225},
{0.103319,	0.0409732,	0.00300225},
{0.103348,	0.0410637,	0.00300225},
{0.10338,	0.0411541,	0.00300225},
{0.103404,	0.0412446,	0.00300225},
{0.103518,	0.041335,	0.00300225},
{0.103656,	0.0414255,	0.00300225},
{0.103672,	0.0415159,	0.00300225},
{0.104049,	0.0416064,	0.00300225},
{0.104532,	0.0416064,	0.00312735},
{0.10483,	0.0416968,	0.00312735},
{0.105031,	0.0417873,	0.00312735},
{0.105035,	0.0418777,	0.00312735},
{0.105231,	0.0419682,	0.00312735},
{0.105248,	0.0420586,	0.00312735},
{0.105361,	0.0421491,	0.00312735},
{0.105804,	0.0422395,	0.00312735},
{0.106108,	0.04233,	0.00312735},
{0.106244,	0.0424204,	0.00312735},
{0.106453,	0.0425109,	0.00312735},
{0.106743,	0.0425109,	0.00325244},
{0.106782,	0.0426013,	0.00325244},
{0.10693,	0.0426918,	0.00325244},
{0.106937,	0.0427822,	0.00325244},
{0.107029,	0.0428726,	0.00325244},
{0.107041,	0.0429631,	0.00325244},
{0.10793,	0.0429631,	0.00337753},
{0.108257,	0.0430535,	0.00337753},
{0.108377,	0.043144,	0.00337753},
{0.109057,	0.0432344,	0.00337753},
{0.109254,	0.0433249,	0.00337753},
{0.109861,	0.0434153,	0.00337753},
{0.110139,	0.0435058,	0.00337753},
{0.110159,	0.0434153,	0.00337753},
{0.11042,	0.0434153,	0.00350263},
{0.110588,	0.0435058,	0.00350263},
{0.110931,	0.0435962,	0.00350263},
{0.110953,	0.0436867,	0.00350263},
{0.111242,	0.0437771,	0.00350263},
{0.11143,	0.0438676,	0.00350263},
{0.111598,	0.043958,	0.00350263},
{0.112002,	0.043958,	0.00362772},
{0.112031,	0.0440485,	0.00362772},
{0.112296,	0.0441389,	0.00362772},
{0.112461,	0.0442294,	0.00362772},
{0.11249,	0.0443198,	0.00362772},
{0.1125,	0.0444103,	0.00362772},
{0.112718,	0.0445007,	0.00362772},
{0.112995,	0.0445912,	0.00362772},
{0.113004,	0.0446816,	0.00362772},
{0.113431,	0.0447721,	0.00362772},
{0.113447,	0.0448625,	0.00362772},
{0.113467,	0.044953,	0.00362772},
{0.113604,	0.0450434,	0.00362772},
{0.113737,	0.0451339,	0.00362772},
{0.113855,	0.0452243,	0.00362772},
{0.113978,	0.0453148,	0.00362772},
{0.114014,	0.0454052,	0.00362772},
{0.114209,	0.0454957,	0.00362772},
{0.114653,	0.0455861,	0.00362772},
{0.114703,	0.0456766,	0.00362772},
{0.114757,	0.045767,	0.00362772},
{0.114875,	0.0458575,	0.00362772},
{0.11488,	0.0459479,	0.00362772},
{0.115142,	0.0460384,	0.00362772},
{0.115345,	0.0461288,	0.00362772},
{0.115434,	0.0462192,	0.00362772},
{0.11554,	0.0463097,	0.00362772},
{0.115828,	0.0464001,	0.00362772},
{0.115854,	0.0464906,	0.00362772},
{0.116183,	0.046581,	0.00362772},
{0.116338,	0.0466715,	0.00362772},
{0.117191,	0.0467619,	0.00362772},
{0.117195,	0.0468524,	0.00362772},
{0.117476,	0.0469428,	0.00362772},
{0.117625,	0.0470333,	0.00362772},
{0.118103,	0.0471237,	0.00362772},
{0.118387,	0.0470333,	0.00362772},
{0.118528,	0.0471237,	0.00362772},
{0.118783,	0.0472142,	0.00362772},
{0.118959,	0.0473046,	0.00362772},
{0.119596,	0.0473951,	0.00362772},
{0.119934,	0.0474855,	0.00362772},
{0.119958,	0.047576,	0.00362772},
{0.120709,	0.0476664,	0.00362772},
{0.120838,	0.0477569,	0.00362772},
{0.121021,	0.0478473,	0.00362772},
{0.121122,	0.0478473,	0.00375281},
{0.121346,	0.0479378,	0.00375281},
{0.121379,	0.0480282,	0.00375281},
{0.121514,	0.0481187,	0.00375281},
{0.121532,	0.0482091,	0.00375281},
{0.121964,	0.0481187,	0.00375281},
{0.122256,	0.0482091,	0.00375281},
{0.122857,	0.0482996,	0.00375281},
{0.123053,	0.04839,	0.00375281},
{0.123093,	0.0484805,	0.00375281},
{0.123655,	0.0485709,	0.00375281},
{0.123749,	0.0486614,	0.00375281},
{0.12425,	0.0487518,	0.00375281},
{0.124263,	0.0488423,	0.00375281},
{0.124391,	0.0489327,	0.00375281},
{0.124444,	0.0490232,	0.00375281},
{0.124694,	0.0491136,	0.00375281},
{0.125282,	0.0492041,	0.00375281},
{0.125297,	0.0492945,	0.00375281},
{0.125385,	0.0493849,	0.00375281},
{0.126108,	0.0494754,	0.00375281},
{0.126129,	0.0495658,	0.00375281},
{0.126605,	0.0496563,	0.00375281},
{0.126798,	0.0497467,	0.00375281},
{0.126853,	0.0498372,	0.00375281},
{0.126933,	0.0499276,	0.00375281},
{0.127073,	0.0500181,	0.00375281},
{0.127209,	0.0501085,	0.00375281},
{0.127684,	0.050199,	0.00375281},
{0.128071,	0.0502894,	0.00375281},
{0.128437,	0.0503799,	0.00375281},
{0.129106,	0.0504703,	0.00375281},
{0.129514,	0.0505608,	0.00375281},
{0.129766,	0.0506512,	0.00375281},
{0.130257,	0.0507417,	0.00375281},
{0.13038,	0.0508321,	0.00375281},
{0.130934,	0.0509226,	0.00375281},
{0.131165,	0.051013,	0.00375281},
{0.131749,	0.0511035,	0.00375281},
{0.131811,	0.0511939,	0.00375281},
{0.132393,	0.0512844,	0.00375281},
{0.132702,	0.0511939,	0.00375281},
{0.132753,	0.0512844,	0.00375281},
{0.132862,	0.0511939,	0.00375281},
{0.133,	0.0512844,	0.00375281},
{0.13302,	0.0511939,	0.00375281},
{0.13319,	0.0512844,	0.00375281},
{0.133517,	0.0513748,	0.00375281},
{0.133569,	0.0514653,	0.00375281},
{0.133688,	0.0515557,	0.00375281},
{0.133937,	0.0515557,	0.00387791},
{0.133944,	0.0516462,	0.00387791},
{0.134496,	0.0517366,	0.00387791},
{0.134505,	0.0518271,	0.00387791},
{0.134539,	0.0519175,	0.00387791},
{0.134761,	0.052008,	0.00387791},
{0.134833,	0.0520984,	0.00387791},
{0.135051,	0.0521889,	0.00387791},
{0.13508,	0.0522793,	0.00387791},
{0.135308,	0.0522793,	0.004003},
{0.135365,	0.0523698,	0.004003},
{0.135914,	0.0524602,	0.004003},
{0.135989,	0.0525507,	0.004003},
{0.136121,	0.0526411,	0.004003},
{0.136159,	0.0527315,	0.004003},
{0.136267,	0.052822,	0.004003},
{0.136513,	0.0529124,	0.004003},
{0.136622,	0.0530029,	0.004003},
{0.137044,	0.0530933,	0.004003},
{0.137054,	0.0531838,	0.004003},
{0.137437,	0.0532742,	0.004003},
{0.13744,	0.0533647,	0.004003},
{0.137666,	0.0534551,	0.004003},
{0.137701,	0.0534551,	0.0041281},
{0.137791,	0.0535456,	0.0041281},
{0.138239,	0.0534551,	0.0041281},
{0.138648,	0.0535456,	0.0041281},
{0.138897,	0.053636,	0.0041281},
{0.139107,	0.0537265,	0.0041281},
{0.139208,	0.0538169,	0.0041281},
{0.13936,	0.0539074,	0.0041281},
{0.139405,	0.0539978,	0.0041281},
{0.1397,	0.0540883,	0.0041281},
{0.140304,	0.0541787,	0.0041281},
{0.140575,	0.0542692,	0.0041281},
{0.140767,	0.0543596,	0.0041281},
{0.141681,	0.0544501,	0.0041281},
{0.141813,	0.0545405,	0.0041281},
{0.14204,	0.054631,	0.0041281},
{0.142054,	0.0547214,	0.0041281},
{0.142153,	0.054631,	0.0041281},
{0.142246,	0.0547214,	0.0041281},
{0.14231,	0.0548119,	0.0041281},
{0.142418,	0.0549023,	0.0041281},
{0.142976,	0.0549928,	0.0041281},
{0.143115,	0.0550832,	0.0041281},
{0.143528,	0.0550832,	0.00425319},
{0.14362,	0.0551737,	0.00425319},
{0.143803,	0.0552641,	0.00425319},
{0.143826,	0.0553546,	0.00425319},
{0.144041,	0.0553546,	0.00437828},
{0.144349,	0.055445,	0.00437828},
{0.144497,	0.0555355,	0.00437828},
{0.144531,	0.0556259,	0.00437828},
{0.144668,	0.0557164,	0.00437828},
{0.144816,	0.0558068,	0.00437828},
{0.144973,	0.0558973,	0.00437828},
{0.1456,	0.0559877,	0.00437828},
{0.145841,	0.0560781,	0.00437828},
{0.146261,	0.0561686,	0.00437828},
{0.146267,	0.056259,	0.00437828},
{0.146382,	0.0563495,	0.00437828},
{0.146685,	0.0564399,	0.00437828},
{0.147076,	0.0565304,	0.00437828},
{0.147465,	0.0565304,	0.00450338},
{0.147572,	0.0566208,	0.00450338},
{0.147728,	0.0567113,	0.00450338},
{0.14801,	0.0568017,	0.00450338},
{0.148043,	0.0568922,	0.00450338},
{0.148099,	0.0569826,	0.00450338},
{0.149034,	0.0570731,	0.00450338},
{0.149186,	0.0571635,	0.00450338},
{0.149227,	0.057254,	0.00450338},
{0.149306,	0.0573444,	0.00450338},
{0.149308,	0.0574349,	0.00450338},
{0.149358,	0.0575253,	0.00450338},
{0.149643,	0.0576158,	0.00450338},
{0.149663,	0.0577062,	0.00450338},
{0.149679,	0.0577967,	0.00450338},
{0.14972,	0.0577967,	0.00462847},
{0.149931,	0.0578871,	0.00462847},
{0.150202,	0.0579776,	0.00462847},
{0.150768,	0.058068,	0.00462847},
{0.151066,	0.0581585,	0.00462847},
{0.151474,	0.0582489,	0.00462847},
{0.151489,	0.0583394,	0.00462847},
{0.151632,	0.0584298,	0.00462847},
{0.151853,	0.0585203,	0.00462847},
{0.152489,	0.0586107,	0.00462847},
{0.152718,	0.0587012,	0.00462847},
{0.153005,	0.0587916,	0.00462847},
{0.153079,	0.0588821,	0.00462847},
{0.153136,	0.0589725,	0.00462847},
{0.153267,	0.059063,	0.00462847},
{0.154305,	0.0591534,	0.00462847},
{0.154392,	0.0592438,	0.00462847},
{0.154474,	0.0593343,	0.00462847},
{0.154602,	0.0594247,	0.00462847},
{0.155283,	0.0595152,	0.00462847},
{0.155305,	0.0596056,	0.00462847},
{0.155713,	0.0596961,	0.00462847},
{0.155787,	0.0597865,	0.00462847},
{0.155864,	0.059877,	0.00462847},
{0.155921,	0.0599674,	0.00462847},
{0.156027,	0.0600579,	0.00462847},
{0.156154,	0.0599674,	0.00462847},
{0.156224,	0.0600579,	0.00462847},
{0.15722,	0.0601483,	0.00462847},
{0.157251,	0.0602388,	0.00462847},
{0.157413,	0.0603292,	0.00462847},
{0.157569,	0.0604197,	0.00462847},
{0.157576,	0.0605101,	0.00462847},
{0.157795,	0.0606006,	0.00462847},
{0.15792,	0.060691,	0.00462847},
{0.158011,	0.0607815,	0.00462847},
{0.158168,	0.0608719,	0.00462847},
{0.158652,	0.0609624,	0.00462847},
{0.159004,	0.0610528,	0.00462847},
{0.159138,	0.0611433,	0.00462847},
{0.159526,	0.0612337,	0.00462847},
{0.159587,	0.0613242,	0.00462847},
{0.159768,	0.0614146,	0.00462847},
{0.160203,	0.0613242,	0.00462847},
{0.160429,	0.0614146,	0.00462847},
{0.160793,	0.0614146,	0.00475357},
{0.160799,	0.0614146,	0.00487866},
{0.161301,	0.0614146,	0.00500375},
{0.161334,	0.0615051,	0.00500375},
{0.163017,	0.0615955,	0.00500375},
{0.163048,	0.0615955,	0.00512885},
{0.16312,	0.0615051,	0.00512885},
{0.163242,	0.0615955,	0.00512885},
{0.163465,	0.0615051,	0.00512885},
{0.163627,	0.0615955,	0.00512885},
{0.163676,	0.0615955,	0.00525394},
{0.163749,	0.061686,	0.00525394},
{0.163973,	0.0617764,	0.00525394},
{0.163986,	0.0618669,	0.00525394},
{0.163999,	0.0617764,	0.00525394},
{0.164032,	0.0618669,	0.00525394},
{0.164781,	0.0619573,	0.00525394},
{0.165229,	0.0620478,	0.00525394},
{0.165247,	0.0621382,	0.00525394},
{0.16561,	0.0622287,	0.00525394},
{0.165818,	0.0623191,	0.00525394},
{0.166339,	0.0624096,	0.00525394},
{0.166571,	0.0625,	0.00525394},
{0.166886,	0.0625904,	0.00525394},
{0.167135,	0.0626809,	0.00525394},
{0.167521,	0.0627713,	0.00525394},
{0.167823,	0.0628618,	0.00525394},
{0.167896,	0.0629522,	0.00525394},
{0.168024,	0.0630427,	0.00525394},
{0.168041,	0.0630427,	0.00537903},
{0.168136,	0.0631331,	0.00537903},
{0.168487,	0.0632236,	0.00537903},
{0.168915,	0.063314,	0.00537903},
{0.169069,	0.0634045,	0.00537903},
{0.169069,	0.0634045,	0.00550413},
{0.169521,	0.0634949,	0.00550413},
{0.169632,	0.0635854,	0.00550413},
{0.169702,	0.0636758,	0.00550413},
{0.169876,	0.0637663,	0.00550413},
{0.170336,	0.0636758,	0.00550413},
{0.170819,	0.0637663,	0.00550413},
{0.171047,	0.0638567,	0.00550413},
{0.171568,	0.0639472,	0.00550413},
{0.171905,	0.0640376,	0.00550413},
{0.171918,	0.0641281,	0.00550413},
{0.172106,	0.0642185,	0.00550413},
{0.172148,	0.064309,	0.00550413},
{0.172466,	0.0643994,	0.00550413},
{0.173239,	0.0644899,	0.00550413},
{0.173841,	0.0645803,	0.00550413},
{0.174168,	0.0646708,	0.00550413},
{0.174252,	0.0647612,	0.00550413},
{0.1743,	0.0648517,	0.00550413},
{0.174491,	0.0649421,	0.00550413},
{0.174999,	0.0650326,	0.00550413},
{0.175374,	0.065123,	0.00550413},
{0.175445,	0.0652135,	0.00550413},
{0.175531,	0.0653039,	0.00550413},
{0.1761,	0.0653944,	0.00550413},
{0.176219,	0.0653944,	0.00562922},
{0.176237,	0.0654848,	0.00562922},
{0.176295,	0.0655753,	0.00562922},
{0.176577,	0.0656657,	0.00562922},
{0.176631,	0.0657562,	0.00562922},
{0.17687,	0.0658466,	0.00562922},
{0.17739,	0.065937,	0.00562922},
{0.177417,	0.0660275,	0.00562922},
{0.177653,	0.065937,	0.00562922},
{0.177734,	0.0660275,	0.00562922},
{0.178643,	0.0661179,	0.00562922},
{0.178683,	0.0662084,	0.00562922},
{0.178724,	0.0662988,	0.00562922},
{0.179231,	0.0663893,	0.00562922},
{0.179306,	0.0663893,	0.00575432},
{0.179437,	0.0664797,	0.00575432},
{0.179515,	0.0665702,	0.00575432},
{0.179515,	0.0666606,	0.00575432},
{0.179722,	0.0667511,	0.00575432},
{0.180206,	0.0668415,	0.00575432},
{0.180566,	0.066932,	0.00575432},
{0.180566,	0.0670224,	0.00575432},
{0.181014,	0.0671129,	0.00575432},
{0.181082,	0.0672033,	0.00575432},
{0.181375,	0.0672938,	0.00575432},
{0.181454,	0.0673842,	0.00575432},
{0.181978,	0.0674747,	0.00575432},
{0.182158,	0.0675651,	0.00575432},
{0.182686,	0.0676556,	0.00575432},
{0.182928,	0.067746,	0.00575432},
{0.183103,	0.0678365,	0.00575432},
{0.1833,	0.0679269,	0.00575432},
{0.183607,	0.0680174,	0.00575432},
{0.183747,	0.0681078,	0.00575432},
{0.183811,	0.0681983,	0.00575432},
{0.184158,	0.0682887,	0.00575432},
{0.184265,	0.0683792,	0.00575432},
{0.184325,	0.0684696,	0.00575432},
{0.184329,	0.0683792,	0.00575432},
{0.184478,	0.0684696,	0.00575432},
{0.184797,	0.0685601,	0.00575432},
{0.184928,	0.0686505,	0.00575432},
{0.185085,	0.068741,	0.00575432},
{0.185561,	0.0686505,	0.00575432},
{0.185748,	0.068741,	0.00575432},
{0.185878,	0.0688314,	0.00575432},
{0.18632,	0.0689219,	0.00575432},
{0.186339,	0.0690123,	0.00575432},
{0.186376,	0.0691027,	0.00575432},
{0.186395,	0.0691932,	0.00575432},
{0.186513,	0.0692836,	0.00575432},
{0.186769,	0.0691932,	0.00575432},
{0.186816,	0.0691027,	0.00575432},
{0.1869,	0.0691932,	0.00575432},
{0.186956,	0.0692836,	0.00575432},
{0.187947,	0.0693741,	0.00575432},
{0.188045,	0.0694645,	0.00575432},
{0.188056,	0.069555,	0.00575432},
{0.188555,	0.0696454,	0.00575432},
{0.188704,	0.0697359,	0.00575432},
{0.188726,	0.0696454,	0.00575432},
{0.188749,	0.0697359,	0.00575432},
{0.189583,	0.0698263,	0.00575432},
{0.189993,	0.0699168,	0.00575432},
{0.190372,	0.0700072,	0.00575432},
{0.190611,	0.0700977,	0.00575432},
{0.191041,	0.0701881,	0.00575432},
{0.191134,	0.0702786,	0.00575432},
{0.191435,	0.070369,	0.00575432},
{0.191664,	0.0704595,	0.00575432},
{0.191752,	0.0705499,	0.00575432},
{0.192074,	0.0706404,	0.00575432},
{0.192212,	0.0707308,	0.00575432},
{0.192305,	0.0708213,	0.00575432},
{0.19236,	0.0709117,	0.00575432},
{0.192636,	0.0709117,	0.00587941},
{0.192664,	0.0710022,	0.00587941},
{0.192828,	0.0710926,	0.00587941},
{0.193204,	0.0711831,	0.00587941},
{0.193435,	0.0712735,	0.00587941},
{0.193837,	0.071364,	0.00587941},
{0.194241,	0.0714544,	0.00587941},
{0.194282,	0.0715449,	0.00587941},
{0.194287,	0.0716353,	0.00587941},
{0.194291,	0.0717258,	0.00587941},
{0.194512,	0.0718162,	0.00587941},
{0.194722,	0.0719067,	0.00587941},
{0.194762,	0.0719971,	0.00587941},
{0.195038,	0.0720876,	0.00587941},
{0.195071,	0.072178,	0.00587941},
{0.195495,	0.0722685,	0.00587941},
{0.195602,	0.0723589,	0.00587941},
{0.195651,	0.0724493,	0.00587941},
{0.195857,	0.0725398,	0.00587941},
{0.195969,	0.0726302,	0.00587941},
{0.196175,	0.0727207,	0.00587941},
{0.196392,	0.0728111,	0.00587941},
{0.196804,	0.0729016,	0.00587941},
{0.196908,	0.072992,	0.00587941},
{0.197244,	0.0730825,	0.00587941},
{0.197518,	0.0730825,	0.0060045},
{0.197568,	0.0731729,	0.0060045},
{0.198625,	0.0732634,	0.0060045},
{0.198793,	0.0733538,	0.0060045},
{0.1988,	0.0734443,	0.0060045},
{0.19929,	0.0735347,	0.0060045},
{0.199817,	0.0736252,	0.0060045},
{0.199897,	0.0737156,	0.0060045},
{0.200001,	0.0738061,	0.0060045},
{0.20029,	0.0737156,	0.0060045},
{0.200657,	0.0738061,	0.0060045},
{0.200759,	0.0737156,	0.0060045},
{0.200817,	0.0738061,	0.0060045},
{0.201045,	0.0738965,	0.0060045},
{0.201133,	0.073987,	0.0060045},
{0.201181,	0.073987,	0.0061296},
{0.201911,	0.0740774,	0.0061296},
{0.201915,	0.073987,	0.0061296},
{0.202005,	0.0740774,	0.0061296},
{0.202344,	0.0741679,	0.0061296},
{0.202382,	0.0742583,	0.0061296},
{0.202392,	0.0743488,	0.0061296},
{0.202833,	0.0744392,	0.0061296},
{0.203456,	0.0745297,	0.0061296},
{0.203709,	0.0746201,	0.0061296},
{0.204131,	0.0747106,	0.0061296},
{0.20454,	0.074801,	0.0061296},
{0.204872,	0.0748915,	0.0061296},
{0.204879,	0.0749819,	0.0061296},
{0.204976,	0.0750724,	0.0061296},
{0.205206,	0.0751628,	0.0061296},
{0.205255,	0.0752533,	0.0061296},
{0.205854,	0.0753437,	0.0061296},
{0.20606,	0.0754342,	0.0061296},
{0.207269,	0.0755246,	0.0061296},
{0.207526,	0.0756151,	0.0061296},
{0.207566,	0.0757055,	0.0061296},
{0.207809,	0.0757959,	0.0061296},
{0.208127,	0.0757959,	0.00625469},
{0.208166,	0.0758864,	0.00625469},
{0.208304,	0.0759768,	0.00625469},
{0.208505,	0.0760673,	0.00625469},
{0.208527,	0.0761577,	0.00625469},
{0.20888,	0.0762482,	0.00625469},
{0.20921,	0.0763386,	0.00625469},
{0.20922,	0.0764291,	0.00625469},
{0.209249,	0.0765195,	0.00625469},
{0.209473,	0.07661,	0.00625469},
{0.20962,	0.0767004,	0.00625469},
{0.209766,	0.0767909,	0.00625469},
{0.209789,	0.0768813,	0.00625469},
{0.209978,	0.0769718,	0.00625469},
{0.209985,	0.0770622,	0.00625469},
{0.210162,	0.0771527,	0.00625469},
{0.210313,	0.0772431,	0.00625469},
{0.210565,	0.0773336,	0.00625469},
{0.210887,	0.077424,	0.00625469},
{0.210901,	0.0775145,	0.00625469},
{0.210909,	0.0776049,	0.00625469},
{0.211056,	0.0776954,	0.00625469},
{0.211183,	0.0777858,	0.00625469},
{0.211426,	0.0778763,	0.00625469},
{0.2119,	0.0779667,	0.00625469},
{0.212281,	0.0780572,	0.00625469},
{0.212311,	0.0781476,	0.00625469},
{0.213238,	0.0782381,	0.00625469},
{0.213252,	0.0783285,	0.00625469},
{0.213271,	0.078419,	0.00625469},
{0.213394,	0.0785094,	0.00625469},
{0.213857,	0.0785999,	0.00625469},
{0.214234,	0.0786903,	0.00625469},
{0.214555,	0.0787808,	0.00625469},
{0.214579,	0.0788712,	0.00625469},
{0.21497,	0.0789616,	0.00625469},
{0.21541,	0.0790521,	0.00625469},
{0.215491,	0.0791425,	0.00625469},
{0.215699,	0.079233,	0.00625469},
{0.215784,	0.0793234,	0.00625469},
{0.215856,	0.0794139,	0.00625469},
{0.216007,	0.0795043,	0.00625469},
{0.216117,	0.0795948,	0.00625469},
{0.21614,	0.0796852,	0.00625469},
{0.216211,	0.0797757,	0.00625469},
{0.217147,	0.0798661,	0.00625469},
{0.447062,	0.154215,	0.0125094},
{0.709737,	0.230825,	0.0171379},
{0.998475,	0.30653,	0.0235176},
{1.30404,	0.378799,	0.0303978},
{1.64644,	0.4517,	0.0382787},
{2.04289,	0.52008,	0.0477858},
{2.47742,	0.581946,	0.057293},
{2.9586,	0.643452,	0.0714286},
{3.5007,	0.69953,	0.0851889},
{4.15498,	0.757145,	0.09995},
{4.97331,	0.808973,	0.114586},
{5.92722,	0.849765,	0.13285},
{7.0459,	0.885402,	0.151113},
{8.43958,	0.915973,	0.173755},
{10.133,	0.938224,	0.198524},
{12.1227,	0.955047,	0.223668},
{14.5611,	0.964635,	0.250938},
{17.3711,	0.974222,	0.280335},
{20.6885,	0.979559,	0.311484},
{24.61,	0.982815,	0.341131},
{28.9079,	0.986071,	0.369777},
{33.2142,	0.989237,	0.394796},
{37.7655,	0.990684,	0.421066},
{42.736,	0.99195,	0.446835},
{48.0639,	0.993126,	0.472354},
{53.7636,	0.993849,	0.492745},
{59.5794,	0.994483,	0.510508},
{65.9487,	0.994302,	0.524018},
{72.0854,	0.994302,	0.534026},
{78.2951,	0.994302,	0.545034},
{84.3343,	0.99403,	0.551288},
{90.4855,	0.993578,	0.563423},
{97.3665,	0.99593,	0.582687},
{103.607,	0.995568,	0.587941},
{110.335,	0.994664,	0.597573},
{117.241,	0.995387,	0.604829},
{124.046,	0.994935,	0.602077},
{131.095,	0.994754,	0.603202},
{137.888,	0.994302,	0.612334},
{144.411,	0.994121,	0.614086},
{150.937,	0.995206,	0.617088},
{157.615,	0.994844,	0.624468},
{164.088,	0.994483,	0.629972},
{170.808,	0.995568,	0.633475},
{177.755,	0.99394,	0.639855},
{184.119,	0.993488,	0.64048},
{190.572,	0.993126,	0.643858},
{197.113,	0.992402,	0.645984},
{203.658,	0.992131,	0.65399},
{209.669,	0.99186,	0.660245},
{215.935,	0.991407,	0.668626},
{222.006,	0.990774,	0.667376},
{227.616,	0.98987,	0.669627},
{233.386,	0.988784,	0.675131},
{238.996,	0.989508,	0.680135},
{244.771,	0.989598,	0.684513},
{250.503,	0.989327,	0.690768},
{256.642,	0.990141,	0.69352},
{262.336,	0.988965,	0.690768},
{268.348,	0.98797,	0.693145},
{274.077,	0.988061,	0.700901},
{279.683,	0.987518,	0.705029},
{285.021,	0.987247,	0.709532},
{290.712,	0.98797,	0.718789},
{296.643,	0.987518,	0.717288},
{302.198,	0.987518,	0.721416},
{307.875,	0.985619,	0.723292},
{313.19,	0.987247,	0.727421},
{318.826,	0.986975,	0.728296},
{324.721,	0.987428,	0.730298},
{330.65,	0.987066,	0.73355},
{335.913,	0.98797,	0.737303},
{341.441,	0.984714,	0.737178},
{346.57,	0.984171,	0.736302},
{351.896,	0.986614,	0.741056},
{356.952,	0.985257,	0.743057},
{362.197,	0.986252,	0.747436},
{367.714,	0.98589,	0.750313},
{373.026,	0.984171,	0.74656},
{378.395,	0.984714,	0.749312},
{383.371,	0.983991,	0.751063},
{388.6,	0.984624,	0.751939},
{393.695,	0.983991,	0.75344},
{398.623,	0.983086,	0.758319},
{403.974,	0.983538,	0.76057},
{408.866,	0.982453,	0.760195},
{413.866,	0.983357,	0.758819},
{418.928,	0.983448,	0.757443},
{423.579,	0.983177,	0.76007},
{428.455,	0.9839,	0.762322},
{433.43,	0.983629,	0.763573},
{438.393,	0.982001,	0.765824},
{443.213,	0.980644,	0.765574},
{448.146,	0.98182,	0.770328},
{452.946,	0.981368,	0.77283},
{457.712,	0.981729,	0.777083},
{462.407,	0.982001,	0.781211},
{466.964,	0.982634,	0.783838},
{471.782,	0.983086,	0.782462},
{476.792,	0.978835,	0.781586},
{481.354,	0.97992,	0.783963},
{485.905,	0.97983,	0.788091},
{490.207,	0.979649,	0.789842},
{494.731,	0.980734,	0.790093},
{499.016,	0.981458,	0.790968},
{503.43,	0.97992,	0.789467},
{507.886,	0.980644,	0.79297},
{512.791,	0.979649,	0.79397},
{517.536,	0.978654,	0.795347},
{522.095,	0.97983,	0.797223},
{526.701,	0.979649,	0.797348},
{531.199,	0.978473,	0.798724},
{535.671,	0.978292,	0.799099},
{540.097,	0.979649,	0.800475},
{544.455,	0.976483,	0.799224},
{548.513,	0.975398,	0.798724},
{552.742,	0.976845,	0.80035},
{557.031,	0.978383,	0.797598},
{560.916,	0.978745,	0.800475},
{565.068,	0.978021,	0.803853},
{569.08,	0.978111,	0.807981},
{573.075,	0.97585,	0.809857},
{577.588,	0.976031,	0.809232},
{581.977,	0.976031,	0.811734},
{586.156,	0.976302,	0.813485},
{590.11,	0.975488,	0.815236},
{594.28,	0.975488,	0.815362},
{598.476,	0.975488,	0.817863},
{602.636,	0.975398,	0.817113},
{606.775,	0.975941,	0.818989},
{611.011,	0.976122,	0.822492},
{615.366,	0.976936,	0.822992},
{619.77,	0.975669,	0.822367},
{624.368,	0.976212,	0.823493},
{628.669,	0.978745,	0.825744},
{632.881,	0.978564,	0.828872},
{637.278,	0.978473,	0.828747},
{641.525,	0.97585,	0.827996},
{645.741,	0.974946,	0.82712},
{649.806,	0.975217,	0.825994},
{653.975,	0.975217,	0.828872},
{658.193,	0.974041,	0.826495},
{662.443,	0.97377,	0.831374},
{666.656,	0.973137,	0.827245},
{670.607,	0.972051,	0.828747},
{674.338,	0.974132,	0.828747},
{678.34,	0.974313,	0.827996},
{682.342,	0.974493,	0.828496},
{686.229,	0.97576,	0.829622},
{690.421,	0.973499,	0.829122},
{694.243,	0.972775,	0.829122},
{698.25,	0.972685,	0.827371},
{701.915,	0.971509,	0.83275},
{705.843,	0.97187,	0.832124},
{709.515,	0.974041,	0.833125},
{713.739,	0.975308,	0.835627},
{717.902,	0.974765,	0.834501},
{722.105,	0.972775,	0.835251},
{726.207,	0.974493,	0.834376},
{729.873,	0.974313,	0.832875},
{733.814,	0.974584,	0.830873},
{738.093,	0.974041,	0.83275},
{742.143,	0.974584,	0.835752},
{746.211,	0.974041,	0.836002},
{750.207,	0.975127,	0.837378},
{754.304,	0.976393,	0.840756},
{758.362,	0.974946,	0.840005},
{762.28,	0.974584,	0.841756},
{766.283,	0.974222,	0.843633},
{770.254,	0.974313,	0.842632},
{774.12,	0.974403,	0.841131},
{777.724,	0.970604,	0.843132},
{781.727,	0.973046,	0.843883},
{785.533,	0.972413,	0.845384},
{789.333,	0.971599,	0.845259},
{792.928,	0.973046,	0.847511},
{796.67,	0.969338,	0.849012},
{800.769,	0.973046,	0.850638},
{804.754,	0.97169,	0.849762},
{808.451,	0.9697,	0.849387},
{812.223,	0.970966,	0.848386},
{816.082,	0.970876,	0.849137},
{819.834,	0.972413,	0.850763},
{823.748,	0.973046,	0.852139},
{827.565,	0.973318,	0.85364},
{831.38,	0.973227,	0.855266},
{835.417,	0.972413,	0.855141},
{839.179,	0.972956,	0.855266},
{842.982,	0.973318,	0.856017},
{846.689,	0.971418,	0.854641},
{850.345,	0.972323,	0.853515},
{854.039,	0.971509,	0.85389},
{857.626,	0.97187,	0.853265},
{861.336,	0.970604,	0.855642},
{865.2,	0.971237,	0.858269},
{869,	0.973679,	0.859269},
{872.977,	0.973589,	0.86002},
{876.881,	0.973318,	0.858769},
{880.704,	0.970785,	0.857893},
{884.221,	0.96979,	0.855892},
{887.796,	0.969247,	0.857268},
{891.382,	0.967981,	0.857268},
{894.79,	0.968433,	0.858019},
{898.413,	0.967258,	0.858769},
{901.862,	0.966715,	0.861271},
{905.156,	0.966172,	0.861146},
{908.512,	0.968524,	0.861396},
{912.019,	0.970876,	0.864523},
{915.47,	0.970785,	0.864023},
{918.952,	0.968524,	0.865649},
{922.414,	0.968072,	0.867651},
{925.768,	0.968614,	0.868651},
{929.223,	0.970695,	0.870653},
{933.131,	0.972232,	0.872529},
{936.936,	0.970062,	0.874406},
{940.43,	0.967981,	0.872279},
{943.954,	0.966986,	0.87378},
{947.462,	0.968795,	0.874656},
{950.96,	0.968343,	0.875532},
{954.694,	0.969519,	0.876407},
{958.117,	0.968524,	0.877158},
{961.767,	0.968524,	0.877533},
{965.569,	0.970152,	0.876783},
{968.918,	0.968162,	0.875532},
{972.449,	0.97178,	0.876908},
{976.046,	0.970333,	0.877283},
{979.669,	0.968886,	0.877158},
{983.272,	0.970062,	0.875657},
{986.919,	0.969428,	0.876908},
{990.576,	0.970785,	0.877033},
{994.182,	0.969157,	0.877783},
{997.679,	0.966986,	0.874906},
{1001.37,	0.9697,	0.878159},
{1005.27,	0.971418,	0.88016},
{1008.94,	0.970152,	0.878909},
{1012.62,	0.969519,	0.877033},
{1016.1,	0.967258,	0.876032},
{1019.6,	0.968524,	0.875782},
{1023.15,	0.970242,	0.876783},
{1026.54,	0.968705,	0.876783},
{1029.99,	0.9697,	0.877408},
{1033.48,	0.969519,	0.877908},
{1036.9,	0.969338,	0.878784},
{1040.4,	0.970604,	0.879159},
{1044.1,	0.969428,	0.877533},
{1048.02,	0.970423,	0.878284},
{1051.55,	0.970514,	0.876407},
{1055.15,	0.969428,	0.877783},
{1058.79,	0.968614,	0.878909},
{1062.31,	0.968976,	0.876657},
{1065.81,	0.969338,	0.875782},
{1069.21,	0.968524,	0.874156},
{1072.83,	0.970514,	0.875407},
{1076.36,	0.968162,	0.874531},
{1079.83,	0.969428,	0.874656},
{1083.26,	0.967258,	0.874781},
{1086.76,	0.967619,	0.875782},
{1090.22,	0.9678,	0.874406},
{1093.57,	0.967529,	0.877158},
{1097.1,	0.969519,	0.877783},
{1100.77,	0.970423,	0.879785},
{1104.16,	0.970966,	0.881036},
{1107.59,	0.969338,	0.883663},
{1111.24,	0.968343,	0.882662},
{1114.69,	0.967891,	0.884163},
{1118.26,	0.969519,	0.883538},
{1121.86,	0.967529,	0.884288},
{1125.19,	0.969157,	0.88654},
{1128.65,	0.966896,	0.885914},
{1132.19,	0.968524,	0.886665},
{1135.57,	0.967619,	0.887416},
{1138.92,	0.966805,	0.888416},
{1142.4,	0.966715,	0.88729},
{1145.7,	0.966444,	0.887416},
{1149.06,	0.966896,	0.889417},
{1152.58,	0.966986,	0.889167},
{1155.78,	0.967981,	0.889792},
{1159.09,	0.965087,	0.888416},
{1162.34,	0.966444,	0.888166},
{1165.63,	0.964544,	0.88654},
{1168.91,	0.965268,	0.887916},
{1172.11,	0.963097,	0.890168},
{1175.28,	0.96373,	0.889917},
{1178.37,	0.966082,	0.889667},
{1181.59,	0.96581,	0.891419},
{1184.69,	0.965268,	0.891043},
{1187.93,	0.967167,	0.891919},
{1191.34,	0.965449,	0.894546},
{1194.54,	0.967077,	0.895171},
{1197.9,	0.968795,	0.896422},
{1201.02,	0.968253,	0.896798},
{1204.05,	0.962464,	0.895296},
{1207.02,	0.964544,	0.895797},
{1210.06,	0.964454,	0.896297},
{1213.26,	0.964454,	0.895922},
{1216.25,	0.964996,	0.897048},
{1219.54,	0.966624,	0.899299},
{1222.88,	0.964725,	0.898174},
{1226.07,	0.963278,	0.897548},
{1229.44,	0.964454,	0.897923},
{1232.65,	0.964815,	0.898424},
{1235.79,	0.966172,	0.896422},
{1238.71,	0.965358,	0.897923},
{1241.88,	0.966986,	0.899174},
{1245.13,	0.966263,	0.898299},
{1248.3,	0.966534,	0.898174},
{1251.33,	0.964544,	0.898799},
{1254.47,	0.963368,	0.898299},
{1257.49,	0.965539,	0.897923},
{1260.57,	0.966805,	0.8998},
{1263.75,	0.965087,	0.900926},
{1266.87,	0.963459,	0.902427},
{1270.13,	0.965358,	0.901926},
{1273.37,	0.966986,	0.901051},
{1276.5,	0.96364,	0.901301},
{1279.66,	0.966805,	0.901801},
{1282.79,	0.964454,	0.901051},
{1286.09,	0.96364,	0.90055},
{1289.11,	0.962283,	0.899049},
{1292.21,	0.964363,	0.899675},
{1295.31,	0.963368,	0.898424},
{1298.45,	0.965268,	0.899925},
{1301.61,	0.96563,	0.900425},
{1304.75,	0.963821,	0.899925},
{1307.86,	0.962192,	0.899299},
{1310.87,	0.966624,	0.900676},
{1313.94,	0.964815,	0.902802},
{1317.03,	0.965177,	0.902802},
{1320.23,	0.964906,	0.904804},
{1323.6,	0.965991,	0.904553},
{1326.85,	0.962373,	0.903803},
{1329.7,	0.961921,	0.903928},
{1332.72,	0.962826,	0.904428},
{1335.64,	0.962464,	0.904178},
{1338.62,	0.962645,	0.904303},
{1341.53,	0.96364,	0.904929},
{1344.54,	0.960926,	0.905179},
{1347.78,	0.963278,	0.903803},
{1350.76,	0.962012,	0.904303},
{1353.72,	0.962826,	0.905304},
{1356.71,	0.965087,	0.906555},
{1359.73,	0.963549,	0.904303},
{1362.87,	0.962735,	0.903928},
{1366.03,	0.960926,	0.903678},
{1369.09,	0.96165,	0.902677},
{1372.17,	0.962012,	0.903553},
{1375.2,	0.96165,	0.903177},
{1378.17,	0.963187,	0.905429},
{1381.22,	0.964544,	0.906555},
{1384.22,	0.964996,	0.906055},
{1387.34,	0.963278,	0.906305},
{1390.41,	0.964454,	0.905679},
{1393.41,	0.962645,	0.905679},
{1396.37,	0.963187,	0.907806},
{1399.4,	0.963368,	0.908807},
{1402.47,	0.962192,	0.909807},
{1405.54,	0.962464,	0.909557},
{1408.61,	0.962916,	0.912059},
{1411.58,	0.965358,	0.912434},
{1414.67,	0.962283,	0.91281},
{1417.8,	0.961198,	0.913185},
{1420.92,	0.964635,	0.914436},
{1424.14,	0.964182,	0.914061},
{1427.2,	0.964725,	0.913685},
{1430.29,	0.963549,	0.91331},
{1433.33,	0.962283,	0.912184},
{1436.42,	0.963549,	0.915311},
{1439.48,	0.961831,	0.915562},
{1442.54,	0.960745,	0.91306},
{1445.53,	0.961469,	0.912685},
{1448.54,	0.961288,	0.91281},
{1451.51,	0.966082,	0.91381},
{1454.59,	0.964454,	0.91331},
{1457.6,	0.963097,	0.911684},
{1460.54,	0.962283,	0.911183},
{1463.48,	0.963459,	0.912184},
{1466.44,	0.964092,	0.912685},
{1469.32,	0.962735,	0.912309},
{1472.28,	0.96165,	0.912935},
{1475.27,	0.963187,	0.913435},
{1478.28,	0.96174,	0.914186},
{1481.27,	0.959841,	0.91356},
{1484.23,	0.962373,	0.915186},
{1487.43,	0.965087,	0.916813},
{1490.64,	0.966534,	0.918064},
{1494.02,	0.967258,	0.918689},
{1497.28,	0.964815,	0.917188},
{1500.43,	0.962916,	0.917438},
{1503.54,	0.965449,	0.916562},
{1506.8,	0.965177,	0.917063},
{1509.92,	0.963821,	0.918439},
{1513.06,	0.964273,	0.919189},
{1516.13,	0.965087,	0.918439},
{1519.27,	0.963821,	0.917813},
{1522.47,	0.965177,	0.919815},
{1525.52,	0.964092,	0.918314},
{1528.68,	0.964544,	0.919565},
{1531.82,	0.964544,	0.91944},
{1534.82,	0.962735,	0.91969},
{1537.87,	0.964092,	0.919314},
{1541.02,	0.963097,	0.918689},
{1544.06,	0.96373,	0.918564},
{1547.08,	0.966715,	0.920691},
{1550.02,	0.964182,	0.920065},
{1552.81,	0.962373,	0.920315},
{1555.65,	0.963097,	0.920065},
{1558.73,	0.963097,	0.919815},
{1561.69,	0.96563,	0.920941},
{1564.66,	0.963278,	0.921066},
{1567.67,	0.965177,	0.920691},
{1570.7,	0.962102,	0.92044},
{1573.66,	0.960926,	0.918814},
{1576.61,	0.958665,	0.919064},
{1579.42,	0.958303,	0.917563},
{1582.23,	0.960474,	0.918564},
{1585.05,	0.959389,	0.918689},
{1588.02,	0.960474,	0.918939},
{1591.03,	0.961378,	0.919064},
{1594.06,	0.961198,	0.919815},
{1597.19,	0.964182,	0.919565},
{1600.23,	0.962464,	0.919565},
{1603.03,	0.961559,	0.919064},
{1605.89,	0.960474,	0.920315},
{1608.94,	0.961559,	0.91994},
{1611.94,	0.962464,	0.920565},
{1614.94,	0.960474,	0.921816},
{1617.97,	0.959117,	0.923568},
{1620.95,	0.960745,	0.922567},
{1623.91,	0.95966,	0.922317},
{1626.86,	0.961469,	0.922692},
{1629.8,	0.960926,	0.922442},
{1632.64,	0.962373,	0.923693},
{1635.49,	0.962012,	0.922567},
{1638.33,	0.958755,	0.923192},
{1641.16,	0.960203,	0.923943},
{1643.92,	0.959931,	0.926195},
{1646.87,	0.964001,	0.928446},
{1649.76,	0.963278,	0.929822},
{1652.83,	0.964635,	0.929197},
{1655.93,	0.96174,	0.930073},
{1658.89,	0.962735,	0.928321},
{1661.81,	0.960293,	0.927195},
{1664.81,	0.961831,	0.926695},
{1667.65,	0.958936,	0.92732},
{1670.34,	0.959117,	0.92732},
{1673.16,	0.95966,	0.928196},
{1676.02,	0.958575,	0.928071},
{1678.89,	0.960926,	0.927946},
{1681.8,	0.959117,	0.92707},
{1684.73,	0.957941,	0.925444},
{1687.39,	0.958303,	0.925694},
{1690.2,	0.95966,	0.925444},
{1692.91,	0.958755,	0.92607},
{1695.63,	0.95568,	0.92657},
{1698.47,	0.963459,	0.927571},
{1701.27,	0.960022,	0.926945},
{1704.12,	0.961288,	0.927696},
{1706.86,	0.962283,	0.928571},
{1709.64,	0.962464,	0.928571},
{1712.41,	0.960474,	0.928822},
{1715.01,	0.963459,	0.929822},
{1717.89,	0.960745,	0.930573},
{1720.75,	0.961017,	0.930448},
{1723.42,	0.958575,	0.930198},
{1726.16,	0.957308,	0.930323},
{1728.93,	0.958032,	0.929447},
{1731.64,	0.961288,	0.930448},
{1734.29,	0.95975,	0.930823},
{1737.29,	0.960564,	0.931824},
{1740.13,	0.960564,	0.931449},
{1742.92,	0.959841,	0.931198},
{1745.62,	0.957489,	0.930198},
{1748.13,	0.958213,	0.930448},
{1750.82,	0.958846,	0.931323},
{1753.64,	0.959841,	0.930948},
{1756.42,	0.959479,	0.930198},
{1759.08,	0.959931,	0.930198},
{1761.85,	0.958213,	0.929947},
{1764.66,	0.958213,	0.930198},
{1767.41,	0.958394,	0.930698},
{1770.07,	0.959389,	0.931824},
{1772.82,	0.963821,	0.932324},
{1775.61,	0.96174,	0.931449},
{1778.33,	0.962826,	0.930948},
{1780.98,	0.958665,	0.931073},
{1783.48,	0.956585,	0.931323},
{1786.16,	0.956313,	0.932574},
{1788.78,	0.956404,	0.932324},
{1791.35,	0.958665,	0.931949},
{1794.09,	0.958846,	0.931699},
{1796.88,	0.957037,	0.932074},
{1799.57,	0.959208,	0.931073},
{1802.34,	0.960655,	0.931574},
{1805.21,	0.960112,	0.932574},
{1807.97,	0.960384,	0.931949},
{1810.79,	0.959931,	0.9327},
{1813.49,	0.958394,	0.931824},
{1816.24,	0.960564,	0.931824},
{1818.93,	0.961378,	0.932074},
{1821.65,	0.962012,	0.932825},
{1824.42,	0.960293,	0.932574},
{1827.14,	0.959389,	0.932825},
{1829.78,	0.960384,	0.934701},
{1832.46,	0.957851,	0.93395},
{1835.24,	0.955861,	0.93395},
{1838.07,	0.959117,	0.935952},
{1840.95,	0.959389,	0.934201},
{1843.68,	0.959208,	0.934701},
{1846.47,	0.958213,	0.9327},
{1849.13,	0.956766,	0.932449},
{1851.86,	0.956946,	0.931574},
{1854.38,	0.956675,	0.932074},
{1856.96,	0.95758,	0.93295},
{1859.64,	0.954233,	0.932825},
{1862.24,	0.9536,	0.9327},
{1864.89,	0.956766,	0.9332},
{1867.59,	0.95758,	0.93345},
{1870.29,	0.954866,	0.93395},
{1872.85,	0.954414,	0.933825},
{1875.4,	0.953871,	0.934201},
{1877.99,	0.958303,	0.934576},
{1880.48,	0.955409,	0.934701},
{1883.03,	0.958213,	0.935577},
{1885.78,	0.959389,	0.936202},
{1888.33,	0.956404,	0.938204},
{1891.04,	0.958213,	0.938454},
{1893.59,	0.957941,	0.937453},
{1896.26,	0.958213,	0.938954},
{1898.9,	0.956675,	0.937578},
{1901.52,	0.958303,	0.937203},
{1904.28,	0.959389,	0.938079},
{1907.04,	0.95975,	0.938204},
{1909.84,	0.958755,	0.93983},
{1912.67,	0.956223,	0.938579},
{1915.21,	0.953238,	0.938204},
{1917.65,	0.95767,	0.939329},
{1920.35,	0.95767,	0.939955},
{1923.07,	0.958213,	0.939705},
{1925.7,	0.955137,	0.939204},
{1928.4,	0.95776,	0.93983},
{1931.03,	0.958032,	0.93983},
{1933.81,	0.959208,	0.939329},
{1936.56,	0.95975,	0.938704},
{1939.21,	0.960655,	0.938329},
{1941.96,	0.958846,	0.936953},
{1944.71,	0.957127,	0.936452},
{1947.32,	0.95559,	0.936077},
{1949.88,	0.954414,	0.936452},
{1952.59,	0.9536,	0.937328},
{1955.12,	0.957037,	0.937953},
{1957.75,	0.955228,	0.938079},
{1960.36,	0.957308,	0.939329},
{1963.03,	0.95568,	0.94033},
{1965.68,	0.955861,	0.939705},
{1968.17,	0.957489,	0.939079},
{1970.81,	0.954143,	0.938454},
{1973.34,	0.956675,	0.938829},
{1975.84,	0.956494,	0.939455},
{1978.36,	0.955861,	0.939455},
{1981.12,	0.954957,	0.939705},
{1983.7,	0.955228,	0.938579},
{1986.29,	0.958032,	0.93958},
{1988.87,	0.953148,	0.939204},
{1991.48,	0.956585,	0.94033},
{1994.13,	0.956494,	0.939455},
{1996.97,	0.960384,	0.938454},
{1999.65,	0.957037,	0.937953},
{2002.28,	0.957399,	0.939079},
{2004.88,	0.95559,	0.938454},
{2007.46,	0.958032,	0.94033},
{2010.16,	0.959569,	0.939705},
{2012.8,	0.957308,	0.939204},
{2015.4,	0.958303,	0.94008},
{2018.05,	0.956223,	0.939455},
{2020.55,	0.956313,	0.938829},
{2023.14,	0.955952,	0.939204},
{2025.75,	0.956404,	0.94008},
{2028.35,	0.955952,	0.93958},
{2030.91,	0.95559,	0.939329},
{2033.41,	0.953509,	0.94033},
{2035.87,	0.957127,	0.940956},
{2038.36,	0.955137,	0.94058},
{2040.85,	0.955409,	0.94058},
{2043.33,	0.955137,	0.940831},
{2045.96,	0.954595,	0.94008},
{2048.55,	0.957218,	0.939204},
{2051.14,	0.954595,	0.939455},
{2053.67,	0.957851,	0.940205},
{2056.33,	0.959298,	0.939705},
{2058.98,	0.95966,	0.93983},
{2061.56,	0.957127,	0.940205},
{2063.99,	0.955861,	0.939705},
{2066.68,	0.956494,	0.940455},
{2069.25,	0.955771,	0.939955},
{2071.74,	0.955499,	0.941331},
{2074.21,	0.954685,	0.941206},
{2076.88,	0.956313,	0.941081},
{2079.25,	0.953871,	0.941331},
{2081.92,	0.957218,	0.941706},
{2084.46,	0.954776,	0.940831},
{2087,	0.955228,	0.941581},
{2089.56,	0.956313,	0.941331},
{2092.13,	0.955409,	0.941581},
{2094.62,	0.954052,	0.942582},
{2097.14,	0.952967,	0.941581},
{2099.79,	0.956313,	0.942457},
{2102.34,	0.955047,	0.943958},
{2104.95,	0.957218,	0.942832},
{2107.61,	0.952786,	0.942457},
{2110.01,	0.956856,	0.942332},
{2112.7,	0.957127,	0.943458},
{2115.23,	0.954504,	0.943708},
{2117.87,	0.95767,	0.944208},
{2120.57,	0.95966,	0.944333},
{2123.38,	0.956766,	0.945334},
{2125.96,	0.956132,	0.945209},
{2128.56,	0.956132,	0.945334},
{2131.27,	0.956042,	0.944458},
{2133.99,	0.954776,	0.944709},
{2136.59,	0.956766,	0.944583},
{2139.23,	0.955771,	0.94621},
{2141.85,	0.95758,	0.945834},
{2144.49,	0.960293,	0.94646},
{2147.06,	0.95758,	0.94646},
{2149.87,	0.957399,	0.946835},
{2152.55,	0.961559,	0.948086},
{2155.21,	0.959027,	0.946835},
{2157.86,	0.957218,	0.94621},
{2160.47,	0.960203,	0.946835},
{2163.16,	0.95767,	0.947711},
{2165.84,	0.958394,	0.947961},
{2168.44,	0.958122,	0.947336},
{2171.16,	0.958303,	0.94721},
{2173.8,	0.954957,	0.94721},
{2176.39,	0.956132,	0.948461},
{2178.87,	0.952876,	0.948336},
{2181.58,	0.953871,	0.948712},
{2184.21,	0.956946,	0.948461},
{2186.81,	0.954143,	0.948211},
{2189.52,	0.957851,	0.948712},
{2192.06,	0.955228,	0.94721},
{2194.57,	0.956404,	0.94671},
{2197.05,	0.953419,	0.94621},
{2199.74,	0.955861,	0.945709},
{2202.18,	0.955952,	0.945709},
{2204.79,	0.955771,	0.946085},
{2207.5,	0.956946,	0.94696},
{2210.12,	0.958032,	0.946085},
{2212.79,	0.956675,	0.945084},
{2215.31,	0.958665,	0.946585},
{2217.89,	0.957399,	0.946835},
{2220.46,	0.954595,	0.947085},
{2223.02,	0.954052,	0.947711},
{2225.65,	0.953419,	0.948461},
{2228.08,	0.953781,	0.948211},
{2230.59,	0.952967,	0.947711},
{2232.99,	0.954414,	0.948586},
{2235.55,	0.955137,	0.949337},
{2238.13,	0.958032,	0.949462},
{2240.73,	0.958484,	0.949962},
{2243.33,	0.95559,	0.949837},
{2245.97,	0.957941,	0.950338},
{2248.63,	0.958213,	0.950838},
{2251.35,	0.955952,	0.950963},
{2253.78,	0.95568,	0.950963},
{2256.27,	0.954866,	0.951213},
{2258.94,	0.954957,	0.949337},
{2261.51,	0.956042,	0.949462},
{2264,	0.95758,	0.949712},
{2266.69,	0.959931,	0.949837},
{2269.27,	0.955318,	0.949087},
{2271.73,	0.956585,	0.949337},
{2274.2,	0.954776,	0.949087},
{2276.84,	0.955861,	0.949212},
{2279.45,	0.953238,	0.948962},
{2281.96,	0.957399,	0.949087},
{2284.52,	0.958484,	0.950963},
{2287.24,	0.95966,	0.950588},
{2290.02,	0.958846,	0.949712},
{2292.71,	0.95559,	0.950213},
{2295.35,	0.956132,	0.949587},
{2297.94,	0.957127,	0.949587},
{2300.6,	0.959569,	0.950088},
{2303.46,	0.961559,	0.950338},
{2306.24,	0.957941,	0.950088},
{2308.94,	0.957308,	0.949962},
{2311.49,	0.958575,	0.951088},
{2314.16,	0.954595,	0.950838},
{2316.86,	0.95758,	0.952965},
{2319.63,	0.958032,	0.952464},
{2322.29,	0.958213,	0.95284},
{2325,	0.957851,	0.952089},
{2327.58,	0.956766,	0.952339},
{2330.34,	0.956946,	0.951964},
{2333,	0.958303,	0.952339},
{2335.56,	0.957127,	0.951714},
{2338.11,	0.957127,	0.950588},
{2340.7,	0.956675,	0.951088},
{2343.43,	0.957218,	0.951339},
{2346.12,	0.957308,	0.950713},
{2348.82,	0.958936,	0.951213},
{2351.48,	0.957308,	0.951464},
{2354.26,	0.958755,	0.951589},
{2356.95,	0.959389,	0.951589},
{2359.59,	0.955771,	0.951339},
{2362.22,	0.955318,	0.951339},
{2364.78,	0.954595,	0.951213},
{2367.43,	0.955952,	0.951964},
{2370.11,	0.956946,	0.952339},
{2372.68,	0.957218,	0.95284},
{2375.43,	0.957851,	0.952464},
{2377.99,	0.95369,	0.952089},
{2380.64,	0.955137,	0.951964},
{2383.26,	0.9536,	0.951589},
{2385.76,	0.955499,	0.951088},
{2388.42,	0.955499,	0.952589},
{2391.04,	0.959027,	0.95309},
{2393.58,	0.956675,	0.952965},
{2396.08,	0.957399,	0.952339},
{2398.62,	0.956313,	0.952589},
{2401.29,	0.957218,	0.951589},
{2404.1,	0.95767,	0.952339},
{2406.93,	0.954776,	0.951589},
{2409.61,	0.956494,	0.952214},
{2412.2,	0.955952,	0.951964},
{2414.83,	0.956494,	0.952589},
{2417.3,	0.956675,	0.952214},
{2420.06,	0.95568,	0.951839},
{2422.63,	0.954685,	0.951589},
{2425.15,	0.957218,	0.951088},
{2427.75,	0.954776,	0.952089},
{2430.32,	0.957037,	0.951088},
{2432.91,	0.958846,	0.951088},
{2435.49,	0.955952,	0.950213},
{2438.11,	0.958122,	0.950463},
{2440.82,	0.955228,	0.951589},
{2443.52,	0.957489,	0.950963},
{2446.05,	0.958122,	0.952089},
{2448.51,	0.954504,	0.951213},
{2451.04,	0.951158,	0.950463},
{2453.54,	0.956494,	0.950713},
{2456.11,	0.955499,	0.950463},
{2458.6,	0.953419,	0.950088},
{2461.06,	0.954685,	0.950713},
{2463.51,	0.954957,	0.950713},
{2465.99,	0.95568,	0.950338},
{2468.65,	0.953871,	0.950088},
{2471.22,	0.954957,	0.950088},
{2473.71,	0.953509,	0.950713},
{2476.32,	0.953871,	0.950713},
{2478.91,	0.95568,	0.950463},
{2481.49,	0.957127,	0.950338},
{2484.01,	0.950705,	0.951589},
{2486.46,	0.954414,	0.951088},
{2488.99,	0.952967,	0.950838},
{2491.53,	0.954143,	0.950838},
{2494.08,	0.955047,	0.952089},
{2496.71,	0.956494,	0.952089},
{2499.18,	0.955499,	0.951464},
{2501.64,	0.953871,	0.952339},
{2504.07,	0.953057,	0.952214},
{2506.49,	0.951429,	0.952965},
{2508.98,	0.95559,	0.952965},
{2511.5,	0.953781,	0.953715},
{2514,	0.955137,	0.95334},
{2516.48,	0.956766,	0.953715},
{2519.21,	0.955409,	0.95334},
{2521.85,	0.953057,	0.953965},
{2524.37,	0.956675,	0.953715},
{2526.92,	0.956404,	0.953215},
{2529.52,	0.955771,	0.952464},
{2531.99,	0.952786,	0.954216},
{2534.36,	0.956223,	0.954466},
{2536.91,	0.951791,	0.954341},
{2539.32,	0.952605,	0.955216},
{2541.89,	0.954323,	0.955091},
{2544.34,	0.954685,	0.955091},
{2546.78,	0.953057,	0.954966},
{2549.22,	0.953871,	0.954966},
{2551.84,	0.956494,	0.954716},
{2554.33,	0.954143,	0.955216},
{2556.77,	0.953871,	0.954841},
{2559.35,	0.954233,	0.955342},
{2562.03,	0.95568,	0.955967},
{2564.7,	0.954776,	0.955216},
{2567.3,	0.953148,	0.953965},
{2569.68,	0.95161,	0.95284},
{2572.28,	0.957127,	0.95359},
{2574.97,	0.955409,	0.954716},
{2577.65,	0.956223,	0.954591},
{2580.16,	0.955137,	0.954716},
{2582.74,	0.955499,	0.95359},
{2585.29,	0.95568,	0.95309},
{2587.87,	0.955952,	0.953965},
{2590.48,	0.952695,	0.953465},
{2593.06,	0.9517,	0.952965},
{2595.37,	0.950434,	0.952715},
{2597.88,	0.955047,	0.953965},
{2600.32,	0.953057,	0.95334},
{2602.82,	0.952424,	0.952589},
{2605.31,	0.952605,	0.952589},
{2607.8,	0.955318,	0.95284},
{2610.36,	0.954685,	0.952339},
{2612.77,	0.954323,	0.952464},
{2615.36,	0.955137,	0.952339},
{2617.72,	0.954504,	0.951213},
{2620.07,	0.953419,	0.951589},
{2622.5,	0.954414,	0.952589},
{2625.06,	0.957037,	0.951714},
{2627.5,	0.954776,	0.951964},
{2630.12,	0.951972,	0.952214},
{2632.71,	0.955137,	0.952089},
{2635.27,	0.954504,	0.952965},
{2637.97,	0.954052,	0.95284},
{2640.36,	0.953419,	0.95384},
{2642.68,	0.952243,	0.95359},
{2644.97,	0.952695,	0.953715},
{2647.52,	0.9517,	0.955091},
{2649.95,	0.953329,	0.954591},
{2652.27,	0.954143,	0.955592},
{2654.9,	0.955047,	0.954716},
{2657.39,	0.953781,	0.954091},
{2659.99,	0.952153,	0.954341},
{2662.58,	0.956946,	0.95359},
{2665.12,	0.955499,	0.953465},
{2667.92,	0.954685,	0.953965},
{2670.48,	0.956404,	0.955216},
{2673.09,	0.958213,	0.955091},
{2675.62,	0.955409,	0.954091},
{2678.11,	0.953148,	0.952965},
{2680.54,	0.954233,	0.952589},
{2683.06,	0.953871,	0.952214},
{2685.5,	0.953962,	0.952214},
{2687.9,	0.953057,	0.952715},
{2690.4,	0.952424,	0.952339},
{2692.73,	0.94953,	0.952339},
{2695.01,	0.954052,	0.952339},
{2697.43,	0.955409,	0.95284},
{2699.91,	0.955409,	0.95309},
{2702.32,	0.955228,	0.95284},
{2704.82,	0.952605,	0.952089},
{2707.18,	0.954143,	0.953215},
{2709.64,	0.957127,	0.953215},
{2712.11,	0.953238,	0.95309},
{2714.52,	0.952243,	0.952715},
{2716.81,	0.953329,	0.95359},
{2719.14,	0.952514,	0.953715},
{2721.68,	0.950434,	0.954466},
{2723.93,	0.952153,	0.954716},
{2726.44,	0.952153,	0.954716},
{2728.95,	0.94953,	0.954966},
{2731.3,	0.94953,	0.955592},
{2733.67,	0.952876,	0.955717},
{2736.12,	0.952153,	0.956092},
{2738.69,	0.951067,	0.955717},
{2741.19,	0.953871,	0.955342},
{2743.49,	0.953781,	0.955717},
{2745.93,	0.953509,	0.956342},
{2748.43,	0.952153,	0.955717},
{2750.9,	0.954595,	0.955592},
{2753.27,	0.95559,	0.954966},
{2755.65,	0.953238,	0.954341},
{2758.15,	0.954685,	0.954466},
{2760.66,	0.954504,	0.955467},
{2763.04,	0.954414,	0.957093},
{2765.43,	0.954776,	0.956592},
{2767.82,	0.953962,	0.956217},
{2770.31,	0.953962,	0.956718},
{2772.87,	0.952605,	0.955592},
{2775.21,	0.949801,	0.956217},
{2777.64,	0.952243,	0.955842},
{2779.91,	0.950886,	0.956592},
{2782.16,	0.952243,	0.956843},
{2784.57,	0.952876,	0.956718},
{2786.89,	0.954776,	0.957593},
{2789.32,	0.954414,	0.957468},
{2791.81,	0.955771,	0.957718},
{2794.33,	0.955137,	0.956718},
{2796.74,	0.954233,	0.957718},
{2799.25,	0.954414,	0.958094},
{2801.64,	0.956313,	0.959094},
{2804.17,	0.956132,	0.958719},
{2806.7,	0.954052,	0.959094},
{2809.09,	0.954866,	0.958969},
{2811.49,	0.956313,	0.959094},
{2814,	0.952695,	0.958594},
{2816.36,	0.952062,	0.958469},
{2818.89,	0.952062,	0.958844},
{2821.48,	0.955499,	0.958594},
{2824.01,	0.952876,	0.958969},
{2826.32,	0.9517,	0.958969},
{2828.73,	0.951339,	0.959845},
{2831.1,	0.952605,	0.959595},
{2833.6,	0.956946,	0.960595},
{2835.97,	0.954504,	0.960971},
{2838.53,	0.956223,	0.959595},
{2840.91,	0.954414,	0.960345},
{2843.31,	0.956494,	0.960971},
{2845.82,	0.954504,	0.96022},
{2848.22,	0.955861,	0.960095},
{2850.82,	0.95559,	0.960721},
{2853.35,	0.956313,	0.960846},
{2855.99,	0.955861,	0.961221},
{2858.51,	0.955409,	0.961721},
{2861.05,	0.95568,	0.961471},
{2863.71,	0.954595,	0.96022},
{2866.13,	0.954143,	0.95997},
{2868.65,	0.954595,	0.960095},
{2871.21,	0.956585,	0.960595},
{2873.8,	0.955228,	0.959595},
{2876.2,	0.95568,	0.959845},
{2878.77,	0.954323,	0.96047},
{2881.22,	0.954595,	0.960595},
{2883.64,	0.951791,	0.96047},
{2886.29,	0.952786,	0.96022},
{2888.77,	0.952605,	0.960345},
{2891.22,	0.952605,	0.960721},
{2893.54,	0.954595,	0.96047},
{2895.91,	0.954233,	0.960721},
{2898.44,	0.956675,	0.960721},
{2900.91,	0.954866,	0.961096},
{2903.34,	0.953509,	0.961596},
{2905.89,	0.953238,	0.961596},
{2908.3,	0.953781,	0.961096},
{2910.69,	0.954414,	0.960971},
{2913.09,	0.958303,	0.960846},
{2915.67,	0.955952,	0.961221},
{2918.31,	0.957851,	0.961596},
{2920.96,	0.955137,	0.961846},
{2923.5,	0.956132,	0.962097},
{2925.95,	0.957218,	0.961721},
{2928.43,	0.953781,	0.96047},
{2931.14,	0.954143,	0.961221},
{2933.71,	0.956494,	0.961096},
{2936.14,	0.955318,	0.960721},
{2938.74,	0.956494,	0.961346},
{2941.29,	0.954143,	0.961596},
{2943.87,	0.956132,	0.962472},
{2946.33,	0.951972,	0.961971},
{2948.76,	0.954233,	0.961971},
{2951.31,	0.95152,	0.961471},
{2953.86,	0.954233,	0.961846},
{2956.37,	0.954143,	0.961346},
{2958.84,	0.954052,	0.961846},
{2961.39,	0.954866,	0.961471},
{2963.73,	0.954052,	0.961471},
{2966.25,	0.954866,	0.961846},
{2968.74,	0.954504,	0.961596},
{2971.34,	0.956313,	0.961846},
{2973.94,	0.95559,	0.961971},
{2976.33,	0.953509,	0.962472},
{2978.81,	0.953238,	0.961596},
{2981.34,	0.956042,	0.961596},
{2983.77,	0.956223,	0.961471},
{2986.31,	0.954685,	0.961346},
{2988.9,	0.954414,	0.961096},
{2991.22,	0.955137,	0.960095},
{2993.69,	0.953509,	0.960095},
{2996.1,	0.953419,	0.960345},
{2998.57,	0.952605,	0.960721},
{3001.02,	0.952153,	0.959845},
{3003.36,	0.954957,	0.960345},
{3005.87,	0.952605,	0.961346},
{3008.45,	0.95568,	0.961221},
{3011.02,	0.956042,	0.962222},
{3013.5,	0.955137,	0.962222},
{3015.99,	0.954776,	0.961721},
{3018.38,	0.953962,	0.960846},
{3020.81,	0.952062,	0.961221},
{3023.31,	0.953509,	0.959845},
{3025.73,	0.954595,	0.960345},
{3028.24,	0.953871,	0.95997},
{3030.65,	0.955047,	0.959345},
{3033.07,	0.950886,	0.958594},
{3035.4,	0.955047,	0.95947},
{3037.72,	0.951791,	0.95972},
{3040.2,	0.95369,	0.959595},
{3042.57,	0.953509,	0.95997},
{3045.05,	0.954504,	0.959219},
{3047.48,	0.955318,	0.96047},
{3050.06,	0.954414,	0.960595},
{3052.54,	0.954143,	0.96047},
{3055.05,	0.952967,	0.960345},
{3057.45,	0.955499,	0.960721},
{3059.91,	0.955952,	0.961096},
{3062.23,	0.9536,	0.960721},
{3064.59,	0.9517,	0.96022},
{3066.94,	0.950977,	0.959595},
{3069.22,	0.954233,	0.960721},
{3071.8,	0.952334,	0.961096},
{3074.3,	0.954233,	0.961096},
{3076.75,	0.953238,	0.96047},
{3079.37,	0.954957,	0.95972},
{3081.75,	0.95369,	0.960345},
{3084.23,	0.954414,	0.96047},
{3086.89,	0.953238,	0.961221},
{3089.32,	0.951067,	0.961346},
{3091.74,	0.951429,	0.962347},
{3094.2,	0.955952,	0.960971},
{3096.63,	0.955499,	0.960846},
{3099.13,	0.956585,	0.961596},
{3101.81,	0.955861,	0.960846},
{3104.25,	0.954866,	0.961096},
{3106.74,	0.953871,	0.960971},
{3109.29,	0.954957,	0.961596},
{3111.86,	0.956132,	0.961846},
{3114.32,	0.953871,	0.962222},
{3116.73,	0.948716,	0.960846},
{3119.06,	0.951339,	0.960846},
{3121.51,	0.952153,	0.961596},
{3123.89,	0.954052,	0.962222},
{3126.39,	0.954776,	0.961471},
{3128.91,	0.951881,	0.962597},
{3131.37,	0.954052,	0.962972},
{3133.9,	0.953329,	0.962847},
{3136.3,	0.954504,	0.962972},
{3138.73,	0.95161,	0.961971},
{3141.26,	0.948354,	0.961971},
{3143.66,	0.953148,	0.961471},
{3146.06,	0.953871,	0.961846},
{3148.7,	0.952695,	0.961096},
{3151.07,	0.952334,	0.962722},
{3153.38,	0.952334,	0.962222},
{3155.68,	0.954685,	0.961221},
{3158.06,	0.957127,	0.961346},
{3160.62,	0.954776,	0.961846},
{3163.18,	0.955318,	0.962347},
{3165.76,	0.956042,	0.962222},
{3168.2,	0.955409,	0.962222},
{3170.59,	0.956132,	0.961971},
{3173.01,	0.955137,	0.962347},
{3175.57,	0.957127,	0.963473},
{3178.29,	0.956223,	0.964098},
{3180.73,	0.95568,	0.963723},
{3183.16,	0.953057,	0.962847},
{3185.61,	0.953148,	0.962847},
{3188.11,	0.957037,	0.963348},
{3190.65,	0.955499,	0.962972},
{3193.22,	0.956946,	0.962847},
{3195.77,	0.956313,	0.962472},
{3198.3,	0.954685,	0.963097},
{3200.64,	0.950344,	0.962972},
{3203.04,	0.95369,	0.962972},
{3205.43,	0.94953,	0.962847},
{3207.79,	0.952514,	0.962722},
{3210.17,	0.951158,	0.962472},
{3212.56,	0.95152,	0.962472},
{3214.95,	0.953962,	0.962597},
{3217.57,	0.954143,	0.962972},
{3219.99,	0.952967,	0.963348},
{3222.38,	0.952876,	0.963348},
{3224.71,	0.956404,	0.962347},
{3227.09,	0.952334,	0.962972},
{3229.53,	0.955861,	0.962472},
{3232.03,	0.954866,	0.962472},
{3234.58,	0.953419,	0.963097},
{3236.97,	0.952786,	0.962222},
{3239.45,	0.954323,	0.962472},
{3241.94,	0.952514,	0.962722},
{3244.37,	0.952424,	0.963473},
{3246.76,	0.952062,	0.962472},
{3249.01,	0.953148,	0.962722},
{3251.36,	0.951339,	0.962972},
{3253.61,	0.952605,	0.962972},
{3256.01,	0.950434,	0.962972},
{3258.43,	0.949711,	0.962847},
{3260.87,	0.952062,	0.963473},
{3263.37,	0.955318,	0.963973},
{3265.92,	0.956494,	0.964098},
{3268.49,	0.953781,	0.963348},
{3271.01,	0.952153,	0.962847},
{3273.45,	0.954414,	0.963848},
{3275.98,	0.958575,	0.963848},
{3278.38,	0.959208,	0.964098},
{3280.89,	0.954957,	0.964348},
{3283.44,	0.953148,	0.965349},
{3285.88,	0.954233,	0.965849},
{3288.38,	0.955409,	0.965349},
{3290.93,	0.954866,	0.965974},
{3293.43,	0.955952,	0.965849},
{3296.01,	0.954595,	0.965599},
{3298.55,	0.952424,	0.965849},
{3301.01,	0.952062,	0.965849},
{3303.58,	0.953057,	0.965599},
{3306.22,	0.953871,	0.965349},
{3308.6,	0.958122,	0.965349},
{3311.19,	0.957941,	0.964724},
{3313.62,	0.956766,	0.965224},
{3315.92,	0.950072,	0.965099},
{3318.48,	0.952424,	0.964724},
{3320.95,	0.955952,	0.965349},
{3323.54,	0.952786,	0.965224},
{3325.89,	0.950253,	0.964598},
{3328.21,	0.951429,	0.963723},
{3330.51,	0.955047,	0.964473},
{3332.91,	0.955409,	0.965849},
{3335.4,	0.954052,	0.964974},
{3337.83,	0.955499,	0.964724},
{3340.48,	0.954504,	0.964974},
{3342.83,	0.951339,	0.965474},
{3345.11,	0.953329,	0.965724},
{3347.57,	0.953329,	0.965974},
{3349.98,	0.952514,	0.965099},
{3352.33,	0.950796,	0.964849},
{3354.74,	0.955318,	0.96635},
{3357.21,	0.9517,	0.966475},
{3359.69,	0.952876,	0.967225},
{3362.19,	0.956585,	0.9661},
{3364.82,	0.956856,	0.965099},
{3367.37,	0.954957,	0.9661},
{3369.9,	0.956856,	0.965724},
{3372.41,	0.956042,	0.9661},
{3374.9,	0.957308,	0.966225},
{3377.47,	0.954052,	0.966225},
{3379.95,	0.954866,	0.965724},
{3382.36,	0.955137,	0.965599},
{3384.95,	0.955228,	0.965849},
{3387.37,	0.95767,	0.96635},
{3389.87,	0.955861,	0.965974},
{3392.34,	0.953148,	0.965974},
{3394.68,	0.955228,	0.965974},
{3397.23,	0.956856,	0.965974},
{3399.83,	0.955137,	0.965849},
{3402.3,	0.953781,	0.965724},
{3404.73,	0.954143,	0.965974},
{3407.04,	0.952243,	0.965974},
{3409.34,	0.953962,	0.965974},
{3411.69,	0.956132,	0.965599},
{3414.08,	0.955047,	0.965849},
{3416.5,	0.9536,	0.96635},
{3418.88,	0.953419,	0.96635},
{3421.15,	0.952967,	0.966725},
{3423.57,	0.952514,	0.967351},
{3425.85,	0.950525,	0.967351},
{3428.13,	0.950344,	0.9671},
{3430.43,	0.949439,	0.967601},
{3432.75,	0.947811,	0.967225},
{3435.11,	0.951339,	0.967726},
{3437.67,	0.951881,	0.966725},
{3440.19,	0.954504,	0.9671},
{3442.82,	0.953509,	0.967351},
{3445.15,	0.952967,	0.967476},
{3447.56,	0.952062,	0.9671},
{3449.83,	0.9536,	0.967976},
{3452.28,	0.951067,	0.966975},
{3454.48,	0.952243,	0.967351},
{3456.81,	0.950796,	0.967351},
{3459.14,	0.953148,	0.967351},
{3461.36,	0.952605,	0.967976},
{3463.76,	0.953509,	0.967976},
{3466.29,	0.9536,	0.9671},
{3468.66,	0.954595,	0.967851},
{3471.09,	0.952062,	0.967851},
{3473.57,	0.951429,	0.967351},
{3476.02,	0.953148,	0.967225},
{3478.36,	0.952153,	0.966975},
{3480.7,	0.9517,	0.966475},
{3482.98,	0.951067,	0.967476},
{3485.45,	0.95161,	0.967726},
{3487.94,	0.953962,	0.968601},
{3490.42,	0.950434,	0.967351},
{3492.78,	0.951429,	0.967726},
{3495.13,	0.952334,	0.9671},
{3497.64,	0.951339,	0.9671},
{3499.98,	0.954504,	0.966475},
{3502.28,	0.953509,	0.966975},
{3504.74,	0.952424,	0.967851},
{3507.16,	0.953509,	0.968476},
{3509.66,	0.954143,	0.967601},
{3511.97,	0.954957,	0.968101},
{3514.52,	0.953329,	0.968226},
{3517.02,	0.955137,	0.968727},
{3519.56,	0.956223,	0.968351},
{3521.95,	0.952062,	0.967851},
{3524.37,	0.953329,	0.968476},
{3526.83,	0.952514,	0.967476},
{3529.19,	0.951972,	0.968601},
{3531.61,	0.953962,	0.968727},
{3534.1,	0.955409,	0.967976},
{3536.66,	0.953509,	0.967976},
{3539.01,	0.954776,	0.967726},
{3541.5,	0.953057,	0.967851},
{3544.11,	0.953871,	0.967601},
{3546.55,	0.952243,	0.967476},
{3549.13,	0.951972,	0.9671},
{3551.77,	0.952153,	0.966225},
{3554.25,	0.954957,	0.9661},
{3556.63,	0.956766,	0.965724},
{3559.12,	0.956856,	0.965974},
{3561.59,	0.954957,	0.965474},
{3564.16,	0.952786,	0.964473},
{3566.63,	0.952243,	0.964098},
{3569.08,	0.953148,	0.963973},
{3571.52,	0.952605,	0.963473},
{3573.84,	0.954776,	0.963723},
{3576.27,	0.955409,	0.963973},
{3578.75,	0.95568,	0.964223},
{3581.29,	0.956675,	0.965599},
{3583.68,	0.958122,	0.966225},
{3586.26,	0.958575,	0.96635},
{3588.86,	0.956132,	0.965599},
{3591.52,	0.95758,	0.964724},
{3594.2,	0.954143,	0.964098},
{3596.54,	0.955499,	0.963222},
{3599.04,	0.954414,	0.963973},
{3601.46,	0.951339,	0.964223},
{3603.84,	0.952786,	0.963598},
{3606.31,	0.951881,	0.964974},
{3608.72,	0.955318,	0.965349},
{3611.18,	0.951881,	0.964724},
{3613.72,	0.956132,	0.964223},
{3616.12,	0.95161,	0.963973},
{3618.64,	0.955228,	0.963473},
{3621.19,	0.951972,	0.962847},
{3623.53,	0.954233,	0.962722},
{3625.95,	0.955771,	0.963097},
{3628.29,	0.953329,	0.963097},
{3630.65,	0.954414,	0.962472},
{3633.01,	0.951158,	0.961846},
{3635.5,	0.953419,	0.961721},
{3637.74,	0.951429,	0.961721},
{3640.09,	0.953148,	0.962847},
{3642.53,	0.950072,	0.962722},
{3644.91,	0.949801,	0.962722},
{3647.31,	0.950886,	0.963222},
{3649.8,	0.951429,	0.963723},
{3652.05,	0.950434,	0.963222},
{3654.59,	0.952334,	0.963348},
{3657.07,	0.951881,	0.962972},
{3659.5,	0.952153,	0.963097},
{3661.81,	0.953148,	0.963973},
{3664.13,	0.952605,	0.964223},
{3666.55,	0.949077,	0.964223},
{3668.96,	0.950796,	0.964974},
{3671.39,	0.952967,	0.965099},
{3673.97,	0.953057,	0.964974},
{3676.41,	0.951972,	0.964849},
{3678.76,	0.952876,	0.964473},
{3681.21,	0.9536,	0.965349},
{3683.7,	0.954414,	0.965724},
{3686.2,	0.952424,	0.965474},
{3688.57,	0.952967,	0.965474},
{3690.99,	0.955952,	0.965474},
{3693.47,	0.954233,	0.9661},
{3695.77,	0.951339,	0.965849},
{3698.33,	0.953781,	0.96635},
{3700.81,	0.952334,	0.966225},
{3703.01,	0.953148,	0.965974},
{3705.4,	0.953419,	0.965974},
{3707.94,	0.954595,	0.966225},
{3710.27,	0.954685,	0.96635},
{3712.84,	0.954052,	0.96685},
{3715.38,	0.956404,	0.965974},
{3717.69,	0.95152,	0.966475},
{3720.32,	0.955047,	0.966725},
{3722.8,	0.955318,	0.96635},
{3725.28,	0.955228,	0.965849},
{3727.75,	0.954323,	0.964974},
{3730.13,	0.955228,	0.964724},
{3732.6,	0.95369,	0.965349},
{3735.01,	0.953781,	0.965849},
{3737.51,	0.950525,	0.965349},
{3739.85,	0.950615,	0.964849},
{3742.19,	0.94953,	0.964598},
{3744.46,	0.951067,	0.964473},
{3746.83,	0.9517,	0.964598},
{3749.27,	0.953419,	0.963848},
{3751.62,	0.952062,	0.964348},
{3753.95,	0.951881,	0.964598},
{3756.44,	0.953148,	0.963973},
{3758.83,	0.952876,	0.964724},
{3761.26,	0.954414,	0.964598},
{3763.72,	0.954414,	0.965099},
{3766.05,	0.952243,	0.965849},
{3768.51,	0.952334,	0.96635},
{3771.02,	0.955952,	0.966725},
{3773.39,	0.955137,	0.9666},
{3775.91,	0.95559,	0.96635},
{3778.32,	0.9536,	0.9671},
{3780.8,	0.95369,	0.9666},
{3783.27,	0.954776,	0.96635},
{3785.66,	0.952967,	0.966225},
{3787.98,	0.950525,	0.966725},
{3790.54,	0.951791,	0.96685},
{3793.1,	0.950705,	0.96635},
{3795.43,	0.954957,	0.966225},
{3797.84,	0.952876,	0.9666},
{3800.41,	0.954052,	0.9671},
{3802.92,	0.954685,	0.967601},
{3805.43,	0.950344,	0.966975},
{3807.79,	0.951429,	0.966225},
{3810.25,	0.950525,	0.966225},
{3812.79,	0.954143,	0.966225},
{3815.27,	0.954143,	0.9666},
{3817.78,	0.954323,	0.966725},
{3820.11,	0.952695,	0.9666},
{3822.55,	0.952967,	0.965849},
{3824.97,	0.95161,	0.9661},
{3827.37,	0.950977,	0.966225},
{3829.72,	0.953057,	0.965474},
{3832.12,	0.952514,	0.96635},
{3834.49,	0.953871,	0.966725},
{3837.1,	0.955952,	0.967351},
{3839.71,	0.954866,	0.9671},
{3842.29,	0.954233,	0.967225},
{3844.56,	0.950434,	0.96685},
{3846.93,	0.949801,	0.9671},
{3849.28,	0.951248,	0.9666},
{3851.73,	0.952786,	0.966725},
{3854.18,	0.954595,	0.967225},
{3856.61,	0.953509,	0.96685},
{3859.01,	0.953962,	0.9666},
{3861.4,	0.951791,	0.965974},
{3863.91,	0.948625,	0.964974},
{3866.34,	0.952424,	0.965599},
{3868.74,	0.954143,	0.965724},
{3870.97,	0.952876,	0.965474},
{3873.29,	0.95152,	0.965974},
{3875.62,	0.954414,	0.9661},
{3878.12,	0.955409,	0.96635},
{3880.7,	0.956856,	0.9671},
{3883.12,	0.954052,	0.967601},
{3885.54,	0.953962,	0.967851},
{3888.01,	0.952695,	0.968977},
{3890.39,	0.953781,	0.967976},
{3892.72,	0.951429,	0.967351},
{3895.16,	0.95568,	0.967476},
{3897.62,	0.956132,	0.968226},
{3900.11,	0.955228,	0.968351},
{3902.59,	0.952062,	0.967225},
{3905.06,	0.95152,	0.966975},
{3907.49,	0.954957,	0.967726},
{3909.79,	0.953419,	0.967976},
{3912.11,	0.951881,	0.968101},
{3914.6,	0.953329,	0.967851},
{3916.95,	0.950796,	0.967976},
{3919.31,	0.954233,	0.968476},
{3921.77,	0.954595,	0.968101},
{3924.34,	0.956313,	0.967476},
{3926.92,	0.953781,	0.9671},
{3929.32,	0.955318,	0.967225},
{3931.74,	0.956494,	0.967351},
{3934.27,	0.955137,	0.967601},
{3936.63,	0.950977,	0.96685},
{3938.9,	0.952967,	0.967225},
{3941.18,	0.953509,	0.9671},
{3943.55,	0.955952,	0.967726},
{3946.05,	0.95369,	0.968601},
{3948.55,	0.954595,	0.968977},
{3951.04,	0.954414,	0.969227},
{3953.61,	0.951791,	0.967976},
{3955.97,	0.954866,	0.968727},
{3958.45,	0.953329,	0.968977},
{3960.86,	0.954233,	0.968852},
{3963.37,	0.952695,	0.968476},
{3965.82,	0.955409,	0.968727},
{3968.38,	0.952334,	0.967976},
{3970.78,	0.952334,	0.968101},
{3973.37,	0.954052,	0.968226},
{3975.88,	0.956494,	0.968727},
{3978.42,	0.955137,	0.967976},
{3980.81,	0.9536,	0.967601},
{3983.22,	0.95559,	0.966975},
{3985.6,	0.952514,	0.9671},
{3988.06,	0.954504,	0.966975},
{3990.48,	0.955228,	0.9671},
{3992.87,	0.951791,	0.9671},
{3995.21,	0.950434,	0.967476},
{3997.54,	0.953148,	0.967976},
{3999.9,	0.952424,	0.968101},
{4002.38,	0.9517,	0.968351},
{4004.77,	0.9536,	0.967976},
{4007.2,	0.954685,	0.967976},
{4009.59,	0.953419,	0.968476},
{4011.95,	0.95369,	0.967726},
{4014.32,	0.951791,	0.967351},
{4016.57,	0.951429,	0.967976},
{4018.94,	0.952514,	0.968727},
{4021.25,	0.951429,	0.968226},
{4023.62,	0.949349,	0.968727},
{4026,	0.953057,	0.968852},
{4028.3,	0.952786,	0.969227},
{4030.74,	0.953148,	0.968977},
{4032.99,	0.951429,	0.969352},
{4035.43,	0.952424,	0.968476},
{4037.71,	0.95161,	0.968852},
{4040.13,	0.953781,	0.969352},
{4042.58,	0.952243,	0.969102},
{4045,	0.952786,	0.968977},
{4047.33,	0.952334,	0.969352},
{4049.75,	0.954595,	0.969602},
{4052.06,	0.952695,	0.969227},
{4054.39,	0.950886,	0.969602},
{4056.75,	0.948082,	0.969227},
{4059.18,	0.951248,	0.969852},
{4061.56,	0.953148,	0.969852},
{4063.96,	0.949077,	0.969727},
{4066.3,	0.952243,	0.969852},
{4068.64,	0.951339,	0.970103},
{4071.15,	0.952514,	0.970853},
{4073.71,	0.955047,	0.970603},
{4076.24,	0.956494,	0.970728},
{4078.62,	0.952153,	0.970103},
{4080.8,	0.952514,	0.970103},
{4083.36,	0.9536,	0.969477},
{4085.67,	0.954776,	0.969602},
{4088.21,	0.953148,	0.969352},
{4090.69,	0.952243,	0.969102},
{4093.03,	0.956042,	0.968727},
{4095.48,	0.9536,	0.969102},
{4097.93,	0.953419,	0.970353},
{4100.46,	0.951429,	0.970728},
{4102.84,	0.952786,	0.970728},
{4105.23,	0.953057,	0.970603},
{4107.55,	0.950886,	0.969977},
{4109.85,	0.951067,	0.969227},
{4112.18,	0.955047,	0.970103},
{4114.62,	0.956223,	0.970603},
{4116.92,	0.95152,	0.969852},
{4119.2,	0.95369,	0.969602},
{4121.49,	0.953238,	0.969602},
{4123.86,	0.950072,	0.970228},
{4126.3,	0.951972,	0.970228},
{4128.61,	0.953509,	0.970853},
{4130.98,	0.953329,	0.971228},
{4133.33,	0.950886,	0.971729},
{4135.65,	0.950344,	0.971479},
{4137.77,	0.951791,	0.971103},
{4140.16,	0.951791,	0.971354},
{4142.62,	0.951429,	0.972604},
{4144.9,	0.950977,	0.972229},
{4147.16,	0.954595,	0.972104},
{4149.52,	0.951248,	0.971604},
{4152.07,	0.952876,	0.970978},
{4154.42,	0.953781,	0.971854},
{4156.79,	0.953871,	0.971604},
{4159.18,	0.950072,	0.971979},
{4161.65,	0.949711,	0.971979},
{4164.15,	0.954143,	0.972229},
{4166.47,	0.952514,	0.972104},
{4168.84,	0.950796,	0.972229},
{4171.14,	0.952695,	0.972229},
{4173.39,	0.952876,	0.972104},
{4175.74,	0.952876,	0.971854},
{4178.13,	0.950434,	0.971979},
{4180.57,	0.952334,	0.972229},
{4183.01,	0.952876,	0.973105},
{4185.31,	0.953781,	0.97323},
{4187.68,	0.953871,	0.974231},
{4190.06,	0.95369,	0.974106},
{4192.43,	0.951339,	0.974106},
{4194.95,	0.952062,	0.97398},
{4197.33,	0.955228,	0.972604},
{4199.72,	0.955409,	0.972229},
{4202.11,	0.952062,	0.972229},
{4204.4,	0.953871,	0.97273},
{4206.84,	0.952424,	0.972354},
{4209.12,	0.950705,	0.973355},
{4211.59,	0.950253,	0.972479},
{4213.96,	0.953871,	0.97298},
{4216.43,	0.951067,	0.97298},
{4218.74,	0.950977,	0.97323},
{4221.07,	0.952334,	0.973105},
{4223.33,	0.950253,	0.973105},
{4225.71,	0.951972,	0.973105},
{4228.13,	0.951248,	0.97348},
{4230.49,	0.952243,	0.973105},
{4232.84,	0.951791,	0.97273},
{4235.06,	0.949168,	0.97298},
{4237.32,	0.947902,	0.97348},
{4239.63,	0.953419,	0.97323},
{4242.13,	0.954323,	0.972479},
{4244.65,	0.954323,	0.97298},
{4247.05,	0.952786,	0.972479},
{4249.42,	0.951248,	0.97273},
{4251.83,	0.950253,	0.97298},
{4254.23,	0.952243,	0.972354},
{4256.65,	0.953238,	0.971729},
{4259.05,	0.951158,	0.971979},
{4261.42,	0.951248,	0.971729},
{4263.7,	0.950253,	0.971479},
{4266.1,	0.952243,	0.971479},
{4268.52,	0.950253,	0.971228},
{4270.85,	0.94962,	0.971479},
{4273.22,	0.951158,	0.970853},
{4275.66,	0.949801,	0.971354},
{4278.02,	0.952424,	0.971729},
{4280.28,	0.954143,	0.971479},
{4282.69,	0.951067,	0.971979},
{4284.93,	0.953781,	0.97323},
{4287.24,	0.951248,	0.97273},
{4289.52,	0.954052,	0.972229},
{4292.02,	0.952153,	0.972104},
{4294.32,	0.951429,	0.971604},
{4296.64,	0.954504,	0.972855},
{4299.07,	0.951158,	0.972604},
{4301.51,	0.952786,	0.97273},
{4303.92,	0.952243,	0.971854},
{4306.35,	0.952967,	0.971354},
{4308.68,	0.952786,	0.971228},
{4311.04,	0.954595,	0.971479},
{4313.25,	0.954323,	0.971354},
{4315.71,	0.954504,	0.971479},
{4318.06,	0.953329,	0.971228},
{4320,	0.951067,	0.971228}};
