********************** RESULTS *********************
Sum of squared residuals (SSR) = 0.137577
{c} = 0.0404 3.2367 4.8425
{k} =  9.63824 0.838689 0.207753  2.75065  1.90106        0  1.00108   2.3527  0.00161
kAA = 9.63824
kAB = 0.838689
kBB = 0.207753
kBA = 2.75065
kAmA = 1.90106
kAmB = 0
kBmB = 1.00108
kBmA = 2.3527
kT = 0.00161
rA = 11.492
rB = 0.0755287
rA-A = kA-A/kAA = 0.197241
rA-B = kA-B/kAB = 0
rB-B = kB-B/kBB = 4.81861
rB-A = kB-A/kBA = 0.855325
********************* FIT DATA *********************
data = {{0,	0,	0},
{0.5,	0.141482,	0.0161738},
{1,	0.226473,	0.0298873},
{3,	0.439171,	0.0477935},
{5,	0.699875,	0.0600556},
{10,	0.843664,	0.0889182},
{30,	0.90005,	0.17541},
{60,	0.969427,	0.328997},
{150,	0.974334,	0.49336},
{240,	0.976981,	0.579659},
{360,	0.975344,	0.596023},
{1440,	0.952214,	0.593647},
{2880,	0.989696,	0.976687},
{4320,	0.988122,	0.99739}};
********************* BEST FIT *********************
fit = {{0,	0,	0},
{0.000546827,	0.000124828,	0},
{0.00090953,	0.000249657,	0},
{0.00134288,	0.000374485,	0},
{0.00141179,	0.000499313,	0},
{0.00235149,	0.000624142,	0},
{0.00243642,	0.00074897,	0},
{0.0029236,	0.000873799,	0},
{0.00356017,	0.000998627,	0},
{0.00363786,	0.00112346,	0},
{0.00385156,	0.00124828,	0},
{0.00441825,	0.00137311,	0},
{0.00460834,	0.00149794,	0},
{0.00466037,	0.00162277,	0},
{0.00507596,	0.0017476,	0},
{0.00515368,	0.00187243,	0},
{0.00598637,	0.00199725,	0},
{0.00689922,	0.00212208,	0},
{0.00719157,	0.00224691,	0},
{0.00723174,	0.00237174,	0},
{0.00781783,	0.00249657,	0},
{0.00800032,	0.0026214,	0},
{0.00820469,	0.00274622,	0},
{0.00884764,	0.00287105,	0},
{0.00900275,	0.00299588,	0},
{0.00912712,	0.00312071,	0},
{0.00920819,	0.00324554,	0},
{0.00942327,	0.00337037,	0},
{0.00956786,	0.00349519,	0},
{0.0102028,	0.00362002,	0},
{0.0102778,	0.00374485,	0},
{0.0116779,	0.00386968,	0},
{0.0118539,	0.00399451,	0},
{0.0121991,	0.00411934,	0},
{0.0122619,	0.00424416,	0},
{0.0128531,	0.00436899,	0},
{0.0131145,	0.00449382,	0},
{0.0132972,	0.00461865,	0},
{0.0133987,	0.00474348,	0},
{0.0137192,	0.00486831,	0},
{0.0137896,	0.00499313,	0},
{0.013968,	0.00511796,	0},
{0.0144829,	0.00524279,	0},
{0.0149688,	0.00536762,	0},
{0.0153358,	0.00549245,	0},
{0.0156089,	0.00561728,	0},
{0.0157093,	0.0057421,	0},
{0.0165777,	0.00586693,	0},
{0.0168824,	0.00599176,	0},
{0.017023,	0.00611659,	0},
{0.0172199,	0.00624142,	0},
{0.0174,	0.00636625,	0},
{0.017652,	0.00636625,	8.34307e-05},
{0.0177118,	0.00649107,	8.34307e-05},
{0.0177637,	0.0066159,	8.34307e-05},
{0.0183662,	0.00674073,	8.34307e-05},
{0.0185053,	0.00686556,	8.34307e-05},
{0.0192225,	0.00699039,	8.34307e-05},
{0.0194342,	0.00711522,	8.34307e-05},
{0.0202144,	0.00724004,	8.34307e-05},
{0.0203337,	0.00736487,	8.34307e-05},
{0.0211899,	0.0074897,	8.34307e-05},
{0.0215095,	0.00761453,	8.34307e-05},
{0.0216899,	0.00773936,	8.34307e-05},
{0.0219713,	0.00786419,	8.34307e-05},
{0.0220599,	0.00798902,	8.34307e-05},
{0.0222194,	0.00811384,	8.34307e-05},
{0.0224415,	0.00811384,	0.000166861},
{0.0225107,	0.00823867,	0.000166861},
{0.022771,	0.0083635,	0.000166861},
{0.0228173,	0.00848833,	0.000166861},
{0.0243707,	0.00861316,	0.000166861},
{0.0247902,	0.00873799,	0.000166861},
{0.0267826,	0.00886281,	0.000166861},
{0.0269085,	0.00898764,	0.000166861},
{0.0269857,	0.00911247,	0.000166861},
{0.0270288,	0.0092373,	0.000166861},
{0.0276653,	0.00936213,	0.000166861},
{0.0277255,	0.00948696,	0.000166861},
{0.027973,	0.00961178,	0.000166861},
{0.0281181,	0.00973661,	0.000166861},
{0.0288381,	0.00986144,	0.000166861},
{0.0289926,	0.00998627,	0.000166861},
{0.0290235,	0.0101111,	0.000166861},
{0.0290553,	0.0102359,	0.000166861},
{0.0292392,	0.0103608,	0.000166861},
{0.029394,	0.0104856,	0.000166861},
{0.0294224,	0.0106104,	0.000166861},
{0.029475,	0.0104856,	0.000166861},
{0.0295808,	0.0106104,	0.000166861},
{0.0301925,	0.0106104,	0.000250292},
{0.0303425,	0.0107352,	0.000250292},
{0.0308436,	0.0108601,	0.000250292},
{0.0315154,	0.0109849,	0.000250292},
{0.0315996,	0.0111097,	0.000250292},
{0.0317891,	0.0112346,	0.000250292},
{0.0320554,	0.0113594,	0.000250292},
{0.0323295,	0.0114842,	0.000250292},
{0.0324349,	0.011609,	0.000250292},
{0.0325055,	0.0117339,	0.000250292},
{0.0325099,	0.0118587,	0.000250292},
{0.0327191,	0.0119835,	0.000250292},
{0.0331232,	0.0121084,	0.000250292},
{0.0332965,	0.0122332,	0.000250292},
{0.0336405,	0.0122332,	0.000333723},
{0.0336847,	0.012358,	0.000333723},
{0.0341722,	0.0124828,	0.000333723},
{0.0342192,	0.0126077,	0.000333723},
{0.0345535,	0.0127325,	0.000333723},
{0.0350403,	0.0128573,	0.000333723},
{0.0351118,	0.0129821,	0.000333723},
{0.0352395,	0.013107,	0.000333723},
{0.0352864,	0.0132318,	0.000333723},
{0.0355554,	0.0133566,	0.000333723},
{0.0358238,	0.0134815,	0.000333723},
{0.0359735,	0.0136063,	0.000333723},
{0.0365041,	0.0137311,	0.000333723},
{0.0365257,	0.0138559,	0.000333723},
{0.0366775,	0.0139808,	0.000333723},
{0.0367001,	0.0139808,	0.000417153},
{0.0369208,	0.0141056,	0.000417153},
{0.0377482,	0.0142304,	0.000417153},
{0.0379074,	0.0143553,	0.000417153},
{0.0379352,	0.0143553,	0.000500584},
{0.0382545,	0.0144801,	0.000500584},
{0.0383054,	0.0146049,	0.000500584},
{0.0390085,	0.0147297,	0.000500584},
{0.0390365,	0.0148546,	0.000500584},
{0.0390398,	0.0149794,	0.000500584},
{0.0391474,	0.0151042,	0.000500584},
{0.0393379,	0.0152291,	0.000500584},
{0.0398686,	0.0153539,	0.000500584},
{0.0403796,	0.0154787,	0.000500584},
{0.040429,	0.0154787,	0.000584015},
{0.0410258,	0.0156035,	0.000584015},
{0.0418655,	0.0157284,	0.000584015},
{0.0419093,	0.0158532,	0.000584015},
{0.0424938,	0.0158532,	0.000667445},
{0.0428468,	0.015978,	0.000667445},
{0.043118,	0.0161029,	0.000667445},
{0.0433914,	0.0162277,	0.000667445},
{0.0442861,	0.0163525,	0.000667445},
{0.0451953,	0.0164773,	0.000667445},
{0.0455296,	0.0166022,	0.000667445},
{0.0460625,	0.016727,	0.000667445},
{0.0466327,	0.0168518,	0.000667445},
{0.0467026,	0.0169767,	0.000667445},
{0.0475895,	0.0171015,	0.000667445},
{0.0476312,	0.0172263,	0.000667445},
{0.0488218,	0.0173511,	0.000667445},
{0.049086,	0.017476,	0.000667445},
{0.0491148,	0.017476,	0.000750876},
{0.0493304,	0.0176008,	0.000750876},
{0.0494409,	0.0177256,	0.000750876},
{0.0495531,	0.0178505,	0.000750876},
{0.049603,	0.0179753,	0.000750876},
{0.0501971,	0.0181001,	0.000750876},
{0.0503534,	0.0182249,	0.000750876},
{0.051145,	0.0183498,	0.000750876},
{0.0513808,	0.0184746,	0.000750876},
{0.0514123,	0.0184746,	0.000834307},
{0.051454,	0.0185994,	0.000834307},
{0.0515885,	0.0185994,	0.000917737},
{0.0516896,	0.0185994,	0.00100117},
{0.0518933,	0.0187243,	0.00100117},
{0.0522706,	0.0188491,	0.00100117},
{0.0527716,	0.0189739,	0.00100117},
{0.0529941,	0.0190987,	0.00100117},
{0.0531953,	0.0192236,	0.00100117},
{0.0534678,	0.0193484,	0.00100117},
{0.0538934,	0.0194732,	0.00100117},
{0.0539988,	0.0195981,	0.00100117},
{0.0540634,	0.0197229,	0.00100117},
{0.0550095,	0.0198477,	0.00100117},
{0.0550508,	0.0198477,	0.0010846},
{0.0550513,	0.0198477,	0.00116803},
{0.0552318,	0.0199725,	0.00116803},
{0.0553318,	0.0200974,	0.00116803},
{0.0557944,	0.0202222,	0.00116803},
{0.0562138,	0.020347,	0.00116803},
{0.0563733,	0.0204719,	0.00116803},
{0.0573239,	0.0205967,	0.00116803},
{0.0573685,	0.0207215,	0.00116803},
{0.0575934,	0.0208463,	0.00116803},
{0.0582527,	0.0209712,	0.00116803},
{0.0593975,	0.021096,	0.00116803},
{0.0598156,	0.0212208,	0.00116803},
{0.0599813,	0.0213456,	0.00116803},
{0.0600671,	0.0214705,	0.00116803},
{0.0601089,	0.0214705,	0.00125146},
{0.0601099,	0.0215953,	0.00125146},
{0.0603049,	0.0217201,	0.00125146},
{0.0604449,	0.021845,	0.00125146},
{0.0609071,	0.0219698,	0.00125146},
{0.0610311,	0.0220946,	0.00125146},
{0.0613499,	0.0222194,	0.00125146},
{0.061607,	0.0223443,	0.00125146},
{0.0617632,	0.0224691,	0.00125146},
{0.0618506,	0.0224691,	0.00133489},
{0.0619324,	0.0225939,	0.00133489},
{0.0623572,	0.0227188,	0.00133489},
{0.0625956,	0.0228436,	0.00133489},
{0.0626439,	0.0229684,	0.00133489},
{0.0627617,	0.0228436,	0.00133489},
{0.0630702,	0.0228436,	0.00141832},
{0.0634003,	0.0229684,	0.00141832},
{0.0646456,	0.0230932,	0.00141832},
{0.0648561,	0.0232181,	0.00141832},
{0.0649455,	0.0233429,	0.00141832},
{0.0655682,	0.0234677,	0.00141832},
{0.0656012,	0.0235926,	0.00141832},
{0.0664223,	0.0235926,	0.00150175},
{0.0669037,	0.0237174,	0.00150175},
{0.0670184,	0.0238422,	0.00150175},
{0.0676298,	0.023967,	0.00150175},
{0.0681452,	0.023967,	0.00158518},
{0.0686794,	0.0240919,	0.00158518},
{0.0688278,	0.0242167,	0.00158518},
{0.0689172,	0.0243415,	0.00158518},
{0.0693862,	0.0244664,	0.00158518},
{0.0696638,	0.0245912,	0.00158518},
{0.0697196,	0.024716,	0.00158518},
{0.0699914,	0.024716,	0.00166861},
{0.0700974,	0.0248408,	0.00166861},
{0.0702801,	0.0249657,	0.00166861},
{0.0703264,	0.0250905,	0.00166861},
{0.0714737,	0.0252153,	0.00166861},
{0.0716033,	0.0253402,	0.00166861},
{0.0716275,	0.025465,	0.00166861},
{0.0717188,	0.0255898,	0.00166861},
{0.0722641,	0.025465,	0.00166861},
{0.0723186,	0.0255898,	0.00166861},
{0.0724184,	0.0257146,	0.00166861},
{0.0727027,	0.0258395,	0.00166861},
{0.0727701,	0.0259643,	0.00166861},
{0.072812,	0.0258395,	0.00166861},
{0.0728572,	0.0259643,	0.00166861},
{0.0728626,	0.0260891,	0.00166861},
{0.0730364,	0.026214,	0.00166861},
{0.0732558,	0.026214,	0.00175204},
{0.0732604,	0.026214,	0.00183547},
{0.0733833,	0.0263388,	0.00183547},
{0.0734156,	0.0263388,	0.00191891},
{0.0734623,	0.0264636,	0.00191891},
{0.0735622,	0.0265884,	0.00191891},
{0.0736326,	0.0267133,	0.00191891},
{0.0740663,	0.0268381,	0.00191891},
{0.0743238,	0.0269629,	0.00191891},
{0.0746409,	0.0270878,	0.00191891},
{0.0748921,	0.0272126,	0.00191891},
{0.0750418,	0.0273374,	0.00191891},
{0.0755459,	0.0274622,	0.00191891},
{0.0755782,	0.0275871,	0.00191891},
{0.0756233,	0.0277119,	0.00191891},
{0.0756878,	0.0278367,	0.00191891},
{0.0760075,	0.0279616,	0.00191891},
{0.0768261,	0.0280864,	0.00191891},
{0.0772617,	0.0282112,	0.00191891},
{0.0775484,	0.028336,	0.00191891},
{0.0775921,	0.0282112,	0.00191891},
{0.0775961,	0.028336,	0.00191891},
{0.0780348,	0.0284609,	0.00191891},
{0.0782043,	0.0284609,	0.00200234},
{0.079309,	0.0285857,	0.00200234},
{0.0794884,	0.0285857,	0.00208577},
{0.0797864,	0.0287105,	0.00208577},
{0.079915,	0.0288354,	0.00208577},
{0.079986,	0.0289602,	0.00208577},
{0.0801803,	0.029085,	0.00208577},
{0.0803693,	0.0292098,	0.00208577},
{0.0804387,	0.0292098,	0.0021692},
{0.080743,	0.0293347,	0.0021692},
{0.0808946,	0.0294595,	0.0021692},
{0.0809307,	0.0295843,	0.0021692},
{0.0810004,	0.0297091,	0.0021692},
{0.0820291,	0.0297091,	0.00225263},
{0.0821113,	0.029834,	0.00225263},
{0.0822538,	0.0299588,	0.00225263},
{0.084433,	0.0299588,	0.00233606},
{0.0852725,	0.0300836,	0.00233606},
{0.0853321,	0.0302085,	0.00233606},
{0.0854351,	0.0303333,	0.00233606},
{0.0854485,	0.0304581,	0.00233606},
{0.0854553,	0.0305829,	0.00233606},
{0.0855676,	0.0307078,	0.00233606},
{0.085655,	0.0308326,	0.00233606},
{0.086598,	0.0309574,	0.00233606},
{0.0867151,	0.0308326,	0.00233606},
{0.08675,	0.0309574,	0.00233606},
{0.0873017,	0.0310823,	0.00233606},
{0.0878081,	0.0312071,	0.00233606},
{0.0878361,	0.0313319,	0.00233606},
{0.0882364,	0.0314567,	0.00233606},
{0.0884504,	0.0315816,	0.00233606},
{0.0887373,	0.0317064,	0.00233606},
{0.0892042,	0.0318312,	0.00233606},
{0.0893253,	0.0319561,	0.00233606},
{0.0899463,	0.0319561,	0.00241949},
{0.0904584,	0.0319561,	0.00250292},
{0.090827,	0.0320809,	0.00250292},
{0.0916645,	0.0322057,	0.00250292},
{0.0921754,	0.0323305,	0.00250292},
{0.0922373,	0.0324554,	0.00250292},
{0.0924231,	0.0325802,	0.00250292},
{0.0930462,	0.032705,	0.00250292},
{0.0931839,	0.0328299,	0.00250292},
{0.0936745,	0.0329547,	0.00250292},
{0.0937912,	0.0330795,	0.00250292},
{0.0938225,	0.0332043,	0.00250292},
{0.0941344,	0.0333292,	0.00250292},
{0.0942023,	0.033454,	0.00250292},
{0.0945288,	0.0335788,	0.00250292},
{0.0947191,	0.0337037,	0.00250292},
{0.094856,	0.0338285,	0.00250292},
{0.095606,	0.0339533,	0.00250292},
{0.0959189,	0.0340781,	0.00250292},
{0.0970675,	0.034203,	0.00250292},
{0.0970729,	0.0343278,	0.00250292},
{0.0973824,	0.0344526,	0.00250292},
{0.0978061,	0.0345775,	0.00250292},
{0.0985113,	0.0347023,	0.00250292},
{0.098654,	0.0348271,	0.00250292},
{0.0991233,	0.0349519,	0.00250292},
{0.0999079,	0.0350768,	0.00250292},
{0.100213,	0.0352016,	0.00250292},
{0.100683,	0.0353264,	0.00250292},
{0.100768,	0.0354513,	0.00250292},
{0.100808,	0.0355761,	0.00250292},
{0.100964,	0.0357009,	0.00250292},
{0.100973,	0.0358257,	0.00250292},
{0.101807,	0.0359506,	0.00250292},
{0.102479,	0.0360754,	0.00250292},
{0.102526,	0.0362002,	0.00250292},
{0.1029,	0.0363251,	0.00250292},
{0.10329,	0.0364499,	0.00250292},
{0.104133,	0.0365747,	0.00250292},
{0.10423,	0.0366995,	0.00250292},
{0.104306,	0.0368244,	0.00250292},
{0.104783,	0.0366995,	0.00250292},
{0.105027,	0.0368244,	0.00250292},
{0.105172,	0.0369492,	0.00250292},
{0.10553,	0.037074,	0.00250292},
{0.105637,	0.0371989,	0.00250292},
{0.105742,	0.0373237,	0.00250292},
{0.105792,	0.0374485,	0.00250292},
{0.105949,	0.0375733,	0.00250292},
{0.106313,	0.0376982,	0.00250292},
{0.106728,	0.037823,	0.00250292},
{0.107014,	0.0379478,	0.00250292},
{0.107063,	0.0380727,	0.00250292},
{0.107274,	0.0381975,	0.00250292},
{0.107284,	0.0383223,	0.00250292},
{0.107414,	0.0384471,	0.00250292},
{0.107576,	0.038572,	0.00250292},
{0.107653,	0.0386968,	0.00250292},
{0.108237,	0.0386968,	0.00258635},
{0.108438,	0.0388216,	0.00258635},
{0.109042,	0.0389464,	0.00258635},
{0.109056,	0.0390713,	0.00258635},
{0.109167,	0.0391961,	0.00258635},
{0.110352,	0.0393209,	0.00258635},
{0.111269,	0.0394458,	0.00258635},
{0.111404,	0.0395706,	0.00258635},
{0.111794,	0.0396954,	0.00258635},
{0.112029,	0.0398202,	0.00258635},
{0.112134,	0.0399451,	0.00258635},
{0.11219,	0.0400699,	0.00258635},
{0.112625,	0.0401947,	0.00258635},
{0.1129,	0.0403196,	0.00258635},
{0.113676,	0.0404444,	0.00258635},
{0.113829,	0.0405692,	0.00258635},
{0.114919,	0.040694,	0.00258635},
{0.115152,	0.0408189,	0.00258635},
{0.115352,	0.0409437,	0.00258635},
{0.115766,	0.0410685,	0.00258635},
{0.115979,	0.0411934,	0.00258635},
{0.116272,	0.0413182,	0.00258635},
{0.116281,	0.041443,	0.00258635},
{0.116318,	0.0415678,	0.00258635},
{0.116937,	0.0416927,	0.00258635},
{0.117304,	0.0418175,	0.00258635},
{0.117712,	0.0419423,	0.00258635},
{0.117739,	0.0420672,	0.00258635},
{0.11776,	0.042192,	0.00258635},
{0.117788,	0.0423168,	0.00258635},
{0.117807,	0.0424416,	0.00258635},
{0.117812,	0.0425665,	0.00258635},
{0.118132,	0.0426913,	0.00258635},
{0.118816,	0.0426913,	0.00266978},
{0.119128,	0.0428161,	0.00266978},
{0.119213,	0.042941,	0.00266978},
{0.119264,	0.0430658,	0.00266978},
{0.119343,	0.0431906,	0.00266978},
{0.119693,	0.0433154,	0.00266978},
{0.120077,	0.0434403,	0.00266978},
{0.120194,	0.0435651,	0.00266978},
{0.120543,	0.0436899,	0.00266978},
{0.121772,	0.0438148,	0.00266978},
{0.12219,	0.0438148,	0.00275321},
{0.122998,	0.0439396,	0.00275321},
{0.123699,	0.0440644,	0.00275321},
{0.123833,	0.0441892,	0.00275321},
{0.123965,	0.0441892,	0.00283664},
{0.124361,	0.0443141,	0.00283664},
{0.124374,	0.0444389,	0.00283664},
{0.124677,	0.0445637,	0.00283664},
{0.124843,	0.0446886,	0.00283664},
{0.125673,	0.0448134,	0.00283664},
{0.125761,	0.0449382,	0.00283664},
{0.125767,	0.045063,	0.00283664},
{0.125921,	0.0451879,	0.00283664},
{0.126557,	0.0453127,	0.00283664},
{0.1266,	0.0453127,	0.00292007},
{0.126946,	0.0454375,	0.00292007},
{0.128231,	0.0455624,	0.00292007},
{0.128375,	0.0456872,	0.00292007},
{0.129809,	0.045812,	0.00292007},
{0.13008,	0.0459368,	0.00292007},
{0.130578,	0.0460617,	0.00292007},
{0.130741,	0.0459368,	0.00292007},
{0.131299,	0.0460617,	0.00292007},
{0.131699,	0.0461865,	0.00292007},
{0.131856,	0.0461865,	0.0030035},
{0.131892,	0.0461865,	0.00308693},
{0.131926,	0.0463113,	0.00308693},
{0.132248,	0.0464362,	0.00308693},
{0.133796,	0.046561,	0.00308693},
{0.133819,	0.0466858,	0.00308693},
{0.133997,	0.0468106,	0.00308693},
{0.134365,	0.0469355,	0.00308693},
{0.134532,	0.0469355,	0.00317037},
{0.134556,	0.0470603,	0.00317037},
{0.134867,	0.0470603,	0.0032538},
{0.136402,	0.0471851,	0.0032538},
{0.136534,	0.0470603,	0.0032538},
{0.137349,	0.0471851,	0.0032538},
{0.13739,	0.0473099,	0.0032538},
{0.137403,	0.0474348,	0.0032538},
{0.137493,	0.0475596,	0.0032538},
{0.137618,	0.0476844,	0.0032538},
{0.138843,	0.0478093,	0.0032538},
{0.139058,	0.0478093,	0.00333723},
{0.139385,	0.0479341,	0.00333723},
{0.139534,	0.0480589,	0.00333723},
{0.139659,	0.0481837,	0.00333723},
{0.139667,	0.0483086,	0.00333723},
{0.140048,	0.0484334,	0.00333723},
{0.140067,	0.0485582,	0.00333723},
{0.140266,	0.0486831,	0.00333723},
{0.141574,	0.0488079,	0.00333723},
{0.141912,	0.0489327,	0.00333723},
{0.14206,	0.0488079,	0.00333723},
{0.142406,	0.0489327,	0.00333723},
{0.142533,	0.0490575,	0.00333723},
{0.142807,	0.0491824,	0.00333723},
{0.142871,	0.0493072,	0.00333723},
{0.143189,	0.049432,	0.00333723},
{0.143217,	0.0495569,	0.00333723},
{0.143737,	0.0495569,	0.00342066},
{0.144401,	0.0496817,	0.00342066},
{0.144425,	0.0498065,	0.00342066},
{0.144493,	0.0499313,	0.00342066},
{0.144672,	0.0500562,	0.00342066},
{0.14543,	0.050181,	0.00342066},
{0.145622,	0.0503058,	0.00342066},
{0.145691,	0.0503058,	0.00350409},
{0.145843,	0.0504307,	0.00350409},
{0.14585,	0.0505555,	0.00350409},
{0.146296,	0.0504307,	0.00350409},
{0.146824,	0.0504307,	0.00358752},
{0.146869,	0.0505555,	0.00358752},
{0.147402,	0.0506803,	0.00358752},
{0.147859,	0.0508051,	0.00358752},
{0.148421,	0.0508051,	0.00367095},
{0.149588,	0.05093,	0.00367095},
{0.149799,	0.0510548,	0.00367095},
{0.150258,	0.05093,	0.00367095},
{0.150605,	0.0510548,	0.00367095},
{0.150858,	0.0511796,	0.00367095},
{0.150928,	0.0513045,	0.00367095},
{0.151504,	0.0513045,	0.00375438},
{0.152332,	0.0514293,	0.00375438},
{0.153233,	0.0515541,	0.00375438},
{0.153394,	0.0516789,	0.00375438},
{0.153554,	0.0518038,	0.00375438},
{0.153674,	0.0519286,	0.00375438},
{0.153829,	0.0520534,	0.00375438},
{0.153949,	0.0521783,	0.00375438},
{0.15438,	0.0523031,	0.00375438},
{0.155058,	0.0524279,	0.00375438},
{0.155235,	0.0525527,	0.00375438},
{0.155561,	0.0526776,	0.00375438},
{0.155757,	0.0528024,	0.00375438},
{0.156048,	0.0529272,	0.00375438},
{0.156208,	0.0530521,	0.00375438},
{0.156485,	0.0531769,	0.00375438},
{0.156732,	0.0533017,	0.00375438},
{0.157156,	0.0534265,	0.00375438},
{0.157208,	0.0535514,	0.00375438},
{0.157782,	0.0536762,	0.00375438},
{0.158737,	0.053801,	0.00375438},
{0.158781,	0.0539259,	0.00375438},
{0.158845,	0.0540507,	0.00375438},
{0.158894,	0.0541755,	0.00375438},
{0.159218,	0.0543003,	0.00375438},
{0.159636,	0.0544252,	0.00375438},
{0.159888,	0.05455,	0.00375438},
{0.16072,	0.0546748,	0.00375438},
{0.161066,	0.0547997,	0.00375438},
{0.161753,	0.0549245,	0.00375438},
{0.161814,	0.0550493,	0.00375438},
{0.162054,	0.0551741,	0.00375438},
{0.162265,	0.055299,	0.00375438},
{0.162399,	0.0554238,	0.00375438},
{0.162838,	0.0554238,	0.00383781},
{0.16301,	0.0555486,	0.00383781},
{0.163134,	0.0556734,	0.00383781},
{0.164838,	0.0557983,	0.00383781},
{0.165031,	0.0559231,	0.00383781},
{0.165199,	0.0559231,	0.00392124},
{0.165522,	0.0560479,	0.00392124},
{0.165906,	0.0561728,	0.00392124},
{0.166412,	0.0562976,	0.00392124},
{0.166956,	0.0564224,	0.00392124},
{0.167136,	0.0565472,	0.00392124},
{0.167143,	0.0566721,	0.00392124},
{0.168537,	0.0567969,	0.00392124},
{0.168852,	0.0569217,	0.00392124},
{0.169238,	0.0570466,	0.00392124},
{0.169816,	0.0571714,	0.00392124},
{0.169949,	0.0572962,	0.00392124},
{0.171278,	0.057421,	0.00392124},
{0.172351,	0.0575459,	0.00392124},
{0.173307,	0.057421,	0.00392124},
{0.174399,	0.0575459,	0.00392124},
{0.174682,	0.0575459,	0.00400467},
{0.175101,	0.0576707,	0.00400467},
{0.175279,	0.0577955,	0.00400467},
{0.175609,	0.0579204,	0.00400467},
{0.175953,	0.0577955,	0.00400467},
{0.176172,	0.0579204,	0.00400467},
{0.17639,	0.0580452,	0.00400467},
{0.176564,	0.05817,	0.00400467},
{0.176741,	0.0582948,	0.00400467},
{0.176948,	0.0584197,	0.00400467},
{0.177517,	0.0585445,	0.00400467},
{0.180039,	0.0584197,	0.00400467},
{0.18056,	0.0585445,	0.00400467},
{0.180865,	0.0586693,	0.00400467},
{0.181321,	0.0587942,	0.00400467},
{0.182463,	0.058919,	0.00400467},
{0.182514,	0.0590438,	0.00400467},
{0.182559,	0.0591686,	0.00400467},
{0.182925,	0.0591686,	0.0040881},
{0.183217,	0.0592935,	0.0040881},
{0.183676,	0.0594183,	0.0040881},
{0.183821,	0.0594183,	0.00417153},
{0.183914,	0.0594183,	0.00425496},
{0.184079,	0.0595431,	0.00425496},
{0.184408,	0.059668,	0.00425496},
{0.184515,	0.0597928,	0.00425496},
{0.184733,	0.0599176,	0.00425496},
{0.184946,	0.0600424,	0.00425496},
{0.18548,	0.0600424,	0.00433839},
{0.185688,	0.0600424,	0.00442183},
{0.185737,	0.0601673,	0.00442183},
{0.186207,	0.0602921,	0.00442183},
{0.186339,	0.0604169,	0.00442183},
{0.187625,	0.0605418,	0.00442183},
{0.187972,	0.0605418,	0.00450526},
{0.188767,	0.0606666,	0.00450526},
{0.189094,	0.0607914,	0.00450526},
{0.1893,	0.0609162,	0.00450526},
{0.189436,	0.0610411,	0.00450526},
{0.18971,	0.0611659,	0.00450526},
{0.190117,	0.0612907,	0.00450526},
{0.190276,	0.0614156,	0.00450526},
{0.190362,	0.0615404,	0.00450526},
{0.191183,	0.0616652,	0.00450526},
{0.191564,	0.06179,	0.00450526},
{0.191682,	0.0619149,	0.00450526},
{0.191814,	0.0620397,	0.00450526},
{0.191834,	0.0621645,	0.00450526},
{0.19223,	0.0621645,	0.00458869},
{0.192317,	0.0621645,	0.00467212},
{0.192722,	0.0622894,	0.00467212},
{0.192974,	0.0624142,	0.00467212},
{0.193333,	0.062539,	0.00467212},
{0.193364,	0.0626638,	0.00467212},
{0.19385,	0.0627887,	0.00467212},
{0.194229,	0.0629135,	0.00467212},
{0.194752,	0.0629135,	0.00475555},
{0.194783,	0.0630383,	0.00475555},
{0.195232,	0.0630383,	0.00483898},
{0.19598,	0.0631632,	0.00483898},
{0.196136,	0.063288,	0.00483898},
{0.196172,	0.0634128,	0.00483898},
{0.196659,	0.0635376,	0.00483898},
{0.197582,	0.0636625,	0.00483898},
{0.198341,	0.0637873,	0.00483898},
{0.198343,	0.0639121,	0.00483898},
{0.198455,	0.0639121,	0.00492241},
{0.198643,	0.0640369,	0.00492241},
{0.199435,	0.0641618,	0.00492241},
{0.199583,	0.0642866,	0.00492241},
{0.199599,	0.0644114,	0.00492241},
{0.199711,	0.0645363,	0.00492241},
{0.199983,	0.0645363,	0.00500584},
{0.200336,	0.0646611,	0.00500584},
{0.201,	0.0646611,	0.00508927},
{0.201122,	0.0647859,	0.00508927},
{0.201504,	0.0649107,	0.00508927},
{0.201769,	0.0649107,	0.0051727},
{0.203379,	0.0650356,	0.0051727},
{0.203834,	0.0650356,	0.00525613},
{0.204211,	0.0651604,	0.00525613},
{0.204243,	0.0652852,	0.00525613},
{0.204272,	0.0654101,	0.00525613},
{0.205364,	0.0655349,	0.00525613},
{0.205447,	0.0656597,	0.00525613},
{0.205555,	0.0657845,	0.00525613},
{0.205744,	0.0659094,	0.00525613},
{0.205776,	0.0660342,	0.00525613},
{0.205795,	0.0659094,	0.00525613},
{0.206024,	0.0660342,	0.00525613},
{0.206283,	0.0660342,	0.00533956},
{0.206599,	0.0660342,	0.00542299},
{0.207383,	0.066159,	0.00542299},
{0.207395,	0.0662839,	0.00542299},
{0.207675,	0.0664087,	0.00542299},
{0.207835,	0.0665335,	0.00542299},
{0.210354,	0.0665335,	0.00550642},
{0.210566,	0.0666583,	0.00550642},
{0.210607,	0.0667832,	0.00550642},
{0.211877,	0.066908,	0.00550642},
{0.21216,	0.0670328,	0.00550642},
{0.212377,	0.0671577,	0.00550642},
{0.212431,	0.0672825,	0.00550642},
{0.212554,	0.0674073,	0.00550642},
{0.212734,	0.0675321,	0.00550642},
{0.21303,	0.067657,	0.00550642},
{0.213421,	0.0677818,	0.00550642},
{0.213531,	0.0679066,	0.00550642},
{0.213648,	0.0679066,	0.00558985},
{0.213877,	0.0680315,	0.00558985},
{0.213923,	0.0679066,	0.00558985},
{0.214008,	0.0680315,	0.00558985},
{0.214248,	0.0681563,	0.00558985},
{0.214263,	0.0682811,	0.00558985},
{0.214646,	0.0684059,	0.00558985},
{0.215174,	0.0685308,	0.00558985},
{0.215622,	0.0686556,	0.00558985},
{0.21576,	0.0687804,	0.00558985},
{0.215777,	0.0689053,	0.00558985},
{0.216035,	0.0690301,	0.00558985},
{0.216049,	0.0691549,	0.00558985},
{0.216427,	0.0692797,	0.00558985},
{0.216531,	0.0694046,	0.00558985},
{0.216716,	0.0695294,	0.00558985},
{0.216936,	0.0696542,	0.00558985},
{0.217076,	0.0697791,	0.00558985},
{0.217225,	0.0699039,	0.00558985},
{0.218523,	0.0700287,	0.00558985},
{0.218543,	0.0701535,	0.00558985},
{0.218792,	0.0702784,	0.00558985},
{0.218948,	0.0704032,	0.00558985},
{0.219277,	0.070528,	0.00558985},
{0.219703,	0.0706529,	0.00558985},
{0.219885,	0.0707777,	0.00558985},
{0.220243,	0.0709025,	0.00558985},
{0.220583,	0.0710273,	0.00558985},
{0.221045,	0.0711522,	0.00558985},
{0.221702,	0.071277,	0.00558985},
{0.221702,	0.0714018,	0.00558985},
{0.223701,	0.0715267,	0.00558985},
{0.223989,	0.0716515,	0.00558985},
{0.22543,	0.0717763,	0.00558985},
{0.226118,	0.0719011,	0.00558985},
{0.226217,	0.072026,	0.00558985},
{0.226436,	0.0721508,	0.00558985},
{0.226532,	0.0722756,	0.00558985},
{0.22681,	0.0724004,	0.00558985},
{0.227574,	0.0725253,	0.00558985},
{0.228287,	0.0725253,	0.00567329},
{0.229207,	0.0725253,	0.00575672},
{0.229617,	0.0725253,	0.00584015},
{0.229698,	0.0725253,	0.00592358},
{0.229777,	0.0726501,	0.00592358},
{0.23014,	0.0727749,	0.00592358},
{0.230305,	0.0727749,	0.00600701},
{0.230587,	0.0727749,	0.00609044},
{0.23095,	0.0728998,	0.00609044},
{0.231815,	0.0730246,	0.00609044},
{0.232772,	0.0731494,	0.00609044},
{0.232874,	0.0732742,	0.00609044},
{0.232956,	0.0733991,	0.00609044},
{0.233526,	0.0735239,	0.00609044},
{0.233955,	0.0736487,	0.00609044},
{0.234603,	0.0737736,	0.00609044},
{0.234717,	0.0738984,	0.00609044},
{0.234852,	0.0740232,	0.00609044},
{0.23503,	0.074148,	0.00609044},
{0.235191,	0.0740232,	0.00609044},
{0.235414,	0.074148,	0.00609044},
{0.235876,	0.0742729,	0.00609044},
{0.235919,	0.0743977,	0.00609044},
{0.236313,	0.0745225,	0.00609044},
{0.237966,	0.0746474,	0.00609044},
{0.238522,	0.0747722,	0.00609044},
{0.238655,	0.0746474,	0.00609044},
{0.239469,	0.0747722,	0.00609044},
{0.240118,	0.074897,	0.00609044},
{0.240936,	0.0750218,	0.00609044},
{0.241017,	0.0751467,	0.00609044},
{0.241286,	0.0752715,	0.00609044},
{0.24129,	0.0753963,	0.00609044},
{0.241616,	0.0755212,	0.00609044},
{0.242035,	0.075646,	0.00609044},
{0.242434,	0.0757708,	0.00609044},
{0.243088,	0.0758956,	0.00609044},
{0.24374,	0.0760205,	0.00609044},
{0.24383,	0.0761453,	0.00609044},
{0.244174,	0.0762701,	0.00609044},
{0.245264,	0.076395,	0.00609044},
{0.245912,	0.0765198,	0.00609044},
{0.246471,	0.0765198,	0.00617387},
{0.246847,	0.0766446,	0.00617387},
{0.247034,	0.0767694,	0.00617387},
{0.247253,	0.0768943,	0.00617387},
{0.247457,	0.0770191,	0.00617387},
{0.247691,	0.0771439,	0.00617387},
{0.247778,	0.0772688,	0.00617387},
{0.248541,	0.0773936,	0.00617387},
{0.248701,	0.0775184,	0.00617387},
{0.24876,	0.0776432,	0.00617387},
{0.249083,	0.0777681,	0.00617387},
{0.249989,	0.0778929,	0.00617387},
{0.251478,	0.0780177,	0.00617387},
{0.251847,	0.0781426,	0.00617387},
{0.251899,	0.0782674,	0.00617387},
{0.25195,	0.0782674,	0.0062573},
{0.252979,	0.0782674,	0.00634073},
{0.253682,	0.0783922,	0.00634073},
{0.253856,	0.078517,	0.00634073},
{0.253864,	0.0786419,	0.00634073},
{0.253921,	0.0787667,	0.00634073},
{0.25402,	0.0788915,	0.00634073},
{0.254056,	0.0790164,	0.00634073},
{0.254372,	0.0790164,	0.00642416},
{0.254784,	0.0791412,	0.00642416},
{0.256425,	0.079266,	0.00642416},
{0.256495,	0.0793908,	0.00642416},
{0.256688,	0.0795157,	0.00642416},
{0.256699,	0.0796405,	0.00642416},
{0.256742,	0.0797653,	0.00642416},
{0.257423,	0.0798902,	0.00642416},
{0.257937,	0.080015,	0.00642416},
{0.258114,	0.0801398,	0.00642416},
{0.258188,	0.0802646,	0.00642416},
{0.258195,	0.0803895,	0.00642416},
{0.258228,	0.0805143,	0.00642416},
{0.258298,	0.0806391,	0.00642416},
{0.258586,	0.0807639,	0.00642416},
{0.259303,	0.0806391,	0.00642416},
{0.259579,	0.0807639,	0.00642416},
{0.260028,	0.0808888,	0.00642416},
{0.260689,	0.0810136,	0.00642416},
{0.26084,	0.0810136,	0.00650759},
{0.261246,	0.0811384,	0.00650759},
{0.261456,	0.0811384,	0.00659102},
{0.262568,	0.0812633,	0.00659102},
{0.262587,	0.0813881,	0.00659102},
{0.263864,	0.0815129,	0.00659102},
{0.264137,	0.0816377,	0.00659102},
{0.264346,	0.0817626,	0.00659102},
{0.264835,	0.0818874,	0.00659102},
{0.264899,	0.0820122,	0.00659102},
{0.265308,	0.0821371,	0.00659102},
{0.265594,	0.0822619,	0.00659102},
{0.265671,	0.0823867,	0.00659102},
{0.265695,	0.0825115,	0.00659102},
{0.265711,	0.0826364,	0.00659102},
{0.266057,	0.0827612,	0.00659102},
{0.266249,	0.0827612,	0.00667445},
{0.266287,	0.082886,	0.00667445},
{0.266418,	0.0830109,	0.00667445},
{0.266529,	0.0831357,	0.00667445},
{0.267361,	0.0831357,	0.00675788},
{0.267518,	0.0832605,	0.00675788},
{0.267694,	0.0833853,	0.00675788},
{0.267698,	0.0835102,	0.00675788},
{0.268193,	0.083635,	0.00675788},
{0.268519,	0.0837598,	0.00675788},
{0.26859,	0.0838847,	0.00675788},
{0.269155,	0.0840095,	0.00675788},
{0.269832,	0.0841343,	0.00675788},
{0.270131,	0.0842591,	0.00675788},
{0.270325,	0.084384,	0.00675788},
{0.270565,	0.0845088,	0.00675788},
{0.270694,	0.0845088,	0.00675788},
{0.270699,	0.0846336,	0.00675788},
{0.271031,	0.0846336,	0.00684131},
{0.271084,	0.0845088,	0.00684131},
{0.271217,	0.0846336,	0.00684131},
{0.271305,	0.0847585,	0.00684131},
{0.272158,	0.0846336,	0.00684131},
{0.272766,	0.0847585,	0.00684131},
{0.272878,	0.0848833,	0.00684131},
{0.273172,	0.0850081,	0.00684131},
{0.273519,	0.0851329,	0.00684131},
{0.274249,	0.0852578,	0.00684131},
{0.274848,	0.0853826,	0.00684131},
{0.275527,	0.0853826,	0.00692475},
{0.276171,	0.0855074,	0.00692475},
{0.276739,	0.0853826,	0.00692475},
{0.276895,	0.0855074,	0.00692475},
{0.277385,	0.0856323,	0.00692475},
{0.277689,	0.0857571,	0.00692475},
{0.278012,	0.0858819,	0.00692475},
{0.278066,	0.0860067,	0.00692475},
{0.278257,	0.0861316,	0.00692475},
{0.278305,	0.0862564,	0.00692475},
{0.278602,	0.0863812,	0.00692475},
{0.278659,	0.0865061,	0.00692475},
{0.27875,	0.0866309,	0.00692475},
{0.279122,	0.0867557,	0.00692475},
{0.279286,	0.0868805,	0.00692475},
{0.279883,	0.0868805,	0.00700818},
{0.28029,	0.0870054,	0.00700818},
{0.280311,	0.0870054,	0.00709161},
{0.280526,	0.0871302,	0.00709161},
{0.280894,	0.087255,	0.00709161},
{0.281438,	0.087255,	0.00717504},
{0.28166,	0.0873799,	0.00717504},
{0.281779,	0.0875047,	0.00717504},
{0.282694,	0.0876295,	0.00717504},
{0.283198,	0.0876295,	0.00725847},
{0.283237,	0.0877543,	0.00725847},
{0.283765,	0.0878792,	0.00725847},
{0.283817,	0.088004,	0.00725847},
{0.283967,	0.0881288,	0.00725847},
{0.284578,	0.0881288,	0.0073419},
{0.286638,	0.0882537,	0.0073419},
{0.287961,	0.0883785,	0.0073419},
{0.288025,	0.0885033,	0.0073419},
{0.288292,	0.0886281,	0.0073419},
{0.288664,	0.088753,	0.0073419},
{0.288955,	0.0888778,	0.0073419},
{0.288969,	0.0890026,	0.0073419},
{0.28902,	0.0891274,	0.0073419},
{0.289111,	0.0892523,	0.0073419},
{0.289618,	0.0893771,	0.0073419},
{0.289684,	0.0895019,	0.0073419},
{0.290107,	0.0896268,	0.0073419},
{0.290519,	0.0897516,	0.0073419},
{0.290539,	0.0897516,	0.00742533},
{0.290574,	0.0898764,	0.00742533},
{0.290618,	0.0900012,	0.00742533},
{0.291509,	0.0901261,	0.00742533},
{0.291604,	0.0901261,	0.00750876},
{0.292452,	0.0902509,	0.00750876},
{0.292509,	0.0903757,	0.00750876},
{0.292648,	0.0903757,	0.00759219},
{0.292772,	0.0905006,	0.00759219},
{0.292879,	0.0906254,	0.00759219},
{0.29304,	0.0907502,	0.00759219},
{0.293782,	0.090875,	0.00759219},
{0.294069,	0.0909999,	0.00759219},
{0.295289,	0.0911247,	0.00759219},
{0.2953,	0.0912495,	0.00759219},
{0.295497,	0.0913744,	0.00759219},
{0.296494,	0.0914992,	0.00759219},
{0.296618,	0.091624,	0.00759219},
{0.296659,	0.0917488,	0.00759219},
{0.296675,	0.0918737,	0.00759219},
{0.296792,	0.0919985,	0.00759219},
{0.296938,	0.0919985,	0.00767562},
{0.297173,	0.0921233,	0.00767562},
{0.297196,	0.0922482,	0.00767562},
{0.297247,	0.092373,	0.00767562},
{0.29843,	0.0924978,	0.00767562},
{0.298539,	0.0926226,	0.00767562},
{0.29878,	0.0927475,	0.00767562},
{0.298836,	0.0928723,	0.00767562},
{0.299361,	0.0929971,	0.00767562},
{0.299378,	0.093122,	0.00767562},
{0.30077,	0.0932468,	0.00767562},
{0.301161,	0.0933716,	0.00767562},
{0.301286,	0.0934964,	0.00767562},
{0.301754,	0.0936213,	0.00767562},
{0.302554,	0.0934964,	0.00767562},
{0.302701,	0.0936213,	0.00767562},
{0.302859,	0.0936213,	0.00775905},
{0.303379,	0.0937461,	0.00775905},
{0.303564,	0.0938709,	0.00775905},
{0.303782,	0.0939958,	0.00775905},
{0.304013,	0.0941206,	0.00775905},
{0.304285,	0.0941206,	0.00784248},
{0.304313,	0.0942454,	0.00784248},
{0.304528,	0.0943702,	0.00784248},
{0.305303,	0.0944951,	0.00784248},
{0.305836,	0.0946199,	0.00784248},
{0.306245,	0.0947447,	0.00784248},
{0.30686,	0.0946199,	0.00784248},
{0.308039,	0.0947447,	0.00784248},
{0.308205,	0.0948696,	0.00784248},
{0.308879,	0.0949944,	0.00784248},
{0.309121,	0.0951192,	0.00784248},
{0.309392,	0.095244,	0.00784248},
{0.309868,	0.0953689,	0.00784248},
{0.310078,	0.0954937,	0.00784248},
{0.310482,	0.0956185,	0.00784248},
{0.310953,	0.0956185,	0.00792591},
{0.310968,	0.0957434,	0.00792591},
{0.311203,	0.0958682,	0.00792591},
{0.311355,	0.095993,	0.00792591},
{0.311355,	0.0961178,	0.00792591},
{0.313142,	0.0962427,	0.00792591},
{0.313147,	0.0963675,	0.00792591},
{0.313197,	0.0964923,	0.00792591},
{0.313533,	0.0966172,	0.00792591},
{0.314125,	0.096742,	0.00792591},
{0.314356,	0.0966172,	0.00792591},
{0.314992,	0.096742,	0.00792591},
{0.315138,	0.0968668,	0.00792591},
{0.315462,	0.0968668,	0.00800934},
{0.315469,	0.0969916,	0.00800934},
{0.315558,	0.0971165,	0.00800934},
{0.315613,	0.0972413,	0.00800934},
{0.315687,	0.0973661,	0.00800934},
{0.315707,	0.0974909,	0.00800934},
{0.316655,	0.0974909,	0.00809277},
{0.316837,	0.0976158,	0.00809277},
{0.317461,	0.0977406,	0.00809277},
{0.318001,	0.0978654,	0.00809277},
{0.318073,	0.0979903,	0.00809277},
{0.318987,	0.0979903,	0.00817621},
{0.319241,	0.0981151,	0.00817621},
{0.319386,	0.0982399,	0.00817621},
{0.319858,	0.0983647,	0.00817621},
{0.319934,	0.0984896,	0.00817621},
{0.320175,	0.0986144,	0.00817621},
{0.320483,	0.0987392,	0.00817621},
{0.320516,	0.0986144,	0.00817621},
{0.321107,	0.0987392,	0.00817621},
{0.321698,	0.0988641,	0.00817621},
{0.321863,	0.0987392,	0.00817621},
{0.32242,	0.0987392,	0.00825964},
{0.322663,	0.0988641,	0.00825964},
{0.322754,	0.0989889,	0.00825964},
{0.323753,	0.0991137,	0.00825964},
{0.323879,	0.0992385,	0.00825964},
{0.324113,	0.0993634,	0.00825964},
{0.3242,	0.0994882,	0.00825964},
{0.32428,	0.099613,	0.00825964},
{0.324299,	0.0997379,	0.00825964},
{0.324669,	0.0998627,	0.00825964},
{0.325823,	0.0998627,	0.00834307},
{0.32645,	0.0999875,	0.00834307},
{0.32772,	0.100112,	0.00834307},
{0.328157,	0.100112,	0.0084265},
{0.328338,	0.100237,	0.0084265},
{0.328641,	0.100237,	0.00850993},
{0.328833,	0.100237,	0.00859336},
{0.329449,	0.100237,	0.00867679},
{0.329604,	0.100362,	0.00867679},
{0.329624,	0.100487,	0.00867679},
{0.329688,	0.100612,	0.00867679},
{0.329758,	0.100736,	0.00867679},
{0.329999,	0.100861,	0.00867679},
{0.33009,	0.100986,	0.00867679},
{0.330361,	0.101111,	0.00867679},
{0.331288,	0.101236,	0.00867679},
{0.331296,	0.101361,	0.00867679},
{0.331341,	0.101485,	0.00867679},
{0.331406,	0.10161,	0.00867679},
{0.331809,	0.101735,	0.00867679},
{0.33223,	0.10186,	0.00867679},
{0.33227,	0.101985,	0.00867679},
{0.332759,	0.10211,	0.00867679},
{0.333179,	0.102234,	0.00867679},
{0.33336,	0.102234,	0.00876022},
{0.333598,	0.102359,	0.00876022},
{0.333959,	0.102484,	0.00876022},
{0.334027,	0.102609,	0.00876022},
{0.334167,	0.102734,	0.00876022},
{0.334299,	0.102859,	0.00876022},
{0.334416,	0.102859,	0.00884365},
{0.334901,	0.102983,	0.00884365},
{0.334916,	0.102983,	0.00892708},
{0.335079,	0.103108,	0.00892708},
{0.33556,	0.103233,	0.00892708},
{0.33611,	0.103233,	0.00901051},
{0.336448,	0.103358,	0.00901051},
{0.336746,	0.103483,	0.00901051},
{0.337131,	0.103608,	0.00901051},
{0.337185,	0.103732,	0.00901051},
{0.337416,	0.103857,	0.00901051},
{0.337619,	0.103982,	0.00901051},
{0.33824,	0.103982,	0.00909394},
{0.338778,	0.104107,	0.00909394},
{0.338987,	0.104232,	0.00909394},
{0.759975,	0.200724,	0.0189388},
{1.22692,	0.292098,	0.0317037},
{1.77242,	0.382599,	0.0444685},
{2.41745,	0.465859,	0.0595695},
{3.10855,	0.551242,	0.0724178},
{3.95475,	0.62876,	0.0889371},
{5.03842,	0.699039,	0.10846},
{6.4204,	0.76732,	0.125897},
{8.0401,	0.824741,	0.150342},
{10.34,	0.870803,	0.174954},
{13.4153,	0.908501,	0.201986},
{16.9501,	0.936837,	0.22835},
{21.3028,	0.955062,	0.249291},
{26.2547,	0.970665,	0.273903},
{31.9385,	0.980901,	0.293175},
{37.6432,	0.986519,	0.30861},
{43.9407,	0.990263,	0.323794},
{50.264,	0.994383,	0.334307},
{57.0421,	0.996255,	0.345737},
{63.9196,	0.996879,	0.35433},
{70.2977,	0.997379,	0.357751},
{76.8177,	0.997503,	0.36309},
{83.6679,	0.998003,	0.365677},
{90.9575,	0.998377,	0.36868},
{97.8606,	0.998377,	0.375271},
{104.763,	0.998627,	0.37961},
{112.216,	0.998877,	0.38278},
{119.076,	0.998752,	0.386618},
{125.758,	0.998003,	0.393459},
{133.008,	0.998502,	0.396045},
{140.261,	0.998502,	0.400384},
{147.675,	0.998377,	0.402553},
{154.675,	0.998377,	0.405223},
{161.894,	0.998752,	0.410896},
{169.315,	0.999126,	0.415485},
{176.797,	0.999126,	0.417737},
{184.096,	0.998252,	0.423744},
{191.342,	0.998752,	0.426498},
{198.938,	0.998752,	0.430919},
{206.684,	0.999001,	0.431337},
{214.566,	0.999376,	0.436259},
{222.133,	0.998877,	0.44602},
{229.531,	0.997628,	0.449191},
{237.135,	0.998003,	0.452194},
{244.668,	0.997878,	0.451694},
{251.987,	0.998627,	0.4572},
{259.78,	0.998252,	0.460871},
{267.748,	0.998003,	0.466628},
{275.477,	0.998377,	0.467462},
{283.332,	0.997628,	0.470299},
{290.999,	0.997379,	0.474887},
{299.203,	0.998252,	0.478558},
{307.061,	0.998502,	0.481645},
{314.799,	0.998128,	0.484315},
{322.566,	0.997503,	0.489404},
{330.576,	0.998252,	0.49466},
{338.231,	0.997254,	0.500501},
{346.309,	0.998003,	0.508593},
{354.785,	0.998003,	0.509928},
{363.238,	0.998377,	0.510095},
{371.024,	0.998252,	0.516936},
{379.312,	0.998128,	0.51727},
{387.617,	0.998128,	0.518772},
{396.89,	0.998377,	0.52261},
{405.096,	0.997753,	0.528033},
{413.537,	0.998752,	0.532288},
{421.947,	0.998377,	0.533956},
{430.298,	0.998252,	0.53696},
{438.474,	0.998003,	0.540464},
{446.182,	0.998377,	0.541632},
{455.009,	0.998003,	0.543134},
{463.729,	0.998128,	0.547889},
{472.801,	0.998627,	0.552728},
{480.985,	0.999001,	0.556483},
{489.8,	0.998877,	0.561071},
{499.128,	0.999126,	0.56032},
{507.818,	0.998627,	0.563908},
{516.337,	0.998377,	0.569998},
{524.761,	0.999001,	0.571917},
{533.727,	0.997254,	0.572251},
{542.222,	0.997004,	0.576756},
{551.143,	0.997753,	0.577007},
{559.724,	0.998252,	0.584515},
{569.023,	0.997503,	0.586684},
{578.406,	0.997254,	0.59169},
{587.856,	0.996879,	0.593442},
{596.996,	0.997129,	0.595278},
{606.044,	0.997129,	0.599032},
{615.733,	0.998377,	0.602953},
{625.011,	0.998377,	0.606291},
{634.011,	0.998377,	0.607292},
{643.092,	0.997753,	0.60821},
{652.902,	0.997628,	0.612715},
{661.975,	0.996879,	0.615551},
{671.394,	0.997129,	0.618555},
{681.873,	0.997878,	0.622142},
{691.327,	0.998377,	0.622393},
{700.502,	0.998502,	0.626064},
{710.362,	0.999126,	0.625897},
{720.998,	0.998627,	0.627983},
{730.275,	0.998502,	0.629484},
{739.881,	0.998502,	0.632822},
{749.991,	0.998377,	0.638912},
{760.17,	0.998377,	0.638328},
{769.857,	0.998252,	0.641332},
{779.842,	0.998003,	0.640581},
{789.784,	0.997254,	0.645587},
{799.366,	0.996879,	0.649758},
{809.383,	0.997129,	0.65151},
{819.134,	0.997004,	0.65468},
{829.395,	0.997004,	0.657767},
{839.479,	0.99638,	0.66294},
{849.735,	0.997878,	0.665777},
{859.883,	0.998128,	0.666361},
{870.199,	0.997628,	0.669031},
{881.11,	0.997753,	0.671283},
{892.342,	0.997878,	0.676706},
{903.227,	0.998252,	0.677624},
{914.642,	0.999126,	0.680377},
{925.663,	0.998627,	0.686551},
{936.545,	0.998377,	0.688386},
{947.487,	0.998252,	0.691223},
{958.613,	0.998627,	0.693643},
{969.192,	0.998377,	0.696563},
{979.898,	0.997878,	0.70015},
{991.032,	0.997878,	0.700901},
{1002.51,	0.997753,	0.704822},
{1013.79,	0.999001,	0.706741},
{1025.43,	0.998877,	0.709661},
{1036.86,	0.998752,	0.712915},
{1048.05,	0.998003,	0.716336},
{1058.13,	0.997254,	0.718004},
{1069.83,	0.997878,	0.721342},
{1080.78,	0.997753,	0.724595},
{1092.58,	0.997129,	0.725597},
{1103.83,	0.997878,	0.727432},
{1115.89,	0.997004,	0.732605},
{1127.67,	0.997379,	0.731604},
{1139.62,	0.997878,	0.73419},
{1151.66,	0.997753,	0.739029},
{1164.4,	0.997878,	0.739947},
{1176.49,	0.997753,	0.742533},
{1187.91,	0.997878,	0.74587},
{1200.29,	0.997753,	0.747956},
{1212.41,	0.996879,	0.749207},
{1224.99,	0.997379,	0.752127},
{1237.04,	0.997878,	0.755214},
{1249.63,	0.996754,	0.757467},
{1261.53,	0.996879,	0.761472},
{1274.66,	0.99663,	0.762389},
{1287.21,	0.99613,	0.765977},
{1300.65,	0.99638,	0.769064},
{1313.05,	0.997004,	0.770649},
{1326.09,	0.997129,	0.770482},
{1339.52,	0.996879,	0.773152},
{1352.44,	0.997129,	0.776156},
{1366.09,	0.998003,	0.777991},
{1378.48,	0.996505,	0.781579},
{1391.43,	0.997004,	0.782747},
{1404.24,	0.99638,	0.784832},
{1417.52,	0.99638,	0.78575},
{1430.81,	0.996754,	0.788587},
{1444.63,	0.996754,	0.790172},
{1458.14,	0.997254,	0.796346},
{1471.61,	0.997254,	0.800517},
{1485.43,	0.997004,	0.801435},
{1498.92,	0.997878,	0.806524},
{1512.41,	0.997129,	0.809277},
{1527.17,	0.998003,	0.813115},
{1541.99,	0.997878,	0.81395},
{1556.83,	0.997129,	0.815952},
{1572.02,	0.997503,	0.819373},
{1588.08,	0.99638,	0.821709},
{1601.2,	0.995881,	0.823127},
{1615.2,	0.995881,	0.825964},
{1629.55,	0.995631,	0.828717},
{1644.07,	0.996754,	0.830719},
{1659.49,	0.99613,	0.833723},
{1674.65,	0.995881,	0.837143},
{1689.71,	0.995007,	0.838228},
{1704.57,	0.995132,	0.840564},
{1718.93,	0.995132,	0.843818},
{1734.47,	0.994882,	0.846571},
{1749.85,	0.994383,	0.849074},
{1764.29,	0.994008,	0.849741},
{1779.04,	0.993759,	0.853663},
{1794.7,	0.994008,	0.859252},
{1809.4,	0.994383,	0.86259},
{1824.52,	0.994258,	0.867095},
{1839.84,	0.995631,	0.870933},
{1856.6,	0.994383,	0.872768},
{1872.59,	0.995506,	0.875355},
{1889.11,	0.994757,	0.876022},
{1906.04,	0.993759,	0.876773},
{1923.45,	0.994882,	0.878608},
{1940.9,	0.994008,	0.880778},
{1958.28,	0.994632,	0.882446},
{1975.19,	0.995381,	0.882446},
{1993.38,	0.994632,	0.886367},
{2011.08,	0.995007,	0.890706},
{2029.8,	0.995881,	0.89104},
{2049.03,	0.996879,	0.892792},
{2066.52,	0.994383,	0.893709},
{2084.04,	0.995132,	0.896296},
{2102.99,	0.995506,	0.898131},
{2122.23,	0.995257,	0.90005},
{2140.45,	0.995381,	0.903054},
{2158.01,	0.993883,	0.904305},
{2175.88,	0.994508,	0.904639},
{2193.48,	0.993883,	0.908143},
{2210.9,	0.994133,	0.909811},
{2230.45,	0.994508,	0.913316},
{2250.68,	0.995381,	0.915735},
{2270.8,	0.995007,	0.91757},
{2291.45,	0.995007,	0.916736},
{2311.03,	0.994383,	0.920491},
{2330.74,	0.993259,	0.922493},
{2349.28,	0.993759,	0.923661},
{2369.08,	0.993759,	0.926748},
{2389.55,	0.992885,	0.927832},
{2409.86,	0.993634,	0.930335},
{2429.87,	0.991761,	0.933089},
{2449.74,	0.992136,	0.935258},
{2469.5,	0.992385,	0.93676},
{2490.7,	0.991262,	0.940597},
{2510.7,	0.990763,	0.941098},
{2531.4,	0.991761,	0.943935},
{2553.22,	0.992385,	0.946604},
{2574.81,	0.992261,	0.948356},
{2596.73,	0.991137,	0.949524},
{2616.64,	0.990263,	0.952111},
{2638.94,	0.990638,	0.953195},
{2661.38,	0.991636,	0.954447},
{2683.12,	0.990888,	0.955448},
{2703.63,	0.989764,	0.956366},
{2723.75,	0.989015,	0.957534},
{2744.61,	0.98914,	0.958952},
{2766.14,	0.990263,	0.96012},
{2785.69,	0.988516,	0.961121},
{2804.43,	0.988641,	0.961956},
{2823.61,	0.987018,	0.964709},
{2840.85,	0.987642,	0.966878},
{2859.14,	0.987892,	0.965793},
{2878.4,	0.98889,	0.968046},
{2901.41,	0.989265,	0.968797},
{2922.97,	0.990388,	0.970549},
{2946.62,	0.990388,	0.972468},
{2969.28,	0.98939,	0.972718},
{2992.05,	0.988516,	0.971967},
{3013.81,	0.988266,	0.972384},
{3034.42,	0.986893,	0.973886},
{3056.38,	0.986893,	0.973636},
{3075.74,	0.986768,	0.973886},
{3092.96,	0.98552,	0.975555},
{3112.03,	0.98552,	0.975138},
{3129.87,	0.984646,	0.975972},
{3148.87,	0.985894,	0.97714},
{3167.74,	0.985894,	0.977223},
{3186.39,	0.985894,	0.978391},
{3204.41,	0.984896,	0.978892},
{3220.83,	0.984272,	0.979559},
{3239.12,	0.984521,	0.980477},
{3255.59,	0.981775,	0.981145},
{3272.07,	0.9819,	0.981395},
{3287.44,	0.9819,	0.980728},
{3302.09,	0.98215,	0.980894},
{3318.31,	0.983273,	0.980978},
{3336.01,	0.984521,	0.981478},
{3353.53,	0.983897,	0.980477},
{3372.41,	0.98552,	0.978975},
{3392.2,	0.98527,	0.980394},
{3410.42,	0.984771,	0.980394},
{3428.33,	0.984896,	0.981645},
{3446.51,	0.983398,	0.982313},
{3464.39,	0.983772,	0.983981},
{3480.67,	0.982774,	0.984232},
{3497.6,	0.982774,	0.984315},
{3514.94,	0.982399,	0.984982},
{3531.48,	0.984147,	0.985316},
{3548.78,	0.984521,	0.985817},
{3565.18,	0.984896,	0.984649},
{3584.96,	0.984521,	0.984816},
{3603.75,	0.984147,	0.985733},
{3621.22,	0.984147,	0.986735},
{3639.49,	0.984896,	0.986234},
{3659.87,	0.985145,	0.987068},
{3678.67,	0.985894,	0.986651},
{3697.82,	0.98527,	0.987152},
{3714.49,	0.984022,	0.988153},
{3734.26,	0.986394,	0.987652},
{3752.87,	0.984272,	0.98857},
{3772.42,	0.984396,	0.989154},
{3790.22,	0.983523,	0.990155},
{3808.97,	0.983772,	0.990239},
{3825.09,	0.983523,	0.988737},
{3840.71,	0.983023,	0.98857},
{3856.89,	0.98165,	0.987068},
{3872.49,	0.982399,	0.98832},
{3887.97,	0.982025,	0.986818},
{3903.87,	0.981276,	0.986985},
{3918.99,	0.982274,	0.988236},
{3935.59,	0.980901,	0.989404},
{3950.7,	0.9819,	0.990239},
{3966.99,	0.981276,	0.990739},
{3983.99,	0.9819,	0.99124},
{3999.88,	0.981026,	0.991073},
{4014.57,	0.980027,	0.991323},
{4029.11,	0.980152,	0.99124},
{4043.11,	0.978405,	0.990989},
{4058.17,	0.977905,	0.990739},
{4072.51,	0.977905,	0.99174},
{4087.72,	0.980152,	0.991574},
{4102.86,	0.980776,	0.992324},
{4118.45,	0.980901,	0.992742},
{4133.65,	0.981151,	0.992992},
{4149.05,	0.981525,	0.99391},
{4165.05,	0.982899,	0.993743},
{4181.42,	0.980776,	0.993159},
{4197.03,	0.981775,	0.993659},
{4214.04,	0.982025,	0.994327},
{4231.26,	0.982399,	0.994577},
{4247.97,	0.981276,	0.994577},
{4264.64,	0.982899,	0.994911},
{4280.93,	0.982899,	0.994744},
{4296.25,	0.982899,	0.994744},
{4312.62,	0.983148,	0.99416},
{4320.02,	0.982524,	0.994076}};
