********************** RESULTS *********************
Sum of squared residuals (SSR) = 0.0776108
{c} = 0.0372 5.5932 1.8668
{k} =    10.5279   0.792332  0.0875063     3.1742    2.15588   0.508397    1.33995    2.81604 0.00072727
kAA = 10.5279
kAB = 0.792332
kBB = 0.0875063
kBA = 3.1742
kAmA = 2.15588
kAmB = 0.508397
kBmB = 1.33995
kBmA = 2.81604
kT = 0.00072727
rA = 13.2873
rB = 0.027568
rA-A = kA-A/kAA = 0.204777
rA-B = kA-B/kAB = 0.641647
rB-B = kB-B/kBB = 15.3126
rB-A = kB-A/kBA = 0.887166
********************* FIT DATA *********************
data = {{0,	0,	0},
{0.5,	0.173895,	0.0625477},
{1,	0.262345,	0.0458199},
{3,	0.657586,	0.092354},
{5,	0.809826,	0.079143},
{10,	0.946444,	0.0843611},
{30,	0.962664,	0.291478},
{60,	0.9553,	0.306912},
{150,	0.947915,	0.309431},
{240,	0.950258,	0.425221},
{360,	0.9691,	0.435094},
{1440,	0.982482,	0.76412},
{2880,	0.983215,	0.918527},
{4320,	0.953818,	0.845907}};
********************* BEST FIT *********************
fit = {{0,	0,	0},
{0.000274917,	6.65115e-05,	0},
{0.000327355,	0.000133023,	0},
{0.000370431,	0.000199534,	0},
{0.000544182,	0.000266046,	0},
{0.00068068,	0.000332557,	0},
{0.000695055,	0.000399069,	0},
{0.00130623,	0.00046558,	0},
{0.00168136,	0.000532092,	0},
{0.00177675,	0.000598603,	0},
{0.00196231,	0.000665115,	0},
{0.00206533,	0.000731626,	0},
{0.00213362,	0.000798138,	0},
{0.0022701,	0.000864649,	0},
{0.00234171,	0.000931161,	0},
{0.00268862,	0.000997672,	0},
{0.00279449,	0.00106418,	0},
{0.00327154,	0.0011307,	0},
{0.00329723,	0.00119721,	0},
{0.0035028,	0.00126372,	0},
{0.00357171,	0.00133023,	0},
{0.00365034,	0.00139674,	0},
{0.00401232,	0.00146325,	0},
{0.00402436,	0.00152976,	0},
{0.00442568,	0.00159628,	0},
{0.00462152,	0.00166279,	0},
{0.00504812,	0.0017293,	0},
{0.0054094,	0.0017293,	0.000199283},
{0.00564862,	0.00179581,	0.000199283},
{0.00565281,	0.00186232,	0.000199283},
{0.00587413,	0.00192883,	0.000199283},
{0.00618124,	0.00199534,	0.000199283},
{0.00637412,	0.00206186,	0.000199283},
{0.00648436,	0.00212837,	0.000199283},
{0.00671832,	0.00219488,	0.000199283},
{0.00701226,	0.00226139,	0.000199283},
{0.00710812,	0.0023279,	0.000199283},
{0.0074005,	0.00239441,	0.000199283},
{0.00740209,	0.00246092,	0.000199283},
{0.00760998,	0.00252744,	0.000199283},
{0.00786999,	0.00259395,	0.000199283},
{0.00805472,	0.00266046,	0.000199283},
{0.00824181,	0.00272697,	0.000199283},
{0.00838219,	0.00279348,	0.000199283},
{0.00842515,	0.00285999,	0.000199283},
{0.00883655,	0.0029265,	0.000199283},
{0.00884171,	0.00299302,	0.000199283},
{0.00897445,	0.00305953,	0.000199283},
{0.00922989,	0.00312604,	0.000199283},
{0.00959213,	0.00319255,	0.000199283},
{0.00963641,	0.00325906,	0.000199283},
{0.00977052,	0.00332557,	0.000199283},
{0.00992172,	0.00339209,	0.000199283},
{0.0102702,	0.0034586,	0.000199283},
{0.0103344,	0.00352511,	0.000199283},
{0.0105021,	0.00359162,	0.000199283},
{0.0105272,	0.00365813,	0.000199283},
{0.0105591,	0.00372464,	0.000199283},
{0.0105665,	0.00379115,	0.000199283},
{0.0107753,	0.00385767,	0.000199283},
{0.0108595,	0.00392418,	0.000199283},
{0.010871,	0.00399069,	0.000199283},
{0.0111848,	0.0040572,	0.000199283},
{0.0115102,	0.00412371,	0.000199283},
{0.0116615,	0.00419022,	0.000199283},
{0.0116738,	0.00425673,	0.000199283},
{0.0117397,	0.00432325,	0.000199283},
{0.011904,	0.00438976,	0.000199283},
{0.0121711,	0.00445627,	0.000199283},
{0.0121873,	0.00452278,	0.000199283},
{0.0122173,	0.00458929,	0.000199283},
{0.0122223,	0.0046558,	0.000199283},
{0.0122683,	0.00472231,	0.000199283},
{0.0129106,	0.00478883,	0.000199283},
{0.0129311,	0.00485534,	0.000199283},
{0.01301,	0.00492185,	0.000199283},
{0.0130783,	0.00498836,	0.000199283},
{0.0131338,	0.00505487,	0.000199283},
{0.0133435,	0.00512138,	0.000199283},
{0.0135236,	0.00518789,	0.000199283},
{0.0143749,	0.00525441,	0.000199283},
{0.0145443,	0.00518789,	0.000199283},
{0.0148856,	0.00525441,	0.000199283},
{0.0152483,	0.00532092,	0.000199283},
{0.0152603,	0.00538743,	0.000199283},
{0.0152781,	0.00545394,	0.000199283},
{0.0156068,	0.00552045,	0.000199283},
{0.0156748,	0.00558696,	0.000199283},
{0.0162962,	0.00565348,	0.000199283},
{0.0163783,	0.00571999,	0.000199283},
{0.0164226,	0.0057865,	0.000199283},
{0.0165209,	0.00585301,	0.000199283},
{0.0165263,	0.00591952,	0.000199283},
{0.0165308,	0.00598603,	0.000199283},
{0.0166707,	0.00605254,	0.000199283},
{0.0167668,	0.00611906,	0.000199283},
{0.0169832,	0.00618557,	0.000199283},
{0.0171795,	0.00625208,	0.000199283},
{0.0172511,	0.00631859,	0.000199283},
{0.0175083,	0.0063851,	0.000199283},
{0.017533,	0.00645161,	0.000199283},
{0.017607,	0.00651812,	0.000199283},
{0.0176911,	0.00658464,	0.000199283},
{0.0177497,	0.00665115,	0.000199283},
{0.0181577,	0.00671766,	0.000199283},
{0.0182283,	0.00678417,	0.000199283},
{0.0184095,	0.00685068,	0.000199283},
{0.018643,	0.00691719,	0.000199283},
{0.0187294,	0.0069837,	0.000199283},
{0.019079,	0.00705022,	0.000199283},
{0.0192296,	0.00711673,	0.000199283},
{0.0195417,	0.00718324,	0.000199283},
{0.0195441,	0.00724975,	0.000199283},
{0.0200344,	0.00731626,	0.000199283},
{0.0200383,	0.00738277,	0.000199283},
{0.0202448,	0.00744929,	0.000199283},
{0.0203863,	0.0075158,	0.000199283},
{0.0204486,	0.00758231,	0.000199283},
{0.020454,	0.00764882,	0.000199283},
{0.0206707,	0.00771533,	0.000199283},
{0.020671,	0.00778184,	0.000199283},
{0.0207917,	0.00784835,	0.000199283},
{0.0210606,	0.00791487,	0.000199283},
{0.0210906,	0.00798138,	0.000199283},
{0.0213652,	0.00804789,	0.000199283},
{0.0213802,	0.0081144,	0.000199283},
{0.0217115,	0.00818091,	0.000199283},
{0.0219065,	0.00824742,	0.000199283},
{0.0220124,	0.00831393,	0.000199283},
{0.0222614,	0.00838045,	0.000199283},
{0.0223273,	0.00844696,	0.000199283},
{0.0224137,	0.00851347,	0.000199283},
{0.0229782,	0.00857998,	0.000199283},
{0.0230786,	0.00864649,	0.000199283},
{0.0232652,	0.008713,	0.000199283},
{0.0233903,	0.00877951,	0.000199283},
{0.0234264,	0.00884603,	0.000199283},
{0.0234339,	0.00891254,	0.000199283},
{0.0235643,	0.00897905,	0.000199283},
{0.0235677,	0.00904556,	0.000199283},
{0.0241372,	0.00911207,	0.000199283},
{0.0241618,	0.00917858,	0.000199283},
{0.0243197,	0.00924509,	0.000199283},
{0.024502,	0.00931161,	0.000199283},
{0.0245778,	0.00937812,	0.000199283},
{0.0249545,	0.00944463,	0.000199283},
{0.0251523,	0.00951114,	0.000199283},
{0.0252201,	0.00957765,	0.000199283},
{0.0252233,	0.00964416,	0.000199283},
{0.0252498,	0.00971068,	0.000199283},
{0.0252565,	0.00977719,	0.000199283},
{0.0253848,	0.0098437,	0.000199283},
{0.0254189,	0.00991021,	0.000199283},
{0.0257342,	0.00997672,	0.000199283},
{0.0258633,	0.0100432,	0.000199283},
{0.0258855,	0.0101097,	0.000199283},
{0.0260348,	0.0101763,	0.000199283},
{0.0261027,	0.0102428,	0.000199283},
{0.0261716,	0.0103093,	0.000199283},
{0.0263213,	0.0103758,	0.000199283},
{0.0264466,	0.0104423,	0.000199283},
{0.0266412,	0.0105088,	0.000199283},
{0.0274679,	0.0105753,	0.000199283},
{0.0276607,	0.0106418,	0.000199283},
{0.0277591,	0.0107083,	0.000199283},
{0.0280104,	0.0107749,	0.000199283},
{0.0280415,	0.0108414,	0.000199283},
{0.0281261,	0.0109079,	0.000199283},
{0.0281498,	0.0109744,	0.000199283},
{0.0282877,	0.0110409,	0.000199283},
{0.0285714,	0.0111074,	0.000199283},
{0.0290593,	0.0111739,	0.000199283},
{0.0291223,	0.0112404,	0.000199283},
{0.0293385,	0.011307,	0.000199283},
{0.0294282,	0.0113735,	0.000199283},
{0.0294809,	0.01144,	0.000199283},
{0.0295315,	0.0115065,	0.000199283},
{0.0295817,	0.011573,	0.000199283},
{0.0296066,	0.0116395,	0.000199283},
{0.0296295,	0.011706,	0.000199283},
{0.0300027,	0.0117725,	0.000199283},
{0.0302521,	0.011839,	0.000199283},
{0.0303536,	0.0119056,	0.000199283},
{0.0303911,	0.0119721,	0.000199283},
{0.0310733,	0.0120386,	0.000199283},
{0.0316951,	0.0121051,	0.000199283},
{0.0318906,	0.0121716,	0.000199283},
{0.0320725,	0.0122381,	0.000199283},
{0.0323882,	0.0123046,	0.000199283},
{0.0328061,	0.0123711,	0.000199283},
{0.0328577,	0.0124376,	0.000199283},
{0.0330281,	0.0125042,	0.000199283},
{0.0331189,	0.0125707,	0.000199283},
{0.0332035,	0.0126372,	0.000199283},
{0.0334848,	0.0127037,	0.000199283},
{0.0339146,	0.0127702,	0.000199283},
{0.0339507,	0.0128367,	0.000199283},
{0.0340568,	0.0129032,	0.000199283},
{0.0340648,	0.0129697,	0.000199283},
{0.0343015,	0.0130362,	0.000199283},
{0.0343117,	0.0131028,	0.000199283},
{0.0343319,	0.0131693,	0.000199283},
{0.0344834,	0.0132358,	0.000199283},
{0.0346625,	0.0133023,	0.000199283},
{0.0352199,	0.0133688,	0.000199283},
{0.035246,	0.0134353,	0.000199283},
{0.0352551,	0.0135018,	0.000199283},
{0.0352939,	0.0135683,	0.000199283},
{0.0357036,	0.0136349,	0.000199283},
{0.0357249,	0.0137014,	0.000199283},
{0.0358468,	0.0137679,	0.000199283},
{0.0360968,	0.0138344,	0.000199283},
{0.0361499,	0.0139009,	0.000199283},
{0.0361772,	0.0139674,	0.000199283},
{0.0362412,	0.0140339,	0.000199283},
{0.0362739,	0.0141004,	0.000199283},
{0.0364015,	0.0141669,	0.000199283},
{0.0365362,	0.0142335,	0.000199283},
{0.0367174,	0.0143,	0.000199283},
{0.0368124,	0.0143665,	0.000199283},
{0.0369213,	0.014433,	0.000199283},
{0.0369316,	0.0144995,	0.000199283},
{0.0369523,	0.014566,	0.000199283},
{0.0369593,	0.0146325,	0.000199283},
{0.0370092,	0.014699,	0.000199283},
{0.0371506,	0.0147655,	0.000199283},
{0.0373794,	0.014699,	0.000199283},
{0.0378648,	0.0147655,	0.000199283},
{0.0380657,	0.0148321,	0.000199283},
{0.0383827,	0.0148986,	0.000199283},
{0.0384307,	0.0149651,	0.000199283},
{0.0385743,	0.0150316,	0.000199283},
{0.0388241,	0.0150981,	0.000199283},
{0.0390024,	0.0151646,	0.000199283},
{0.039017,	0.0152311,	0.000199283},
{0.0392392,	0.0152976,	0.000199283},
{0.0393319,	0.0153642,	0.000199283},
{0.0401029,	0.0154307,	0.000199283},
{0.0402519,	0.0154972,	0.000199283},
{0.0403273,	0.0155637,	0.000199283},
{0.0406849,	0.0156302,	0.000199283},
{0.0407554,	0.0156967,	0.000199283},
{0.0408805,	0.0157632,	0.000199283},
{0.0409213,	0.0157632,	0.000398565},
{0.0412482,	0.0158297,	0.000398565},
{0.0414248,	0.0158962,	0.000398565},
{0.041615,	0.0159628,	0.000398565},
{0.0416446,	0.0160293,	0.000398565},
{0.0417645,	0.0159628,	0.000398565},
{0.0417828,	0.0160293,	0.000398565},
{0.0418961,	0.0160958,	0.000398565},
{0.0424048,	0.0161623,	0.000398565},
{0.0425115,	0.0162288,	0.000398565},
{0.0425378,	0.0162953,	0.000398565},
{0.0426051,	0.0163618,	0.000398565},
{0.0426071,	0.0164283,	0.000398565},
{0.0426304,	0.0164948,	0.000398565},
{0.0428416,	0.0165614,	0.000398565},
{0.0429436,	0.0166279,	0.000398565},
{0.0433843,	0.0166944,	0.000398565},
{0.0436214,	0.0167609,	0.000398565},
{0.0436257,	0.0168274,	0.000398565},
{0.0437364,	0.0168939,	0.000398565},
{0.0440754,	0.0169604,	0.000398565},
{0.0447243,	0.0170269,	0.000398565},
{0.0448196,	0.0170934,	0.000398565},
{0.0448298,	0.01716,	0.000398565},
{0.0448747,	0.0172265,	0.000398565},
{0.0449924,	0.017293,	0.000398565},
{0.0450378,	0.0173595,	0.000398565},
{0.0451062,	0.017426,	0.000398565},
{0.0451383,	0.0174925,	0.000398565},
{0.0452258,	0.017559,	0.000398565},
{0.0452813,	0.0176255,	0.000398565},
{0.0453937,	0.0176921,	0.000398565},
{0.0454434,	0.0177586,	0.000398565},
{0.0460122,	0.0178251,	0.000398565},
{0.0461753,	0.0178916,	0.000398565},
{0.0463125,	0.0179581,	0.000398565},
{0.046432,	0.0180246,	0.000398565},
{0.0474822,	0.0180911,	0.000398565},
{0.047681,	0.0181576,	0.000398565},
{0.0479528,	0.0182241,	0.000398565},
{0.0488744,	0.0182907,	0.000398565},
{0.0488976,	0.0183572,	0.000398565},
{0.0490808,	0.0184237,	0.000398565},
{0.0492062,	0.0184902,	0.000398565},
{0.0492426,	0.0185567,	0.000398565},
{0.0495927,	0.0186232,	0.000398565},
{0.0499823,	0.0185567,	0.000398565},
{0.0500027,	0.0186232,	0.000398565},
{0.0500292,	0.0186897,	0.000398565},
{0.0503389,	0.0187562,	0.000398565},
{0.050364,	0.0186897,	0.000398565},
{0.0504053,	0.0187562,	0.000398565},
{0.0504615,	0.0188227,	0.000398565},
{0.0505848,	0.0188893,	0.000398565},
{0.0506869,	0.0189558,	0.000398565},
{0.0507745,	0.0188893,	0.000398565},
{0.0508939,	0.0189558,	0.000398565},
{0.0510014,	0.0190223,	0.000398565},
{0.051801,	0.0190888,	0.000398565},
{0.0518174,	0.0191553,	0.000398565},
{0.051873,	0.0192218,	0.000398565},
{0.0520316,	0.0192883,	0.000398565},
{0.0521881,	0.0193548,	0.000398565},
{0.0523562,	0.0194214,	0.000398565},
{0.052683,	0.0194879,	0.000398565},
{0.0528455,	0.0195544,	0.000398565},
{0.0529178,	0.0196209,	0.000398565},
{0.0529435,	0.0196874,	0.000398565},
{0.0529805,	0.0197539,	0.000398565},
{0.0530162,	0.0198204,	0.000398565},
{0.0530294,	0.0198869,	0.000398565},
{0.0531841,	0.0199534,	0.000398565},
{0.0532441,	0.02002,	0.000398565},
{0.0534918,	0.0200865,	0.000398565},
{0.0537118,	0.020153,	0.000398565},
{0.0541436,	0.0202195,	0.000398565},
{0.0544494,	0.020286,	0.000398565},
{0.0547747,	0.0203525,	0.000398565},
{0.0548586,	0.020419,	0.000398565},
{0.0549735,	0.0204855,	0.000398565},
{0.0549931,	0.020552,	0.000398565},
{0.0549934,	0.0204855,	0.000398565},
{0.0551224,	0.020552,	0.000398565},
{0.0552651,	0.0206186,	0.000398565},
{0.0553684,	0.0206851,	0.000398565},
{0.0555526,	0.0207516,	0.000398565},
{0.0556501,	0.0206851,	0.000398565},
{0.0557689,	0.0207516,	0.000398565},
{0.0558114,	0.0208181,	0.000398565},
{0.0559591,	0.0208846,	0.000398565},
{0.0560142,	0.0209511,	0.000398565},
{0.0560393,	0.0210176,	0.000398565},
{0.0560432,	0.0210841,	0.000398565},
{0.0561554,	0.0210176,	0.000398565},
{0.0561988,	0.0210841,	0.000398565},
{0.0562097,	0.0211506,	0.000398565},
{0.0562197,	0.0210841,	0.000398565},
{0.0564111,	0.0211506,	0.000398565},
{0.056517,	0.0212172,	0.000398565},
{0.056894,	0.0212837,	0.000398565},
{0.0571957,	0.0213502,	0.000398565},
{0.0572457,	0.0214167,	0.000398565},
{0.0572615,	0.0214832,	0.000398565},
{0.0575646,	0.0215497,	0.000398565},
{0.057599,	0.0216162,	0.000398565},
{0.0579752,	0.0216827,	0.000398565},
{0.0580836,	0.0217493,	0.000398565},
{0.0580924,	0.0218158,	0.000398565},
{0.0582137,	0.0218158,	0.000597848},
{0.0583352,	0.0218823,	0.000597848},
{0.0588641,	0.0219488,	0.000597848},
{0.0589454,	0.0220153,	0.000597848},
{0.0590221,	0.0220818,	0.000597848},
{0.0590279,	0.0221483,	0.000597848},
{0.0591305,	0.0222148,	0.000597848},
{0.0592574,	0.0222813,	0.000597848},
{0.0593153,	0.0223479,	0.000597848},
{0.05967,	0.0224144,	0.000597848},
{0.0599238,	0.0224809,	0.000597848},
{0.0600755,	0.0225474,	0.000597848},
{0.0602612,	0.0226139,	0.000597848},
{0.0602789,	0.0226804,	0.000597848},
{0.0602826,	0.0227469,	0.000597848},
{0.0606656,	0.0228134,	0.000597848},
{0.0607239,	0.0228799,	0.000597848},
{0.0608531,	0.0229465,	0.000597848},
{0.060967,	0.023013,	0.000597848},
{0.0611064,	0.0230795,	0.000597848},
{0.0611251,	0.023146,	0.000597848},
{0.0611976,	0.0232125,	0.000597848},
{0.0614352,	0.023279,	0.000597848},
{0.0616631,	0.0233455,	0.000597848},
{0.0617966,	0.023412,	0.000597848},
{0.0619706,	0.0234786,	0.000597848},
{0.0622128,	0.0235451,	0.000597848},
{0.0628355,	0.0236116,	0.000597848},
{0.0628775,	0.0236781,	0.000597848},
{0.0629482,	0.0237446,	0.000597848},
{0.0635695,	0.0238111,	0.000597848},
{0.0635811,	0.0238776,	0.000597848},
{0.0635841,	0.0239441,	0.000597848},
{0.063645,	0.0240106,	0.000597848},
{0.0636635,	0.0240772,	0.000597848},
{0.063739,	0.0241437,	0.000597848},
{0.0637932,	0.0242102,	0.000597848},
{0.0638216,	0.0242767,	0.000597848},
{0.0638287,	0.0243432,	0.000597848},
{0.063973,	0.0244097,	0.000597848},
{0.0640218,	0.0244762,	0.000597848},
{0.0641836,	0.0245427,	0.000597848},
{0.0642667,	0.0246092,	0.000597848},
{0.0644815,	0.0246758,	0.000597848},
{0.0648298,	0.0247423,	0.000597848},
{0.065034,	0.0248088,	0.000597848},
{0.0650415,	0.0248753,	0.000597848},
{0.0651492,	0.0249418,	0.000597848},
{0.0653089,	0.0250083,	0.000597848},
{0.0654722,	0.0250748,	0.000597848},
{0.0657279,	0.0251413,	0.000597848},
{0.0668756,	0.0252078,	0.000597848},
{0.066899,	0.0252744,	0.000597848},
{0.0670851,	0.0252744,	0.00079713},
{0.0673264,	0.0253409,	0.00079713},
{0.0675764,	0.0254074,	0.00079713},
{0.067775,	0.0254739,	0.00079713},
{0.0681058,	0.0255404,	0.00079713},
{0.0681351,	0.0256069,	0.00079713},
{0.0681669,	0.0256734,	0.00079713},
{0.0682544,	0.0257399,	0.00079713},
{0.0684284,	0.0258065,	0.00079713},
{0.0684323,	0.025873,	0.00079713},
{0.0684965,	0.0259395,	0.00079713},
{0.0687805,	0.026006,	0.00079713},
{0.068883,	0.0260725,	0.00079713},
{0.0692339,	0.026139,	0.00079713},
{0.0693666,	0.0262055,	0.00079713},
{0.0693987,	0.026272,	0.00079713},
{0.0694083,	0.0263385,	0.00079713},
{0.0694208,	0.0264051,	0.00079713},
{0.0695143,	0.0264716,	0.00079713},
{0.0696698,	0.0265381,	0.00079713},
{0.0696774,	0.0266046,	0.00079713},
{0.069944,	0.0266711,	0.00079713},
{0.0700438,	0.0267376,	0.00079713},
{0.070102,	0.0268041,	0.00079713},
{0.0706479,	0.0268706,	0.00079713},
{0.0708853,	0.0269371,	0.00079713},
{0.0711578,	0.0270037,	0.00079713},
{0.0719868,	0.0270702,	0.00079713},
{0.0720378,	0.0271367,	0.00079713},
{0.0720829,	0.0272032,	0.00079713},
{0.0724904,	0.0272697,	0.00079713},
{0.0724942,	0.0273362,	0.00079713},
{0.0726464,	0.0274027,	0.00079713},
{0.0727505,	0.0274692,	0.00079713},
{0.07278,	0.0275357,	0.00079713},
{0.0730376,	0.0276023,	0.00079713},
{0.0733063,	0.0276688,	0.00079713},
{0.0735459,	0.0277353,	0.00079713},
{0.0735732,	0.0278018,	0.00079713},
{0.0737261,	0.0278683,	0.00079713},
{0.0737291,	0.0278018,	0.00079713},
{0.0737773,	0.0278683,	0.00079713},
{0.0740777,	0.0279348,	0.00079713},
{0.0744363,	0.0280013,	0.00079713},
{0.074454,	0.0280678,	0.00079713},
{0.0745683,	0.0281344,	0.00079713},
{0.0746776,	0.0282009,	0.00079713},
{0.0748761,	0.0282674,	0.00079713},
{0.0753244,	0.0283339,	0.00079713},
{0.0753318,	0.0284004,	0.00079713},
{0.0753972,	0.0284669,	0.00079713},
{0.0754911,	0.0285334,	0.00079713},
{0.0760478,	0.0285999,	0.00079713},
{0.0761827,	0.0286664,	0.00079713},
{0.076632,	0.028733,	0.00079713},
{0.0770157,	0.0287995,	0.00079713},
{0.0770178,	0.028866,	0.00079713},
{0.077252,	0.0289325,	0.00079713},
{0.0774778,	0.028999,	0.00079713},
{0.0774795,	0.028999,	0.000996413},
{0.0776311,	0.0290655,	0.000996413},
{0.0777361,	0.029132,	0.000996413},
{0.0779369,	0.0291985,	0.000996413},
{0.0779611,	0.029265,	0.000996413},
{0.0784655,	0.0291985,	0.000996413},
{0.0788449,	0.029265,	0.000996413},
{0.0789066,	0.0293316,	0.000996413},
{0.0790933,	0.0293981,	0.000996413},
{0.079395,	0.0294646,	0.000996413},
{0.0794081,	0.0295311,	0.000996413},
{0.0795115,	0.0295976,	0.000996413},
{0.0796601,	0.0296641,	0.000996413},
{0.0797628,	0.0297306,	0.000996413},
{0.0797798,	0.0297306,	0.0011957},
{0.0798128,	0.0297971,	0.0011957},
{0.0800597,	0.0298637,	0.0011957},
{0.0800778,	0.0299302,	0.0011957},
{0.0801885,	0.0299967,	0.0011957},
{0.080299,	0.0300632,	0.0011957},
{0.0803045,	0.0301297,	0.0011957},
{0.080514,	0.0301962,	0.0011957},
{0.0805255,	0.0302627,	0.0011957},
{0.0805874,	0.0301962,	0.0011957},
{0.0806281,	0.0302627,	0.0011957},
{0.0806564,	0.0302627,	0.00139498},
{0.0807489,	0.0302627,	0.00159426},
{0.0811908,	0.0302627,	0.00179354},
{0.081195,	0.0303292,	0.00179354},
{0.081223,	0.0303957,	0.00179354},
{0.0812633,	0.0304623,	0.00179354},
{0.0813948,	0.0305288,	0.00179354},
{0.081408,	0.0305953,	0.00179354},
{0.08147,	0.0306618,	0.00179354},
{0.0815018,	0.0307283,	0.00179354},
{0.0815737,	0.0307948,	0.00179354},
{0.0817987,	0.0308613,	0.00179354},
{0.0818398,	0.0309278,	0.00179354},
{0.0822583,	0.0309943,	0.00179354},
{0.082316,	0.0310609,	0.00179354},
{0.0823965,	0.0311274,	0.00179354},
{0.0825262,	0.0311939,	0.00179354},
{0.0829755,	0.0312604,	0.00179354},
{0.0830343,	0.0313269,	0.00179354},
{0.0835231,	0.0313934,	0.00179354},
{0.0836395,	0.0314599,	0.00179354},
{0.0837786,	0.0315264,	0.00179354},
{0.0839972,	0.0315929,	0.00179354},
{0.0841352,	0.0316595,	0.00179354},
{0.0842336,	0.031726,	0.00179354},
{0.0844077,	0.0317925,	0.00179354},
{0.0846946,	0.031859,	0.00179354},
{0.0848161,	0.0319255,	0.00179354},
{0.0850132,	0.031992,	0.00179354},
{0.0850531,	0.0320585,	0.00179354},
{0.0853231,	0.032125,	0.00179354},
{0.0854427,	0.0321916,	0.00179354},
{0.085704,	0.0322581,	0.00179354},
{0.0859503,	0.0323246,	0.00179354},
{0.0859578,	0.0323911,	0.00179354},
{0.0860424,	0.0324576,	0.00179354},
{0.0861536,	0.0325241,	0.00179354},
{0.0861578,	0.0325241,	0.00199283},
{0.0863826,	0.0325906,	0.00199283},
{0.0863996,	0.0326571,	0.00199283},
{0.0864049,	0.0327236,	0.00199283},
{0.0865021,	0.0327902,	0.00199283},
{0.0866808,	0.0328567,	0.00199283},
{0.0867014,	0.0329232,	0.00199283},
{0.0867376,	0.0329897,	0.00199283},
{0.0867421,	0.0330562,	0.00199283},
{0.0867532,	0.0331227,	0.00199283},
{0.0867814,	0.0331227,	0.00219211},
{0.0869186,	0.0331892,	0.00219211},
{0.0871615,	0.0332557,	0.00219211},
{0.0879552,	0.0333222,	0.00219211},
{0.0885395,	0.0333888,	0.00219211},
{0.0892697,	0.0334553,	0.00219211},
{0.0894033,	0.0335218,	0.00219211},
{0.089528,	0.0335883,	0.00219211},
{0.0896352,	0.0336548,	0.00219211},
{0.089655,	0.0337213,	0.00219211},
{0.0897954,	0.0337878,	0.00219211},
{0.0899432,	0.0338543,	0.00219211},
{0.09003,	0.0339209,	0.00219211},
{0.0903968,	0.0339874,	0.00219211},
{0.0905696,	0.0340539,	0.00219211},
{0.0906279,	0.0341204,	0.00219211},
{0.0907155,	0.0341869,	0.00219211},
{0.0910191,	0.0342534,	0.00219211},
{0.0911898,	0.0343199,	0.00219211},
{0.0912008,	0.0343864,	0.00219211},
{0.0912536,	0.0344529,	0.00219211},
{0.0913318,	0.0345195,	0.00219211},
{0.0914477,	0.034586,	0.00219211},
{0.0918365,	0.0346525,	0.00219211},
{0.0921277,	0.034719,	0.00219211},
{0.0923677,	0.0347855,	0.00219211},
{0.0924787,	0.034852,	0.00219211},
{0.0925296,	0.0349185,	0.00219211},
{0.0928138,	0.034985,	0.00219211},
{0.0928888,	0.0350515,	0.00219211},
{0.0930137,	0.0351181,	0.00219211},
{0.0930179,	0.0351846,	0.00219211},
{0.0930275,	0.0352511,	0.00219211},
{0.0931126,	0.0353176,	0.00219211},
{0.0932172,	0.0353841,	0.00219211},
{0.0932717,	0.0354506,	0.00219211},
{0.0932754,	0.0355171,	0.00219211},
{0.0932834,	0.0355836,	0.00219211},
{0.0932958,	0.0356501,	0.00219211},
{0.093577,	0.0357167,	0.00219211},
{0.0936431,	0.0357832,	0.00219211},
{0.0940958,	0.0358497,	0.00219211},
{0.0945104,	0.0359162,	0.00219211},
{0.0946798,	0.0359827,	0.00219211},
{0.0948971,	0.0360492,	0.00219211},
{0.0954978,	0.0361157,	0.00219211},
{0.095692,	0.0361822,	0.00219211},
{0.0959203,	0.0362488,	0.00219211},
{0.0961849,	0.0363153,	0.00219211},
{0.0965876,	0.0363818,	0.00219211},
{0.0966961,	0.0364483,	0.00219211},
{0.0968726,	0.0365148,	0.00219211},
{0.0968992,	0.0365813,	0.00219211},
{0.0973264,	0.0366478,	0.00219211},
{0.0975178,	0.0367143,	0.00219211},
{0.0975907,	0.0367808,	0.00219211},
{0.0977401,	0.0368474,	0.00219211},
{0.0979545,	0.0369139,	0.00219211},
{0.0985262,	0.0369804,	0.00219211},
{0.0988126,	0.0370469,	0.00219211},
{0.0988269,	0.0371134,	0.00219211},
{0.0988573,	0.0371799,	0.00219211},
{0.0988614,	0.0371799,	0.00239139},
{0.0990003,	0.0372464,	0.00239139},
{0.100079,	0.0373129,	0.00239139},
{0.100121,	0.0373794,	0.00239139},
{0.100153,	0.037446,	0.00239139},
{0.100196,	0.037446,	0.00259067},
{0.100299,	0.0375125,	0.00259067},
{0.100841,	0.037579,	0.00259067},
{0.101155,	0.0376455,	0.00259067},
{0.101169,	0.037712,	0.00259067},
{0.101244,	0.0377785,	0.00259067},
{0.10134,	0.037845,	0.00259067},
{0.101568,	0.0379115,	0.00259067},
{0.101623,	0.0379781,	0.00259067},
{0.102206,	0.0380446,	0.00259067},
{0.102361,	0.0379781,	0.00259067},
{0.10244,	0.0380446,	0.00259067},
{0.102448,	0.0380446,	0.00278996},
{0.102632,	0.0381111,	0.00278996},
{0.102719,	0.0381776,	0.00278996},
{0.103019,	0.0382441,	0.00278996},
{0.103162,	0.0383106,	0.00278996},
{0.103196,	0.0383771,	0.00278996},
{0.103262,	0.0384436,	0.00278996},
{0.103358,	0.0383771,	0.00278996},
{0.103497,	0.0384436,	0.00278996},
{0.103553,	0.0385101,	0.00278996},
{0.103577,	0.0385767,	0.00278996},
{0.103589,	0.0386432,	0.00278996},
{0.104124,	0.0387097,	0.00278996},
{0.104978,	0.0387762,	0.00278996},
{0.105085,	0.0388427,	0.00278996},
{0.105129,	0.0389092,	0.00278996},
{0.105512,	0.0389757,	0.00278996},
{0.105516,	0.0390422,	0.00278996},
{0.10578,	0.0391087,	0.00278996},
{0.105941,	0.0391753,	0.00278996},
{0.106019,	0.0391753,	0.00298924},
{0.106039,	0.0392418,	0.00298924},
{0.106411,	0.0393083,	0.00298924},
{0.106455,	0.0393748,	0.00298924},
{0.106916,	0.0394413,	0.00298924},
{0.107192,	0.0394413,	0.00318852},
{0.107309,	0.0395078,	0.00318852},
{0.1074,	0.0395743,	0.00318852},
{0.107449,	0.0396408,	0.00318852},
{0.107525,	0.0397073,	0.00318852},
{0.107545,	0.0397739,	0.00318852},
{0.107563,	0.0398404,	0.00318852},
{0.108083,	0.0399069,	0.00318852},
{0.108144,	0.0399734,	0.00318852},
{0.108221,	0.0400399,	0.00318852},
{0.108405,	0.0401064,	0.00318852},
{0.108598,	0.0401729,	0.00318852},
{0.108932,	0.0402394,	0.00318852},
{0.109216,	0.040306,	0.00318852},
{0.109327,	0.0403725,	0.00318852},
{0.10946,	0.040439,	0.00318852},
{0.10961,	0.0405055,	0.00318852},
{0.110028,	0.040572,	0.00318852},
{0.110345,	0.0406385,	0.00318852},
{0.110606,	0.040705,	0.00318852},
{0.110731,	0.0407715,	0.00318852},
{0.110805,	0.040838,	0.00318852},
{0.110947,	0.0409046,	0.00318852},
{0.111051,	0.0409711,	0.00318852},
{0.111108,	0.0410376,	0.00318852},
{0.111408,	0.0411041,	0.00318852},
{0.112082,	0.0411706,	0.00318852},
{0.112256,	0.0412371,	0.00318852},
{0.112772,	0.0413036,	0.00318852},
{0.112893,	0.0413701,	0.00318852},
{0.113432,	0.0413701,	0.0033878},
{0.113462,	0.0414366,	0.0033878},
{0.113594,	0.0415032,	0.0033878},
{0.113689,	0.0415697,	0.0033878},
{0.113816,	0.0416362,	0.0033878},
{0.114426,	0.0417027,	0.0033878},
{0.114683,	0.0417692,	0.0033878},
{0.114902,	0.0418357,	0.0033878},
{0.115209,	0.0418357,	0.00358709},
{0.115243,	0.0419022,	0.00358709},
{0.115343,	0.0419687,	0.00358709},
{0.115605,	0.0420353,	0.00358709},
{0.116252,	0.0421018,	0.00358709},
{0.11655,	0.0421683,	0.00358709},
{0.116612,	0.0422348,	0.00358709},
{0.117095,	0.0423013,	0.00358709},
{0.117166,	0.0423678,	0.00358709},
{0.117199,	0.0424343,	0.00358709},
{0.117387,	0.0425008,	0.00358709},
{0.11741,	0.0425673,	0.00358709},
{0.117448,	0.0426339,	0.00358709},
{0.117518,	0.0427004,	0.00358709},
{0.117954,	0.0427669,	0.00358709},
{0.118384,	0.0428334,	0.00358709},
{0.118476,	0.0428999,	0.00358709},
{0.118522,	0.0429664,	0.00358709},
{0.118557,	0.0430329,	0.00358709},
{0.118587,	0.0430994,	0.00358709},
{0.118921,	0.0431659,	0.00358709},
{0.119497,	0.0432325,	0.00358709},
{0.119531,	0.043299,	0.00358709},
{0.119636,	0.0433655,	0.00358709},
{0.119677,	0.043432,	0.00358709},
{0.119904,	0.0434985,	0.00358709},
{0.119927,	0.043565,	0.00358709},
{0.119981,	0.0436315,	0.00358709},
{0.120122,	0.043698,	0.00358709},
{0.120231,	0.0437645,	0.00358709},
{0.12026,	0.0438311,	0.00358709},
{0.12104,	0.0438976,	0.00358709},
{0.121052,	0.0439641,	0.00358709},
{0.121128,	0.0440306,	0.00358709},
{0.121176,	0.0440971,	0.00358709},
{0.121384,	0.0441636,	0.00358709},
{0.121393,	0.0442301,	0.00358709},
{0.121486,	0.0442966,	0.00358709},
{0.121794,	0.0443632,	0.00358709},
{0.122253,	0.0444297,	0.00358709},
{0.122349,	0.0444962,	0.00358709},
{0.122547,	0.0445627,	0.00358709},
{0.12301,	0.0446292,	0.00358709},
{0.123635,	0.0446957,	0.00358709},
{0.123636,	0.0447622,	0.00358709},
{0.123761,	0.0448287,	0.00358709},
{0.123864,	0.0448952,	0.00358709},
{0.124017,	0.0449618,	0.00358709},
{0.124021,	0.0450283,	0.00358709},
{0.124364,	0.0450948,	0.00358709},
{0.124431,	0.0451613,	0.00358709},
{0.12468,	0.0452278,	0.00358709},
{0.124723,	0.0452943,	0.00358709},
{0.124828,	0.0452943,	0.00378637},
{0.124854,	0.0453608,	0.00378637},
{0.125627,	0.0454273,	0.00378637},
{0.126439,	0.0454938,	0.00378637},
{0.126468,	0.0455604,	0.00378637},
{0.126534,	0.0456269,	0.00378637},
{0.126572,	0.0456934,	0.00378637},
{0.12665,	0.0457599,	0.00378637},
{0.126668,	0.0458264,	0.00378637},
{0.126811,	0.0458929,	0.00378637},
{0.126861,	0.0459594,	0.00378637},
{0.127193,	0.0460259,	0.00378637},
{0.127268,	0.0460925,	0.00378637},
{0.127485,	0.046159,	0.00378637},
{0.127507,	0.0462255,	0.00378637},
{0.127631,	0.046292,	0.00378637},
{0.127794,	0.0463585,	0.00378637},
{0.127817,	0.046425,	0.00378637},
{0.127824,	0.0464915,	0.00378637},
{0.127871,	0.046558,	0.00378637},
{0.12788,	0.0466245,	0.00378637},
{0.127907,	0.0466911,	0.00378637},
{0.127966,	0.0467576,	0.00378637},
{0.128728,	0.0468241,	0.00378637},
{0.128819,	0.0468906,	0.00378637},
{0.129026,	0.0469571,	0.00378637},
{0.129037,	0.0470236,	0.00378637},
{0.129068,	0.0470901,	0.00378637},
{0.129084,	0.0471566,	0.00378637},
{0.129127,	0.0472231,	0.00378637},
{0.129492,	0.0472897,	0.00378637},
{0.129683,	0.0473562,	0.00378637},
{0.130224,	0.0474227,	0.00378637},
{0.130335,	0.0474892,	0.00378637},
{0.13045,	0.0475557,	0.00378637},
{0.130525,	0.0476222,	0.00378637},
{0.131277,	0.0476887,	0.00378637},
{0.132072,	0.0477552,	0.00378637},
{0.132316,	0.0478217,	0.00378637},
{0.13232,	0.0478883,	0.00378637},
{0.132467,	0.0479548,	0.00378637},
{0.132489,	0.0480213,	0.00378637},
{0.132789,	0.0480878,	0.00378637},
{0.132935,	0.0481543,	0.00378637},
{0.133148,	0.0482208,	0.00378637},
{0.133427,	0.0482873,	0.00378637},
{0.133488,	0.0483538,	0.00378637},
{0.133667,	0.0484204,	0.00378637},
{0.133731,	0.0484869,	0.00378637},
{0.133764,	0.0485534,	0.00378637},
{0.133861,	0.0486199,	0.00378637},
{0.133997,	0.0486864,	0.00378637},
{0.134057,	0.0487529,	0.00378637},
{0.134369,	0.0487529,	0.00398565},
{0.134515,	0.0488194,	0.00398565},
{0.134812,	0.0488859,	0.00398565},
{0.134934,	0.0489524,	0.00398565},
{0.135142,	0.049019,	0.00398565},
{0.135745,	0.0490855,	0.00398565},
{0.135797,	0.049152,	0.00398565},
{0.135976,	0.0492185,	0.00398565},
{0.136008,	0.049285,	0.00398565},
{0.136251,	0.0493515,	0.00398565},
{0.136342,	0.049418,	0.00398565},
{0.136536,	0.0494845,	0.00398565},
{0.136629,	0.049551,	0.00398565},
{0.136648,	0.0496176,	0.00398565},
{0.136685,	0.049551,	0.00398565},
{0.136693,	0.0496176,	0.00398565},
{0.136832,	0.0496841,	0.00398565},
{0.137112,	0.0496176,	0.00398565},
{0.137406,	0.0496841,	0.00398565},
{0.137486,	0.0497506,	0.00398565},
{0.137586,	0.0498171,	0.00398565},
{0.138338,	0.0498836,	0.00398565},
{0.138338,	0.0498171,	0.00398565},
{0.138424,	0.0498836,	0.00398565},
{0.138656,	0.0499501,	0.00398565},
{0.138663,	0.0500166,	0.00398565},
{0.139039,	0.0500831,	0.00398565},
{0.139428,	0.0501497,	0.00398565},
{0.139726,	0.0502162,	0.00398565},
{0.139857,	0.0502827,	0.00398565},
{0.140933,	0.0503492,	0.00398565},
{0.141068,	0.0504157,	0.00398565},
{0.14126,	0.0504822,	0.00398565},
{0.141318,	0.0505487,	0.00398565},
{0.14138,	0.0506152,	0.00398565},
{0.141389,	0.0506817,	0.00398565},
{0.141976,	0.0507483,	0.00398565},
{0.142075,	0.0508148,	0.00398565},
{0.14208,	0.0508813,	0.00398565},
{0.142224,	0.0509478,	0.00398565},
{0.142401,	0.0510143,	0.00398565},
{0.142535,	0.0510808,	0.00398565},
{0.142611,	0.0511473,	0.00398565},
{0.142728,	0.0512138,	0.00398565},
{0.142737,	0.0512803,	0.00398565},
{0.142807,	0.0513469,	0.00398565},
{0.142869,	0.0514134,	0.00398565},
{0.142909,	0.0514799,	0.00398565},
{0.142934,	0.0515464,	0.00398565},
{0.142998,	0.0516129,	0.00398565},
{0.143318,	0.0516794,	0.00398565},
{0.143368,	0.0517459,	0.00398565},
{0.143645,	0.0518124,	0.00398565},
{0.143894,	0.0518789,	0.00398565},
{0.14402,	0.0519455,	0.00398565},
{0.144128,	0.052012,	0.00398565},
{0.144438,	0.0520785,	0.00398565},
{0.144664,	0.052145,	0.00398565},
{0.145216,	0.0522115,	0.00398565},
{0.14543,	0.052278,	0.00398565},
{0.145702,	0.0522115,	0.00398565},
{0.146041,	0.052278,	0.00398565},
{0.146131,	0.052278,	0.00418493},
{0.146861,	0.0523445,	0.00418493},
{0.146941,	0.052278,	0.00418493},
{0.147103,	0.0523445,	0.00418493},
{0.147371,	0.052411,	0.00418493},
{0.147425,	0.0524776,	0.00418493},
{0.14752,	0.0525441,	0.00418493},
{0.147589,	0.0526106,	0.00418493},
{0.147828,	0.0526771,	0.00418493},
{0.14785,	0.0527436,	0.00418493},
{0.147923,	0.0528101,	0.00418493},
{0.148147,	0.0528766,	0.00418493},
{0.14832,	0.0529431,	0.00418493},
{0.148403,	0.0530096,	0.00418493},
{0.148475,	0.0530762,	0.00418493},
{0.148485,	0.0531427,	0.00418493},
{0.148538,	0.0532092,	0.00418493},
{0.148914,	0.0532757,	0.00418493},
{0.149045,	0.0533422,	0.00418493},
{0.149201,	0.0534087,	0.00418493},
{0.149262,	0.0534752,	0.00418493},
{0.149537,	0.0534087,	0.00418493},
{0.149941,	0.0534752,	0.00418493},
{0.150059,	0.0535417,	0.00418493},
{0.150097,	0.0536082,	0.00418493},
{0.150274,	0.0536748,	0.00418493},
{0.150591,	0.0537413,	0.00418493},
{0.150999,	0.0538078,	0.00418493},
{0.151231,	0.0538743,	0.00418493},
{0.152047,	0.0539408,	0.00418493},
{0.152087,	0.0540073,	0.00418493},
{0.152104,	0.0540738,	0.00418493},
{0.152528,	0.0541403,	0.00418493},
{0.152634,	0.0542069,	0.00418493},
{0.153061,	0.0542734,	0.00418493},
{0.153196,	0.0543399,	0.00418493},
{0.153275,	0.0544064,	0.00418493},
{0.15331,	0.0544729,	0.00418493},
{0.153446,	0.0545394,	0.00418493},
{0.154169,	0.0546059,	0.00418493},
{0.15426,	0.0546724,	0.00418493},
{0.154556,	0.0547389,	0.00418493},
{0.154654,	0.0548055,	0.00418493},
{0.154795,	0.054872,	0.00418493},
{0.154873,	0.0549385,	0.00418493},
{0.155074,	0.055005,	0.00418493},
{0.155484,	0.0550715,	0.00418493},
{0.155536,	0.055005,	0.00418493},
{0.155807,	0.0550715,	0.00418493},
{0.155957,	0.055138,	0.00418493},
{0.156003,	0.0552045,	0.00418493},
{0.156182,	0.055271,	0.00418493},
{0.156308,	0.0553375,	0.00418493},
{0.156376,	0.0554041,	0.00418493},
{0.156407,	0.0554706,	0.00418493},
{0.156676,	0.0555371,	0.00418493},
{0.156949,	0.0556036,	0.00418493},
{0.157006,	0.0556701,	0.00418493},
{0.157046,	0.0557366,	0.00418493},
{0.157127,	0.0558031,	0.00418493},
{0.157204,	0.0558696,	0.00418493},
{0.157519,	0.0559361,	0.00418493},
{0.157853,	0.0560027,	0.00418493},
{0.157981,	0.0560692,	0.00418493},
{0.158069,	0.0561357,	0.00418493},
{0.158217,	0.0562022,	0.00418493},
{0.159069,	0.0562687,	0.00418493},
{0.159073,	0.0563352,	0.00418493},
{0.159107,	0.0564017,	0.00418493},
{0.159224,	0.0564682,	0.00418493},
{0.159234,	0.0565348,	0.00418493},
{0.159336,	0.0566013,	0.00418493},
{0.159569,	0.0566678,	0.00418493},
{0.160485,	0.0567343,	0.00418493},
{0.160772,	0.0568008,	0.00418493},
{0.160805,	0.0568673,	0.00418493},
{0.160981,	0.0569338,	0.00418493},
{0.161365,	0.0570003,	0.00418493},
{0.161401,	0.0570668,	0.00418493},
{0.161666,	0.0571334,	0.00418493},
{0.161785,	0.0571999,	0.00418493},
{0.161811,	0.0572664,	0.00418493},
{0.162044,	0.0573329,	0.00418493},
{0.162113,	0.0573329,	0.00398565},
{0.162256,	0.0573994,	0.00398565},
{0.162405,	0.0574659,	0.00398565},
{0.162493,	0.0575324,	0.00398565},
{0.162582,	0.0575989,	0.00398565},
{0.162795,	0.0576654,	0.00398565},
{0.163146,	0.057732,	0.00398565},
{0.163171,	0.0577985,	0.00398565},
{0.163268,	0.057865,	0.00398565},
{0.16397,	0.0579315,	0.00398565},
{0.164309,	0.057998,	0.00398565},
{0.164585,	0.0580645,	0.00398565},
{0.16485,	0.058131,	0.00398565},
{0.164855,	0.0581975,	0.00398565},
{0.165014,	0.0582641,	0.00398565},
{0.165136,	0.0583306,	0.00398565},
{0.165402,	0.0583971,	0.00398565},
{0.165573,	0.0584636,	0.00398565},
{0.165838,	0.0585301,	0.00398565},
{0.166004,	0.0585966,	0.00398565},
{0.166039,	0.0586631,	0.00398565},
{0.166069,	0.0587296,	0.00398565},
{0.166135,	0.0587296,	0.00418493},
{0.166179,	0.0586631,	0.00418493},
{0.166194,	0.0587296,	0.00418493},
{0.166286,	0.0587961,	0.00418493},
{0.166504,	0.0588627,	0.00418493},
{0.166528,	0.0588627,	0.00438422},
{0.166831,	0.0589292,	0.00438422},
{0.166873,	0.0589957,	0.00438422},
{0.167172,	0.0590622,	0.00438422},
{0.16758,	0.0591287,	0.00438422},
{0.167655,	0.0591952,	0.00438422},
{0.168121,	0.0592617,	0.00438422},
{0.168492,	0.0593282,	0.00438422},
{0.168941,	0.0593947,	0.00438422},
{0.168983,	0.0593947,	0.0045835},
{0.169117,	0.0594613,	0.0045835},
{0.169278,	0.0595278,	0.0045835},
{0.169337,	0.0595943,	0.0045835},
{0.169445,	0.0596608,	0.0045835},
{0.169876,	0.0597273,	0.0045835},
{0.17003,	0.0597938,	0.0045835},
{0.170047,	0.0598603,	0.0045835},
{0.170068,	0.0599268,	0.0045835},
{0.1706,	0.0599933,	0.0045835},
{0.170673,	0.0600599,	0.0045835},
{0.170996,	0.0601264,	0.0045835},
{0.1711,	0.0601929,	0.0045835},
{0.171169,	0.0602594,	0.0045835},
{0.171193,	0.0603259,	0.0045835},
{0.171194,	0.0603924,	0.0045835},
{0.171465,	0.0604589,	0.0045835},
{0.171713,	0.0605254,	0.0045835},
{0.171907,	0.060592,	0.0045835},
{0.17204,	0.0606585,	0.0045835},
{0.17301,	0.060725,	0.0045835},
{0.17326,	0.0606585,	0.0045835},
{0.173314,	0.060725,	0.0045835},
{0.173321,	0.0607915,	0.0045835},
{0.173368,	0.060858,	0.0045835},
{0.173655,	0.0609245,	0.0045835},
{0.17369,	0.060991,	0.0045835},
{0.173762,	0.0610575,	0.0045835},
{0.173902,	0.061124,	0.0045835},
{0.17413,	0.0611906,	0.0045835},
{0.174173,	0.0612571,	0.0045835},
{0.174411,	0.0613236,	0.0045835},
{0.174981,	0.0613901,	0.0045835},
{0.175393,	0.0614566,	0.0045835},
{0.175417,	0.0615231,	0.0045835},
{0.175591,	0.0615896,	0.0045835},
{0.175899,	0.0616561,	0.0045835},
{0.176086,	0.0615896,	0.0045835},
{0.354717,	0.121516,	0.00836987},
{0.53812,	0.181044,	0.0129534},
{0.758123,	0.238843,	0.0193304},
{0.989115,	0.299368,	0.0241132},
{1.24053,	0.358696,	0.0304902},
{1.51326,	0.416628,	0.0378637},
{1.82668,	0.472963,	0.0468314},
{2.18598,	0.527769,	0.0548027},
{2.5664,	0.582374,	0.0631726},
{2.97266,	0.635318,	0.0731367},
{3.47554,	0.686997,	0.0821044},
{4.0136,	0.733489,	0.0926664},
{4.65278,	0.778184,	0.103029},
{5.46787,	0.82002,	0.117577},
{6.47508,	0.859927,	0.13053},
{7.75209,	0.895244,	0.151056},
{9.40559,	0.923179,	0.170387},
{11.6352,	0.942202,	0.190116},
{14.3852,	0.954107,	0.20566},
{17.2682,	0.96415,	0.220207},
{20.8794,	0.970868,	0.231766},
{25.0734,	0.974194,	0.24153},
{29.2077,	0.976521,	0.245516},
{33.9436,	0.977918,	0.250697},
{38.4815,	0.977586,	0.258669},
{43.2684,	0.978916,	0.263452},
{47.9757,	0.978916,	0.268434},
{52.0643,	0.976787,	0.268633},
{56.5526,	0.978716,	0.273615},
{61.1934,	0.977054,	0.276006},
{65.6507,	0.978051,	0.276804},
{69.8173,	0.97865,	0.287365},
{74.8284,	0.980579,	0.29454},
{79.854,	0.980778,	0.297728},
{85.1955,	0.982175,	0.303308},
{90.1864,	0.980113,	0.300917},
{94.9175,	0.977652,	0.300717},
{99.2399,	0.977719,	0.302312},
{103.463,	0.978783,	0.306098},
{107.954,	0.977453,	0.309486},
{112.556,	0.979049,	0.313272},
{117.266,	0.979049,	0.319051},
{121.951,	0.978184,	0.321244},
{126.507,	0.978916,	0.324233},
{131.127,	0.978384,	0.328816},
{136.153,	0.980778,	0.331606},
{140.93,	0.978118,	0.328418},
{145.456,	0.978716,	0.333998},
{150.2,	0.979714,	0.33898},
{154.785,	0.979248,	0.342367},
{159.583,	0.979115,	0.345556},
{164.189,	0.978849,	0.347549},
{168.869,	0.979448,	0.348147},
{173.538,	0.977519,	0.351933},
{178.235,	0.977586,	0.355321},
{182.681,	0.976721,	0.357712},
{187.285,	0.978517,	0.362096},
{191.998,	0.978583,	0.362296},
{196.375,	0.978251,	0.365684},
{201.283,	0.977386,	0.371463},
{205.908,	0.976322,	0.372858},
{210.34,	0.975457,	0.371064},
{214.31,	0.975258,	0.374053},
{218.374,	0.976588,	0.378836},
{223.007,	0.978184,	0.385213},
{227.55,	0.97732,	0.384615},
{232.076,	0.976388,	0.391192},
{236.416,	0.976122,	0.389398},
{240.412,	0.976122,	0.39179},
{244.924,	0.97712,	0.398167},
{249.518,	0.976721,	0.401754},
{253.846,	0.976588,	0.407134},
{258.281,	0.976521,	0.408529},
{262.637,	0.978716,	0.409127},
{267.535,	0.978317,	0.411917},
{271.781,	0.977054,	0.413113},
{276.6,	0.977253,	0.416102},
{280.894,	0.976122,	0.420088},
{285.17,	0.976921,	0.423475},
{289.467,	0.976122,	0.426863},
{294.168,	0.977253,	0.429255},
{298.365,	0.978251,	0.432842},
{302.418,	0.978118,	0.432842},
{307.222,	0.977785,	0.43603},
{311.44,	0.976721,	0.436628},
{315.638,	0.976388,	0.440813},
{319.851,	0.976721,	0.444998},
{324.055,	0.975058,	0.442009},
{328.452,	0.975524,	0.446991},
{332.538,	0.974925,	0.451176},
{337.106,	0.974992,	0.455759},
{341.457,	0.97579,	0.458948},
{345.517,	0.975524,	0.460741},
{349.957,	0.975191,	0.464328},
{354.046,	0.974925,	0.465723},
{358.344,	0.97579,	0.471303},
{363.045,	0.976255,	0.47509},
{367.412,	0.974659,	0.476684},
{371.642,	0.974593,	0.478677},
{375.786,	0.976521,	0.48067},
{380.002,	0.977985,	0.48346},
{384.324,	0.977985,	0.48625},
{388.727,	0.976921,	0.487844},
{393.083,	0.977652,	0.492228},
{397.341,	0.975457,	0.492826},
{401.524,	0.97559,	0.495018},
{405.748,	0.977785,	0.499203},
{409.922,	0.974859,	0.499601},
{414.064,	0.975856,	0.505181},
{418.232,	0.976322,	0.505381},
{422.418,	0.974526,	0.50558},
{426.572,	0.974593,	0.51116},
{430.603,	0.97559,	0.512953},
{435.003,	0.976588,	0.517138},
{439.127,	0.977253,	0.51674},
{443.14,	0.973661,	0.51674},
{447.245,	0.97579,	0.521523},
{451.59,	0.976921,	0.526305},
{455.853,	0.974659,	0.529295},
{459.901,	0.974992,	0.531487},
{464.06,	0.974726,	0.534476},
{468.244,	0.977054,	0.537664},
{472.355,	0.975723,	0.539857},
{476.49,	0.975058,	0.540056},
{481.008,	0.974393,	0.543244},
{485.131,	0.973994,	0.53886},
{489.17,	0.976189,	0.543045},
{493.311,	0.975058,	0.541849},
{497.482,	0.976056,	0.54444},
{501.489,	0.975391,	0.544041},
{505.348,	0.973728,	0.545436},
{509.425,	0.974792,	0.546632},
{513.288,	0.97426,	0.546234},
{517.086,	0.975856,	0.548824},
{521.273,	0.975191,	0.551216},
{525.255,	0.973728,	0.553009},
{529.283,	0.972531,	0.553408},
{532.876,	0.971932,	0.554205},
{537.029,	0.974593,	0.55839},
{541.258,	0.974327,	0.560781},
{545.354,	0.974859,	0.564169},
{549.36,	0.973728,	0.563571},
{553.392,	0.974659,	0.56676},
{557.502,	0.973794,	0.565365},
{561.795,	0.974726,	0.567955},
{566.087,	0.97293,	0.570147},
{570.212,	0.972331,	0.570546},
{573.84,	0.971334,	0.57234},
{577.93,	0.974127,	0.576126},
{581.816,	0.97273,	0.574133},
{585.61,	0.971932,	0.578119},
{589.927,	0.972797,	0.582902},
{593.954,	0.973462,	0.587684},
{597.864,	0.973262,	0.585492},
{601.701,	0.975723,	0.593264},
{605.898,	0.97426,	0.593264},
{609.686,	0.974726,	0.593264},
{613.535,	0.973528,	0.593663},
{617.2,	0.973462,	0.60004},
{621.259,	0.974393,	0.603627},
{625.01,	0.975723,	0.602631},
{629.09,	0.976322,	0.610602},
{633.331,	0.97579,	0.606417},
{637.357,	0.974327,	0.602232},
{641.261,	0.972398,	0.601236},
{645.041,	0.973661,	0.603029},
{648.784,	0.973196,	0.606218},
{652.445,	0.973528,	0.608011},
{656.488,	0.973262,	0.607413},
{660.188,	0.974593,	0.609207},
{664.117,	0.973329,	0.612794},
{667.987,	0.971799,	0.614787},
{671.889,	0.973528,	0.616381},
{675.656,	0.973794,	0.616979},
{679.378,	0.971932,	0.617975},
{683.136,	0.972996,	0.622758},
{687.153,	0.974194,	0.625349},
{690.968,	0.974194,	0.625747},
{694.961,	0.975457,	0.625548},
{698.896,	0.973595,	0.626345},
{702.799,	0.976521,	0.629733},
{706.648,	0.976455,	0.631527},
{710.931,	0.976455,	0.632523},
{714.751,	0.974526,	0.632124},
{719.09,	0.973661,	0.635512},
{723.082,	0.972331,	0.635313},
{726.901,	0.971799,	0.633519},
{730.577,	0.972265,	0.635711},
{734.107,	0.972132,	0.638302},
{738.102,	0.974127,	0.638302},
{741.95,	0.973528,	0.638701},
{745.997,	0.972597,	0.640096},
{749.792,	0.971666,	0.642886},
{753.455,	0.971467,	0.64169},
{757.246,	0.971533,	0.641092},
{760.839,	0.972531,	0.64448},
{764.611,	0.973528,	0.649462},
{768.573,	0.972996,	0.65006},
{772.361,	0.973528,	0.650658},
{776.205,	0.974127,	0.653647},
{780.239,	0.973661,	0.653248},
{783.861,	0.971666,	0.653647},
{787.708,	0.971001,	0.65564},
{791.897,	0.971068,	0.654643},
{795.453,	0.972065,	0.656636},
{799.337,	0.973794,	0.660622},
{803.01,	0.973395,	0.660622},
{806.763,	0.973728,	0.662615},
{810.631,	0.97273,	0.666002},
{814.668,	0.971999,	0.665604},
{818.61,	0.973262,	0.6668},
{822.477,	0.97559,	0.672579},
{826.48,	0.973196,	0.671582},
{830.211,	0.971932,	0.671184},
{834.081,	0.973861,	0.674372},
{838.435,	0.97579,	0.675369},
{842.279,	0.972198,	0.675767},
{846.172,	0.975324,	0.676564},
{849.983,	0.972531,	0.676365},
{853.838,	0.970136,	0.674173},
{857.588,	0.972198,	0.674372},
{861.418,	0.972464,	0.673974},
{865.48,	0.972597,	0.672778},
{869.296,	0.973595,	0.673774},
{873.395,	0.974194,	0.679354},
{877.474,	0.971334,	0.679354},
{881.172,	0.971001,	0.680949},
{884.928,	0.972398,	0.683539},
{888.516,	0.971999,	0.681945},
{892.478,	0.973928,	0.688322},
{896.434,	0.972198,	0.687525},
{900.113,	0.971267,	0.690713},
{903.704,	0.971533,	0.68892},
{907.304,	0.971799,	0.689119},
{911.279,	0.97273,	0.690514},
{914.843,	0.973661,	0.694699},
{918.546,	0.972797,	0.695496},
{922.448,	0.972398,	0.69709},
{926.424,	0.971999,	0.695098},
{930.383,	0.97273,	0.6945},
{934.09,	0.973196,	0.693703},
{937.773,	0.97293,	0.695098},
{941.493,	0.972597,	0.696293},
{945.521,	0.971068,	0.696293},
{949.317,	0.974127,	0.696891},
{953.152,	0.972597,	0.696293},
{956.852,	0.973329,	0.70008},
{960.838,	0.972863,	0.700877},
{964.582,	0.971267,	0.699083},
{968.008,	0.972664,	0.703866},
{971.666,	0.971866,	0.701076},
{975.371,	0.974593,	0.704265},
{979.264,	0.971799,	0.70566},
{982.861,	0.971334,	0.706257},
{986.694,	0.973063,	0.707453},
{990.349,	0.973329,	0.710841},
{994.05,	0.973595,	0.710044},
{997.732,	0.972531,	0.710442},
{1001.25,	0.972531,	0.710442},
{1004.64,	0.971001,	0.710642},
{1008.06,	0.970203,	0.710642},
{1011.55,	0.970602,	0.710442},
{1014.97,	0.971866,	0.709845},
{1018.92,	0.973129,	0.71104},
{1022.91,	0.974061,	0.714029},
{1027.18,	0.973395,	0.712834},
{1031.21,	0.973928,	0.714029},
{1035.3,	0.973794,	0.714029},
{1039.22,	0.974859,	0.713631},
{1043.09,	0.973928,	0.713232},
{1046.62,	0.973994,	0.713432},
{1050.15,	0.971999,	0.714827},
{1054.23,	0.972797,	0.714627},
{1058.15,	0.972331,	0.715225},
{1061.83,	0.972132,	0.713432},
{1065.27,	0.971999,	0.717617},
{1068.83,	0.971799,	0.717816},
{1072.59,	0.973196,	0.719609},
{1076.09,	0.972863,	0.719211},
{1079.7,	0.969205,	0.717816},
{1083.41,	0.97007,	0.717816},
{1087.33,	0.969804,	0.717816},
{1090.98,	0.971201,	0.71941},
{1094.72,	0.973329,	0.722399},
{1098.34,	0.972664,	0.721802},
{1101.98,	0.971733,	0.721602},
{1105.57,	0.971267,	0.7222},
{1109.5,	0.971068,	0.725189},
{1113.35,	0.972265,	0.724591},
{1116.75,	0.96987,	0.721802},
{1120.15,	0.971733,	0.727381},
{1123.51,	0.9716,	0.72778},
{1127.04,	0.969006,	0.726784},
{1130.55,	0.971134,	0.73057},
{1134.08,	0.971533,	0.730171},
{1137.61,	0.971267,	0.732164},
{1141.28,	0.96987,	0.732961},
{1144.82,	0.969604,	0.732762},
{1148.42,	0.971068,	0.734556},
{1152.03,	0.971666,	0.735951},
{1155.76,	0.970469,	0.735751},
{1159.38,	0.971267,	0.735751},
{1162.98,	0.973794,	0.736548},
{1166.76,	0.973462,	0.736748},
{1170.56,	0.971799,	0.739139},
{1174.25,	0.973861,	0.740534},
{1177.99,	0.973728,	0.740335},
{1181.66,	0.973861,	0.743125},
{1185.63,	0.971134,	0.743723},
{1189.29,	0.972797,	0.745516},
{1193.22,	0.973395,	0.744918},
{1197.12,	0.974925,	0.746513},
{1200.82,	0.974327,	0.74711},
{1204.51,	0.97559,	0.748306},
{1208.6,	0.973395,	0.746712},
{1212.48,	0.971866,	0.746513},
{1216.29,	0.972996,	0.747708},
{1219.99,	0.971932,	0.745516},
{1223.17,	0.970402,	0.745317},
{1226.63,	0.971799,	0.749103},
{1230.21,	0.97293,	0.748904},
{1234.02,	0.973063,	0.749103},
{1237.64,	0.972464,	0.7501},
{1241.58,	0.970801,	0.746114},
{1245.02,	0.970003,	0.7499},
{1248.81,	0.971533,	0.748904},
{1252.61,	0.972531,	0.751096},
{1256.04,	0.971866,	0.7499},
{1259.77,	0.97273,	0.75289},
{1263.37,	0.974659,	0.756875},
{1267.25,	0.972198,	0.75568},
{1270.62,	0.972331,	0.756676},
{1274.51,	0.972065,	0.755879},
{1278.01,	0.97273,	0.754683},
{1281.63,	0.971666,	0.756676},
{1285.13,	0.970136,	0.756277},
{1288.53,	0.971799,	0.75827},
{1292.25,	0.972797,	0.759466},
{1295.94,	0.972531,	0.761259},
{1299.34,	0.971201,	0.761658},
{1302.94,	0.971267,	0.761857},
{1306.69,	0.971001,	0.760861},
{1310.54,	0.9714,	0.761857},
{1314.18,	0.972464,	0.762256},
{1317.8,	0.970668,	0.762256},
{1321.53,	0.971932,	0.765046},
{1325.24,	0.972331,	0.763651},
{1328.73,	0.972398,	0.764448},
{1332.11,	0.970136,	0.762455},
{1335.46,	0.970668,	0.764049},
{1339.06,	0.971267,	0.76385},
{1342.54,	0.970934,	0.764847},
{1346.16,	0.971866,	0.768633},
{1349.86,	0.9716,	0.770825},
{1353.38,	0.971068,	0.769829},
{1356.79,	0.972531,	0.767437},
{1360.23,	0.971866,	0.770426},
{1363.91,	0.970735,	0.770825},
{1367.39,	0.970602,	0.771423},
{1371.01,	0.971267,	0.772619},
{1374.6,	0.972464,	0.773416},
{1378.42,	0.972664,	0.774811},
{1382.03,	0.972398,	0.773814},
{1385.85,	0.969538,	0.775209},
{1389.26,	0.970136,	0.774213},
{1392.87,	0.971467,	0.777202},
{1396.23,	0.969139,	0.780391},
{1399.61,	0.970402,	0.779195},
{1403.01,	0.967808,	0.778796},
{1406.75,	0.970003,	0.778597},
{1410.24,	0.970269,	0.778597},
{1413.62,	0.971001,	0.779992},
{1416.86,	0.970602,	0.779793},
{1420.14,	0.969405,	0.777999},
{1423.51,	0.971001,	0.778796},
{1427.04,	0.971001,	0.782383},
{1430.77,	0.971666,	0.782583},
{1434.11,	0.972065,	0.785373},
{1437.65,	0.96987,	0.785771},
{1441.23,	0.972597,	0.784974},
{1444.63,	0.971334,	0.784376},
{1448.34,	0.971866,	0.787365},
{1452.13,	0.972265,	0.788362},
{1456.01,	0.973462,	0.787565},
{1459.74,	0.971733,	0.786369},
{1463.45,	0.972597,	0.787764},
{1467.17,	0.972863,	0.787166},
{1470.85,	0.970336,	0.786568},
{1474.14,	0.970402,	0.786568},
{1477.56,	0.970735,	0.786568},
{1480.9,	0.970801,	0.785771},
{1484.08,	0.968208,	0.784974},
{1487.43,	0.970735,	0.785771},
{1490.95,	0.970602,	0.786369},
{1494.12,	0.967808,	0.782782},
{1497.36,	0.970868,	0.784376},
{1500.79,	0.971932,	0.786568},
{1504.19,	0.973196,	0.789558},
{1507.75,	0.972996,	0.790155},
{1511.31,	0.971201,	0.789358},
{1514.74,	0.971068,	0.791949},
{1518.14,	0.968873,	0.790953},
{1521.49,	0.97007,	0.79175},
{1524.84,	0.970469,	0.794141},
{1528.05,	0.972863,	0.793344},
{1531.64,	0.971932,	0.792148},
{1535.25,	0.971134,	0.790753},
{1538.96,	0.972331,	0.792746},
{1542.42,	0.969205,	0.793344},
{1545.91,	0.970668,	0.793543},
{1549.55,	0.971134,	0.795735},
{1553.11,	0.971001,	0.794938},
{1556.7,	0.971932,	0.798924},
{1560.1,	0.974061,	0.798725},
{1563.56,	0.973928,	0.799522},
{1567.11,	0.972797,	0.797927},
{1570.58,	0.97273,	0.800717},
{1574.34,	0.971999,	0.798725},
{1577.52,	0.972398,	0.798525},
{1581.01,	0.970801,	0.796931},
{1584.42,	0.970934,	0.798127},
{1587.96,	0.969804,	0.799721},
{1591.44,	0.973196,	0.799522},
{1595.09,	0.97273,	0.799322},
{1598.34,	0.97007,	0.80012},
{1601.73,	0.971068,	0.799322},
{1605.51,	0.970668,	0.798326},
{1608.95,	0.973395,	0.798326},
{1612.47,	0.973196,	0.800319},
{1616.15,	0.972531,	0.800319},
{1619.55,	0.970602,	0.800518},
{1623.08,	0.971267,	0.800518},
{1626.58,	0.971201,	0.801913},
{1630.25,	0.972065,	0.800319},
{1633.73,	0.969006,	0.801116},
{1637.05,	0.970868,	0.798326},
{1640.24,	0.97007,	0.80012},
{1643.63,	0.9716,	0.801913},
{1647.26,	0.972531,	0.800319},
{1650.78,	0.973196,	0.801116},
{1654.16,	0.973462,	0.79992},
{1657.87,	0.971733,	0.801116},
{1661.38,	0.970535,	0.800518},
{1664.75,	0.969538,	0.802312},
{1668.19,	0.969471,	0.800717},
{1671.43,	0.966811,	0.800917},
{1674.81,	0.969006,	0.801116},
{1678.26,	0.970868,	0.804504},
{1681.45,	0.96987,	0.802112},
{1684.62,	0.968673,	0.803507},
{1687.76,	0.968806,	0.803308},
{1691.07,	0.968873,	0.803906},
{1694.21,	0.970336,	0.803308},
{1697.72,	0.969272,	0.805699},
{1700.88,	0.968008,	0.804305},
{1704.26,	0.968806,	0.803109},
{1707.49,	0.969671,	0.805699},
{1710.83,	0.969804,	0.806098},
{1714.26,	0.970003,	0.807094},
{1717.78,	0.970336,	0.809087},
{1721.24,	0.970469,	0.808689},
{1724.75,	0.970336,	0.809087},
{1728.12,	0.9716,	0.809685},
{1731.64,	0.972664,	0.810084},
{1735.11,	0.971866,	0.811877},
{1738.7,	0.970003,	0.809884},
{1741.78,	0.968274,	0.810084},
{1744.93,	0.971533,	0.813671},
{1748.27,	0.96854,	0.815863},
{1751.52,	0.968407,	0.814069},
{1754.58,	0.967742,	0.81387},
{1757.8,	0.969604,	0.814069},
{1760.97,	0.971134,	0.816461},
{1764.51,	0.969006,	0.816062},
{1767.72,	0.969205,	0.812874},
{1770.85,	0.971999,	0.813272},
{1774.24,	0.96987,	0.813472},
{1777.7,	0.967742,	0.812874},
{1781,	0.968806,	0.813472},
{1784.44,	0.970535,	0.813272},
{1787.58,	0.9716,	0.817656},
{1791.21,	0.973329,	0.817656},
{1794.65,	0.972597,	0.818653},
{1798.58,	0.971932,	0.819051},
{1802.19,	0.970602,	0.818653},
{1805.35,	0.972398,	0.817457},
{1808.58,	0.970469,	0.819251},
{1811.83,	0.969471,	0.819251},
{1815.07,	0.971533,	0.818653},
{1818.5,	0.970868,	0.818852},
{1822.02,	0.971866,	0.820646},
{1825.51,	0.972398,	0.822838},
{1828.94,	0.970535,	0.820247},
{1832.13,	0.970136,	0.820845},
{1835.4,	0.971267,	0.821642},
{1838.56,	0.970336,	0.819051},
{1841.8,	0.970535,	0.821841},
{1845.1,	0.96987,	0.821642},
{1848.65,	0.969006,	0.823436},
{1851.97,	0.970136,	0.823834},
{1855.31,	0.970934,	0.824432},
{1858.61,	0.96987,	0.824831},
{1861.99,	0.9716,	0.826624},
{1865.33,	0.97273,	0.826425},
{1868.7,	0.970535,	0.825827},
{1871.78,	0.969804,	0.826425},
{1875.16,	0.970868,	0.825827},
{1878.42,	0.970934,	0.828617},
{1881.84,	0.969671,	0.827621},
{1885.08,	0.970801,	0.827621},
{1888.24,	0.970868,	0.829414},
{1891.66,	0.970136,	0.830012},
{1894.88,	0.971932,	0.826425},
{1897.98,	0.969405,	0.825827},
{1900.88,	0.969272,	0.826026},
{1904.09,	0.969538,	0.827222},
{1907.55,	0.973329,	0.826425},
{1911.03,	0.97007,	0.826624},
{1914.48,	0.970402,	0.829215},
{1918.08,	0.968607,	0.828218},
{1921.64,	0.969737,	0.830012},
{1925.01,	0.970602,	0.830809},
{1928.59,	0.972198,	0.829215},
{1931.85,	0.970735,	0.828418},
{1935.09,	0.971201,	0.828816},
{1938.32,	0.971467,	0.82782},
{1941.59,	0.968474,	0.829215},
{1944.92,	0.972198,	0.828218},
{1948.22,	0.970535,	0.830012},
{1951.51,	0.969804,	0.830809},
{1954.68,	0.969604,	0.828816},
{1957.99,	0.972065,	0.829016},
{1961.62,	0.972863,	0.829414},
{1965.24,	0.971533,	0.828218},
{1968.67,	0.971999,	0.828019},
{1971.97,	0.970934,	0.829016},
{1975.26,	0.971201,	0.829813},
{1978.89,	0.971733,	0.828418},
{1982.4,	0.971932,	0.829215},
{1985.71,	0.971533,	0.831208},
{1988.92,	0.970203,	0.830809},
{1992.55,	0.972331,	0.831606},
{1996.08,	0.969804,	0.830411},
{1999.41,	0.970934,	0.830809},
{2003.15,	0.970003,	0.832403},
{2006.43,	0.971068,	0.832005},
{2009.75,	0.972597,	0.831606},
{2013.07,	0.9716,	0.8334},
{2016.7,	0.971866,	0.832802},
{2020.49,	0.973462,	0.834795},
{2024.12,	0.973329,	0.834197},
{2027.51,	0.969671,	0.832603},
{2031.16,	0.971733,	0.832603},
{2034.66,	0.969205,	0.834795},
{2038.25,	0.972996,	0.834595},
{2041.75,	0.968806,	0.836788},
{2045.23,	0.970469,	0.83599},
{2048.36,	0.970668,	0.83599},
{2051.67,	0.970136,	0.837585},
{2055.22,	0.972531,	0.838581},
{2058.58,	0.972198,	0.840375},
{2062.11,	0.972065,	0.839578},
{2065.65,	0.970602,	0.838382},
{2068.86,	0.970668,	0.836788},
{2072.14,	0.970934,	0.83619},
{2075.36,	0.970535,	0.83878},
{2078.75,	0.970336,	0.836389},
{2082.13,	0.970868,	0.837983},
{2085.68,	0.971334,	0.837385},
{2089.04,	0.973329,	0.835592},
{2092.34,	0.972531,	0.83599},
{2095.7,	0.972265,	0.835592},
{2099.07,	0.969737,	0.838382},
{2102.48,	0.97273,	0.839578},
{2106.01,	0.972198,	0.836588},
{2109.41,	0.971999,	0.839378},
{2113,	0.97293,	0.840375},
{2116.49,	0.973329,	0.840972},
{2120.07,	0.971866,	0.840574},
{2123.44,	0.970336,	0.84177},
{2127.02,	0.973063,	0.842168},
{2130.61,	0.970402,	0.842965},
{2134,	0.97273,	0.843563},
{2137.31,	0.971999,	0.845157},
{2140.77,	0.971467,	0.843563},
{2143.98,	0.970336,	0.843762},
{2147.38,	0.968873,	0.843563},
{2150.76,	0.969804,	0.841371},
{2154.26,	0.969338,	0.840574},
{2157.48,	0.967409,	0.839976},
{2160.61,	0.969937,	0.840773},
{2163.94,	0.969139,	0.841371},
{2167.44,	0.97007,	0.841969},
{2170.96,	0.970203,	0.840972},
{2174.35,	0.96987,	0.840574},
{2177.55,	0.969139,	0.839179},
{2180.66,	0.972464,	0.840175},
{2184.04,	0.971666,	0.840574},
{2187.44,	0.967875,	0.840375},
{2190.49,	0.969538,	0.83878},
{2193.8,	0.970469,	0.838382},
{2196.91,	0.96987,	0.837784},
{2200.37,	0.969006,	0.837585},
{2203.51,	0.969205,	0.84157},
{2206.64,	0.969671,	0.840574},
{2209.9,	0.96874,	0.839976},
{2213.05,	0.96721,	0.838382},
{2216.35,	0.970203,	0.84177},
{2219.77,	0.97007,	0.841371},
{2222.98,	0.971134,	0.837983},
{2226.17,	0.9716,	0.837385},
{2229.48,	0.96987,	0.839378},
{2232.76,	0.970535,	0.839976},
{2235.76,	0.969737,	0.839578},
{2238.97,	0.971467,	0.841172},
{2242.46,	0.971068,	0.840972},
{2245.78,	0.972198,	0.843563},
{2249.12,	0.968074,	0.842965},
{2252.59,	0.96987,	0.841969},
{2255.89,	0.969471,	0.839378},
{2258.93,	0.967941,	0.842567},
{2262.32,	0.97007,	0.843563},
{2265.66,	0.969937,	0.842567},
{2269.15,	0.969737,	0.843165},
{2272.49,	0.968873,	0.841172},
{2275.88,	0.971068,	0.845157},
{2279.35,	0.969405,	0.842965},
{2282.8,	0.969072,	0.843762},
{2286.39,	0.971068,	0.84436},
{2289.56,	0.969405,	0.842567},
{2292.76,	0.9716,	0.840972},
{2296.11,	0.968208,	0.842766},
{2299.57,	0.970203,	0.84177},
{2302.7,	0.969072,	0.837784},
{2305.83,	0.967941,	0.838581},
{2308.78,	0.969538,	0.838183},
{2311.91,	0.969804,	0.840175},
{2315.45,	0.971467,	0.841172},
{2318.94,	0.969937,	0.839777},
{2322.3,	0.970934,	0.84177},
{2325.9,	0.970535,	0.842766},
{2329.19,	0.970934,	0.84157},
{2332.37,	0.969937,	0.843165},
{2335.46,	0.969272,	0.842766},
{2338.66,	0.970402,	0.845357},
{2341.91,	0.970602,	0.845357},
{2345.22,	0.97273,	0.84715},
{2348.3,	0.970402,	0.848147},
{2351.44,	0.971533,	0.849342},
{2355.12,	0.971201,	0.849542},
{2358.2,	0.971201,	0.84994},
{2361.34,	0.970269,	0.850937},
{2364.47,	0.970003,	0.850538},
{2367.8,	0.969471,	0.848745},
{2370.95,	0.969604,	0.847748},
{2374.07,	0.969804,	0.848147},
{2377.09,	0.969405,	0.848545},
{2380.45,	0.971999,	0.850737},
{2383.79,	0.96874,	0.848346},
{2387.29,	0.96987,	0.848545},
{2390.53,	0.968341,	0.848147},
{2393.81,	0.968074,	0.845955},
{2397.25,	0.971666,	0.84735},
{2400.63,	0.970336,	0.846353},
{2403.72,	0.970402,	0.846552},
{2407.06,	0.969006,	0.845955},
{2410.25,	0.969006,	0.847947},
{2413.47,	0.969737,	0.846353},
{2416.63,	0.970535,	0.848545},
{2419.78,	0.971733,	0.848944},
{2423.19,	0.971666,	0.849542},
{2426.5,	0.969405,	0.848147},
{2429.61,	0.970735,	0.848745},
{2432.83,	0.97273,	0.848745},
{2436.06,	0.971201,	0.849143},
{2439.04,	0.971001,	0.848545},
{2442.29,	0.970602,	0.847748},
{2445.49,	0.971068,	0.846154},
{2448.86,	0.97273,	0.848944},
{2452.16,	0.972065,	0.848745},
{2455.27,	0.969006,	0.846752},
{2458.48,	0.969737,	0.84735},
{2461.89,	0.969272,	0.848944},
{2465.24,	0.971533,	0.849342},
{2468.46,	0.972664,	0.849342},
{2471.8,	0.971068,	0.847947},
{2475.15,	0.970735,	0.849542},
{2478.5,	0.969538,	0.849741},
{2481.88,	0.971799,	0.850737},
{2485.42,	0.970868,	0.850339},
{2488.79,	0.971866,	0.850937},
{2492.5,	0.971799,	0.849143},
{2495.79,	0.972996,	0.847549},
{2499.16,	0.971733,	0.848944},
{2502.63,	0.971201,	0.847549},
{2506.05,	0.968939,	0.845955},
{2509.58,	0.969006,	0.845556},
{2512.97,	0.971533,	0.84456},
{2516.29,	0.970136,	0.845755},
{2519.61,	0.969338,	0.845556},
{2522.91,	0.969338,	0.845556},
{2526.29,	0.969471,	0.846951},
{2529.51,	0.969272,	0.846951},
{2532.73,	0.968474,	0.846353},
{2535.84,	0.969139,	0.847549},
{2539.22,	0.967808,	0.846951},
{2542.09,	0.967276,	0.847549},
{2545.34,	0.969272,	0.84994},
{2548.51,	0.970402,	0.850339},
{2551.81,	0.970735,	0.850538},
{2554.96,	0.970336,	0.849342},
{2558.3,	0.970602,	0.851734},
{2561.51,	0.971932,	0.852531},
{2565.12,	0.972331,	0.851734},
{2568.44,	0.969272,	0.851933},
{2571.88,	0.969338,	0.850339},
{2574.92,	0.97007,	0.848745},
{2578.17,	0.969072,	0.852531},
{2581.52,	0.968341,	0.851534},
{2584.84,	0.969671,	0.851734},
{2588.42,	0.970269,	0.853527},
{2591.71,	0.970469,	0.852929},
{2594.99,	0.969538,	0.852332},
{2598.3,	0.968341,	0.851734},
{2601.28,	0.968208,	0.851534},
{2604.36,	0.967409,	0.852929},
{2607.51,	0.970003,	0.855321},
{2610.79,	0.970203,	0.85552},
{2613.97,	0.969538,	0.855919},
{2617.32,	0.969737,	0.853727},
{2620.54,	0.970003,	0.855122},
{2623.66,	0.968474,	0.856317},
{2627.03,	0.971134,	0.856118},
{2630.32,	0.971866,	0.854125},
{2633.59,	0.972464,	0.854125},
{2636.82,	0.970269,	0.854922},
{2640.18,	0.970269,	0.855919},
{2643.55,	0.970469,	0.855122},
{2646.93,	0.971134,	0.853129},
{2650.37,	0.970801,	0.857114},
{2653.85,	0.974194,	0.854723},
{2657.35,	0.971733,	0.853129},
{2660.7,	0.971533,	0.851534},
{2664.16,	0.969072,	0.85273},
{2667.32,	0.968341,	0.853727},
{2670.42,	0.968274,	0.851933},
{2673.64,	0.969471,	0.850339},
{2676.6,	0.969471,	0.848346},
{2679.86,	0.972531,	0.850937},
{2683.14,	0.970535,	0.853129},
{2686.55,	0.970136,	0.852332},
{2689.82,	0.96721,	0.849143},
{2692.92,	0.969006,	0.850339},
{2696.2,	0.968008,	0.850538},
{2699.45,	0.970868,	0.85273},
{2702.69,	0.969804,	0.853727},
{2705.93,	0.968474,	0.854922},
{2708.96,	0.968074,	0.854723},
{2712.25,	0.968673,	0.856517},
{2715.27,	0.969139,	0.856517},
{2718.48,	0.967742,	0.854524},
{2721.66,	0.968474,	0.853727},
{2724.83,	0.969737,	0.855122},
{2727.82,	0.9716,	0.856915},
{2731.1,	0.970136,	0.85552},
{2734.33,	0.970735,	0.854524},
{2737.81,	0.970535,	0.856915},
{2741.31,	0.971799,	0.859107},
{2744.62,	0.971467,	0.858709},
{2747.85,	0.968474,	0.854922},
{2750.94,	0.966877,	0.854723},
{2754.18,	0.966877,	0.855919},
{2757.55,	0.968939,	0.855321},
{2760.76,	0.969272,	0.854922},
{2763.81,	0.970668,	0.852332},
{2767.15,	0.970735,	0.853527},
{2770.34,	0.971001,	0.853328},
{2773.52,	0.970934,	0.853926},
{2776.82,	0.96987,	0.855919},
{2780.12,	0.969671,	0.857114},
{2783.44,	0.969471,	0.856915},
{2786.83,	0.969272,	0.857314},
{2790.04,	0.970668,	0.856517},
{2793.29,	0.971134,	0.856915},
{2796.52,	0.968407,	0.857912},
{2799.94,	0.969804,	0.856915},
{2803.18,	0.97007,	0.855919},
{2806.21,	0.969804,	0.854922},
{2809.3,	0.969538,	0.854922},
{2812.58,	0.970868,	0.854723},
{2815.66,	0.970668,	0.852531},
{2818.71,	0.968939,	0.853129},
{2821.94,	0.969272,	0.852531},
{2825.18,	0.968274,	0.854922},
{2828.39,	0.969804,	0.853129},
{2831.62,	0.969538,	0.852929},
{2834.88,	0.970535,	0.852132},
{2837.85,	0.971068,	0.853328},
{2841.12,	0.971001,	0.851136},
{2844.54,	0.971932,	0.853129},
{2847.94,	0.971799,	0.854723},
{2851.34,	0.970868,	0.856716},
{2854.45,	0.970203,	0.854723},
{2857.69,	0.971201,	0.85552},
{2860.8,	0.969937,	0.853926},
{2864.13,	0.969737,	0.853527},
{2867.44,	0.97007,	0.851335},
{2870.76,	0.970801,	0.853129},
{2874.14,	0.972132,	0.852531},
{2877.43,	0.971068,	0.85273},
{2880.6,	0.972664,	0.856915},
{2883.99,	0.972531,	0.85552},
{2887.44,	0.973196,	0.856317},
{2890.98,	0.971733,	0.85552},
{2894.5,	0.9716,	0.856317},
{2897.99,	0.970269,	0.852132},
{2901.34,	0.969006,	0.850538},
{2904.38,	0.969139,	0.853328},
{2907.63,	0.968673,	0.852929},
{2910.89,	0.970735,	0.850937},
{2914.14,	0.971799,	0.851534},
{2917.63,	0.971467,	0.852929},
{2921.1,	0.971666,	0.851933},
{2924.49,	0.971201,	0.854125},
{2927.93,	0.971467,	0.851136},
{2931.24,	0.97293,	0.852132},
{2934.78,	0.973794,	0.85273},
{2938.57,	0.973196,	0.854524},
{2942.13,	0.970801,	0.853328},
{2945.56,	0.971999,	0.853129},
{2949.07,	0.9714,	0.85273},
{2952.73,	0.971334,	0.853129},
{2956.25,	0.972198,	0.854324},
{2959.68,	0.970535,	0.851335},
{2962.96,	0.971201,	0.851335},
{2966.36,	0.970602,	0.852332},
{2969.85,	0.969205,	0.855321},
{2973.27,	0.971134,	0.855321},
{2976.73,	0.970269,	0.853926},
{2980.23,	0.971267,	0.85552},
{2983.46,	0.97293,	0.855919},
{2987.1,	0.973861,	0.856517},
{2990.48,	0.972863,	0.857712},
{2994.05,	0.971733,	0.85831},
{2997.47,	0.97273,	0.858509},
{3000.92,	0.972198,	0.857513},
{3003.96,	0.970868,	0.856716},
{3007.62,	0.971134,	0.856517},
{3011.12,	0.971932,	0.857114},
{3014.44,	0.970402,	0.85552},
{3017.57,	0.970668,	0.856517},
{3020.69,	0.971201,	0.856118},
{3023.79,	0.971733,	0.857912},
{3026.97,	0.970402,	0.855919},
{3030.02,	0.970402,	0.857314},
{3033.16,	0.969604,	0.858111},
{3036.43,	0.96854,	0.856517},
{3039.64,	0.969604,	0.857513},
{3042.73,	0.969737,	0.856915},
{3045.89,	0.971068,	0.856716},
{3049.38,	0.969272,	0.857114},
{3052.7,	0.970336,	0.858509},
{3055.98,	0.971201,	0.859506},
{3059.35,	0.971932,	0.860303},
{3062.68,	0.971201,	0.858509},
{3066.27,	0.971201,	0.859306},
{3069.61,	0.973861,	0.860104},
{3073,	0.972065,	0.861897},
{3076.69,	0.974061,	0.862495},
{3080.1,	0.972398,	0.864687},
{3083.64,	0.971733,	0.863093},
{3087.05,	0.972464,	0.865285},
{3090.27,	0.970469,	0.865484},
{3093.7,	0.969804,	0.86389},
{3096.89,	0.971201,	0.862894},
{3100.18,	0.972664,	0.861299},
{3103.44,	0.971533,	0.861897},
{3106.77,	0.971068,	0.8611},
{3109.89,	0.972597,	0.863491},
{3113.55,	0.972863,	0.862096},
{3117.09,	0.972863,	0.862296},
{3120.37,	0.9716,	0.865484},
{3123.86,	0.972198,	0.862894},
{3127.17,	0.969937,	0.863093},
{3130.61,	0.971799,	0.863093},
{3133.97,	0.971932,	0.863691},
{3137.3,	0.972331,	0.86389},
{3140.73,	0.972597,	0.863491},
{3144.42,	0.972265,	0.867278},
{3147.76,	0.973728,	0.866281},
{3151.34,	0.973196,	0.867079},
{3154.71,	0.971467,	0.865086},
{3158.36,	0.970136,	0.865684},
{3161.66,	0.971799,	0.864089},
{3165.33,	0.971134,	0.864687},
{3168.78,	0.970336,	0.864488},
{3172.09,	0.972797,	0.864089},
{3175.5,	0.972996,	0.866082},
{3178.89,	0.971799,	0.86389},
{3182.45,	0.970668,	0.864289},
{3186.01,	0.972664,	0.864289},
{3189.43,	0.970003,	0.865883},
{3192.96,	0.971467,	0.865684},
{3196.61,	0.969538,	0.865484},
{3199.94,	0.970003,	0.865684},
{3203.37,	0.971932,	0.86389},
{3206.74,	0.971068,	0.866082},
{3210.1,	0.970602,	0.864488},
{3213.44,	0.970336,	0.863691},
{3216.72,	0.9714,	0.863691},
{3219.9,	0.971866,	0.863491},
{3223.13,	0.973794,	0.865484},
{3227,	0.975191,	0.86668},
{3230.39,	0.972996,	0.864289},
{3233.83,	0.97273,	0.864089},
{3237.21,	0.97293,	0.864289},
{3240.75,	0.971999,	0.865484},
{3244.01,	0.971733,	0.865883},
{3247.4,	0.97007,	0.865684},
{3250.87,	0.970934,	0.865484},
{3253.96,	0.96874,	0.86389},
{3257.11,	0.972398,	0.864488},
{3260.34,	0.970535,	0.863491},
{3263.65,	0.970469,	0.865684},
{3267.09,	0.971666,	0.866082},
{3270.44,	0.970136,	0.864089},
{3273.47,	0.967276,	0.864886},
{3276.74,	0.97007,	0.865285},
{3280.11,	0.970801,	0.864886},
{3283.49,	0.971201,	0.864289},
{3286.75,	0.969804,	0.862894},
{3289.96,	0.968141,	0.863292},
{3292.96,	0.969139,	0.862096},
{3296.12,	0.968274,	0.863093},
{3298.97,	0.967941,	0.861299},
{3302.01,	0.970003,	0.860901},
{3305.19,	0.969804,	0.861299},
{3308.16,	0.969737,	0.862694},
{3311.18,	0.96854,	0.862694},
{3314.24,	0.969671,	0.862495},
{3317.56,	0.968873,	0.863491},
{3320.92,	0.970269,	0.864687},
{3324.46,	0.970801,	0.865086},
{3327.7,	0.971001,	0.862096},
{3331.1,	0.972464,	0.864687},
{3334.37,	0.971134,	0.86389},
{3337.68,	0.971666,	0.86668},
{3341,	0.970934,	0.864886},
{3344.4,	0.9716,	0.86389},
{3347.56,	0.970203,	0.864886},
{3350.67,	0.969072,	0.862495},
{3353.81,	0.96987,	0.864289},
{3357.19,	0.969205,	0.865484},
{3360.56,	0.970535,	0.864488},
{3363.71,	0.970269,	0.864488},
{3367.09,	0.968208,	0.865484},
{3370.27,	0.969737,	0.863292},
{3373.24,	0.9714,	0.863292},
{3376.34,	0.969405,	0.862296},
{3379.37,	0.96854,	0.861499},
{3382.36,	0.968939,	0.864687},
{3385.47,	0.971267,	0.865484},
{3388.66,	0.971533,	0.865883},
{3391.84,	0.970668,	0.866879},
{3395.32,	0.971201,	0.867477},
{3398.5,	0.968873,	0.868473},
{3401.65,	0.971334,	0.86389},
{3404.61,	0.968607,	0.867079},
{3407.98,	0.969604,	0.865883},
{3411.18,	0.971733,	0.865684},
{3414.22,	0.968141,	0.865285},
{3417.43,	0.96987,	0.866281},
{3420.64,	0.969471,	0.865285},
{3423.99,	0.969072,	0.867079},
{3427.31,	0.970934,	0.865883},
{3430.49,	0.968939,	0.865883},
{3433.62,	0.969538,	0.866082},
{3436.56,	0.969072,	0.866281},
{3439.81,	0.971932,	0.868673},
{3443.29,	0.971533,	0.868274},
{3446.57,	0.972065,	0.86947},
{3449.91,	0.971533,	0.870068},
{3453.34,	0.970735,	0.868872},
{3456.73,	0.971799,	0.867876},
{3460.06,	0.971799,	0.868673},
{3463.38,	0.970535,	0.867477},
{3466.65,	0.97293,	0.866879},
{3470.15,	0.971201,	0.866082},
{3473.64,	0.971467,	0.868872},
{3477.13,	0.971733,	0.870068},
{3480.48,	0.971134,	0.870865},
{3483.77,	0.969139,	0.86947},
{3487.01,	0.969538,	0.870068},
{3490.38,	0.971068,	0.868872},
{3493.88,	0.974726,	0.868274},
{3497.13,	0.974127,	0.870068},
{3500.58,	0.972464,	0.868872},
{3503.82,	0.971999,	0.868872},
{3507.24,	0.971467,	0.867676},
{3510.67,	0.971201,	0.868075},
{3514.18,	0.973794,	0.867477},
{3517.45,	0.973063,	0.869868},
{3520.87,	0.970668,	0.865883},
{3524.25,	0.97007,	0.869271},
{3527.53,	0.971533,	0.867477},
{3530.92,	0.971932,	0.867278},
{3534.16,	0.971799,	0.865684},
{3537.67,	0.970801,	0.866879},
{3540.88,	0.96987,	0.866082},
{3544.36,	0.971799,	0.866481},
{3547.83,	0.970602,	0.866082},
{3551.24,	0.971334,	0.865684},
{3554.59,	0.9716,	0.862894},
{3557.87,	0.970801,	0.864089},
{3560.74,	0.970336,	0.863491},
{3563.82,	0.969072,	0.864687},
{3567.09,	0.970269,	0.863491},
{3570.46,	0.970934,	0.865883},
{3573.79,	0.9716,	0.868872},
{3577.25,	0.971733,	0.869071},
{3580.61,	0.970203,	0.867278},
{3583.85,	0.969737,	0.867676},
{3586.96,	0.968939,	0.868473},
{3590.02,	0.969804,	0.868872},
{3593.34,	0.96854,	0.870466},
{3596.63,	0.96987,	0.869669},
{3599.82,	0.970868,	0.870666},
{3603.34,	0.969737,	0.868673},
{3606.74,	0.968607,	0.867079},
{3609.94,	0.969804,	0.869669},
{3613.21,	0.971866,	0.867477},
{3616.57,	0.970868,	0.865086},
{3619.62,	0.97007,	0.865684},
{3622.95,	0.969405,	0.865484},
{3625.96,	0.967409,	0.866281},
{3629.24,	0.967143,	0.866481},
{3632.24,	0.967808,	0.867079},
{3635.31,	0.969405,	0.866879},
{3638.66,	0.970801,	0.866879},
{3641.9,	0.971267,	0.869071},
{3645.27,	0.969272,	0.86947},
{3648.59,	0.972863,	0.871662},
{3652.02,	0.972664,	0.870466},
{3655.35,	0.9716,	0.870666},
{3658.67,	0.974194,	0.870466},
{3662.2,	0.9716,	0.870865},
{3665.53,	0.970469,	0.869669},
{3668.92,	0.971866,	0.871064},
{3672.38,	0.970868,	0.871064},
{3675.82,	0.971001,	0.872658},
{3679.15,	0.970602,	0.873655},
{3682.57,	0.96987,	0.872658},
{3685.94,	0.96987,	0.869271},
{3689.05,	0.970868,	0.871064},
{3692.55,	0.970735,	0.871463},
{3695.87,	0.971134,	0.870466},
{3699.29,	0.970801,	0.870666},
{3702.6,	0.971999,	0.871662},
{3705.82,	0.971134,	0.872061},
{3709.36,	0.97273,	0.871263},
{3712.75,	0.970934,	0.872061},
{3715.91,	0.971533,	0.870865},
{3719.03,	0.971134,	0.871263},
{3722.25,	0.97007,	0.87226},
{3725.52,	0.971267,	0.872061},
{3728.69,	0.971267,	0.871064},
{3731.86,	0.9716,	0.871861},
{3735.38,	0.971533,	0.871463},
{3738.7,	0.97273,	0.870466},
{3742.18,	0.9716,	0.871463},
{3745.52,	0.969604,	0.871861},
{3748.78,	0.969737,	0.870068},
{3752.17,	0.969671,	0.869271},
{3755.34,	0.969804,	0.868872},
{3758.57,	0.972198,	0.868473},
{3761.89,	0.97273,	0.868673},
{3765.29,	0.971733,	0.868274},
{3768.51,	0.969804,	0.867477},
{3771.75,	0.971334,	0.868473},
{3775.14,	0.969737,	0.869669},
{3778.32,	0.969671,	0.868274},
{3781.63,	0.96854,	0.868473},
{3785.07,	0.969006,	0.869071},
{3788.04,	0.96874,	0.869071},
{3791.21,	0.968341,	0.868872},
{3794.23,	0.971201,	0.870267},
{3797.61,	0.971001,	0.871064},
{3800.97,	0.971533,	0.870068},
{3804.11,	0.969338,	0.870267},
{3807.24,	0.969604,	0.869669},
{3810.38,	0.971666,	0.869669},
{3813.61,	0.971533,	0.869669},
{3816.73,	0.969006,	0.870267},
{3819.89,	0.968474,	0.868872},
{3823.2,	0.971201,	0.869071},
{3826.28,	0.971932,	0.870466},
{3829.47,	0.971001,	0.870666},
{3832.75,	0.970336,	0.868872},
{3836.01,	0.970668,	0.868473},
{3839.26,	0.971533,	0.868473},
{3842.9,	0.970269,	0.868274},
{3846.06,	0.971467,	0.868872},
{3849.44,	0.972198,	0.868673},
{3852.81,	0.971799,	0.868872},
{3856.11,	0.9716,	0.869868},
{3859.26,	0.970203,	0.869271},
{3862.39,	0.970203,	0.868872},
{3865.5,	0.96854,	0.867477},
{3868.64,	0.97007,	0.868075},
{3871.66,	0.968873,	0.868673},
{3874.84,	0.969804,	0.867278},
{3878.14,	0.970535,	0.868075},
{3881.5,	0.970801,	0.868075},
{3884.6,	0.972398,	0.867278},
{3887.88,	0.971068,	0.867676},
{3891.15,	0.971866,	0.868075},
{3894.53,	0.970535,	0.868075},
{3897.88,	0.970668,	0.869271},
{3901.12,	0.97007,	0.867079},
{3904.15,	0.9716,	0.868673},
{3907.33,	0.96987,	0.870267},
{3910.75,	0.969471,	0.871861},
{3914.12,	0.971533,	0.869868},
{3917.35,	0.969471,	0.867477},
{3920.43,	0.968673,	0.867477},
{3923.65,	0.971068,	0.870466},
{3926.98,	0.970269,	0.866879},
{3930.17,	0.970535,	0.868872},
{3933.69,	0.969804,	0.869868},
{3936.93,	0.968074,	0.869669},
{3939.94,	0.97007,	0.872459},
{3943.13,	0.96987,	0.871463},
{3946.16,	0.970336,	0.870466},
{3949.23,	0.969471,	0.870068},
{3952.31,	0.969538,	0.869669},
{3955.34,	0.969538,	0.870068},
{3958.44,	0.966345,	0.868673},
{3961.3,	0.968208,	0.869071},
{3964.46,	0.968607,	0.871463},
{3967.55,	0.968939,	0.870267},
{3970.66,	0.969937,	0.871662},
{3973.89,	0.970801,	0.869071},
{3977.01,	0.97007,	0.867278},
{3980.23,	0.969937,	0.870466},
{3983.49,	0.970668,	0.871064},
{3986.67,	0.97293,	0.869271},
{3990.11,	0.971799,	0.868075},
{3993.19,	0.970203,	0.868075},
{3996.31,	0.969538,	0.868274},
{3999.24,	0.970469,	0.868673},
{4002.45,	0.970735,	0.869868},
{4005.68,	0.971467,	0.871263},
{4008.78,	0.969737,	0.869669},
{4011.9,	0.970336,	0.870267},
{4015.33,	0.971733,	0.869868},
{4018.45,	0.968873,	0.868274},
{4021.89,	0.96987,	0.868673},
{4025.21,	0.969737,	0.868274},
{4028.44,	0.969737,	0.867676},
{4031.64,	0.968873,	0.869868},
{4034.95,	0.968607,	0.869669},
{4038.06,	0.969804,	0.871463},
{4041.13,	0.969072,	0.87226},
{4044.42,	0.97007,	0.871662},
{4047.66,	0.968939,	0.871861},
{4050.86,	0.970203,	0.873057},
{4054.13,	0.970934,	0.873456},
{4057.37,	0.970336,	0.871861},
{4060.92,	0.970136,	0.871463},
{4063.96,	0.969272,	0.870865},
{4067.02,	0.969737,	0.871463},
{4070.1,	0.96987,	0.872858},
{4073.31,	0.970801,	0.871662},
{4076.49,	0.970003,	0.870666},
{4079.84,	0.970469,	0.86947},
{4083.04,	0.970535,	0.871263},
{4086.49,	0.971799,	0.868872},
{4089.81,	0.970535,	0.868872},
{4092.9,	0.967409,	0.867278},
{4095.87,	0.967941,	0.870466},
{4099.36,	0.970203,	0.871463},
{4102.81,	0.97007,	0.870068},
{4105.92,	0.971467,	0.870466},
{4109.2,	0.971334,	0.869868},
{4112.3,	0.970801,	0.868473},
{4115.43,	0.971001,	0.869669},
{4118.72,	0.970868,	0.870865},
{4121.93,	0.970136,	0.871064},
{4125.28,	0.971533,	0.870865},
{4128.58,	0.970602,	0.868274},
{4131.79,	0.969804,	0.86947},
{4135.02,	0.969272,	0.870068},
{4138.08,	0.968939,	0.871064},
{4141.26,	0.966811,	0.870068},
{4144.45,	0.968274,	0.869868},
{4147.46,	0.967143,	0.870865},
{4150.57,	0.96987,	0.871263},
{4154.01,	0.969272,	0.870865},
{4157.29,	0.969538,	0.870865},
{4160.55,	0.969604,	0.870666},
{4163.64,	0.970801,	0.868473},
{4166.59,	0.970535,	0.866879},
{4169.79,	0.968673,	0.86668},
{4172.72,	0.968274,	0.867278},
{4175.95,	0.969205,	0.868872},
{4179.35,	0.969338,	0.868872},
{4182.79,	0.971533,	0.867676},
{4185.93,	0.971999,	0.866879},
{4189.1,	0.969804,	0.866879},
{4192.39,	0.970801,	0.867477},
{4195.64,	0.970203,	0.867079},
{4199.02,	0.970535,	0.866879},
{4202.37,	0.967143,	0.868274},
{4205.71,	0.971068,	0.868075},
{4208.85,	0.968341,	0.867477},
{4212.07,	0.971001,	0.867079},
{4215.56,	0.973395,	0.868274},
{4219.01,	0.971068,	0.868473},
{4222.52,	0.972331,	0.870666},
{4225.91,	0.970535,	0.870267},
{4229.29,	0.9716,	0.868274},
{4232.74,	0.972996,	0.868473},
{4236.38,	0.971467,	0.869271},
{4239.6,	0.969538,	0.867876},
{4242.99,	0.971533,	0.867876},
{4246.33,	0.970402,	0.869071},
{4249.57,	0.972265,	0.867079},
{4253.1,	0.972331,	0.867876},
{4256.54,	0.971733,	0.868075},
{4259.96,	0.971932,	0.867876},
{4263.35,	0.970602,	0.866281},
{4266.69,	0.970203,	0.868872},
{4270.04,	0.969804,	0.868473},
{4273.41,	0.971334,	0.868673},
{4276.72,	0.970801,	0.867876},
{4279.93,	0.969804,	0.870666},
{4283.17,	0.971467,	0.868673},
{4286.63,	0.970203,	0.871662},
{4290.25,	0.973595,	0.868075},
{4293.58,	0.971799,	0.868274},
{4296.85,	0.971001,	0.868075},
{4300.14,	0.970203,	0.868274},
{4303.38,	0.970934,	0.870267},
{4306.39,	0.969737,	0.873057},
{4309.72,	0.969139,	0.872658},
{4312.93,	0.969671,	0.871263},
{4316.19,	0.970735,	0.872658},
{4319.57,	0.971733,	0.876246},
{4320,	0.970868,	0.877441}};
