********************** RESULTS *********************
Sum of squared residuals (SSR) = 0.172303
{c} = 0.0419 2.0868 6.2819
{k} =    9.98756   0.864906   0.256824    3.23037    2.16393   0.115311   0.520304    2.71183 0.00743196
kAA = 9.98756
kAB = 0.864906
kBB = 0.256824
kBA = 3.23037
kAmA = 2.16393
kAmB = 0.115311
kBmB = 0.520304
kBmA = 2.71183
kT = 0.00743196
rA = 11.5476
rB = 0.079503
rA-A = kA-A/kAA = 0.216663
rA-B = kA-B/kAB = 0.133322
rB-B = kB-B/kBB = 2.02591
rB-A = kB-A/kBA = 0.839478
********************* FIT DATA *********************
data = {{0,	0,	0},
{0.5,	0.116083,	0.0302991},
{1,	0.224003,	0.0336343},
{3,	0.449389,	0.0511247},
{5,	0.60776,	0.0541981},
{10,	0.810923,	0.0837614},
{30,	0.960486,	0.244973},
{60,	0.97745,	0.488108},
{150,	0.979342,	0.620103},
{240,	0.980081,	0.721016},
{360,	0.982893,	0.823386},
{1440,	0.977045,	0.764089},
{2880,	0.991948,	0.957505},
{4320,	0.992399,	0.997017}};
********************* BEST FIT *********************
fit = {{0,	0,	0},
{0.00110173,	0.000200803,	0},
{0.0011066,	0.000401606,	0},
{0.00118416,	0.00060241,	0},
{0.00237116,	0.000803213,	0},
{0.00264494,	0.00100402,	0},
{0.00363446,	0.00120482,	0},
{0.00401498,	0.00140562,	0},
{0.00444736,	0.00160643,	0},
{0.00452915,	0.00180723,	0},
{0.00532799,	0.00200803,	0},
{0.00652899,	0.00220884,	0},
{0.00659011,	0.00240964,	0},
{0.00660226,	0.00261044,	0},
{0.0070218,	0.00281124,	0},
{0.00805748,	0.00301205,	0},
{0.00844077,	0.00321285,	0},
{0.00934106,	0.00321285,	6.67022e-05},
{0.00943649,	0.00341365,	6.67022e-05},
{0.00951586,	0.00361446,	6.67022e-05},
{0.0101535,	0.00381526,	6.67022e-05},
{0.0105137,	0.00401606,	6.67022e-05},
{0.0106894,	0.00421687,	6.67022e-05},
{0.0107883,	0.00441767,	6.67022e-05},
{0.0108576,	0.00461847,	6.67022e-05},
{0.0110458,	0.00481928,	6.67022e-05},
{0.0128211,	0.00502008,	6.67022e-05},
{0.0131472,	0.00522088,	6.67022e-05},
{0.0132181,	0.00542169,	6.67022e-05},
{0.0133762,	0.00562249,	6.67022e-05},
{0.0141193,	0.00562249,	0.000133404},
{0.0142345,	0.00582329,	0.000133404},
{0.014478,	0.0060241,	0.000133404},
{0.014571,	0.0062249,	0.000133404},
{0.0146754,	0.0064257,	0.000133404},
{0.0148085,	0.00662651,	0.000133404},
{0.0148327,	0.00682731,	0.000133404},
{0.0165962,	0.00702811,	0.000133404},
{0.0167175,	0.00722892,	0.000133404},
{0.0173169,	0.00742972,	0.000133404},
{0.0174409,	0.00763052,	0.000133404},
{0.0183699,	0.00763052,	0.000200107},
{0.0197114,	0.00783133,	0.000200107},
{0.0210985,	0.00803213,	0.000200107},
{0.0214313,	0.00823293,	0.000200107},
{0.0214646,	0.00843373,	0.000200107},
{0.0225997,	0.00863454,	0.000200107},
{0.0227317,	0.00883534,	0.000200107},
{0.0237051,	0.00883534,	0.000266809},
{0.0239145,	0.00903614,	0.000266809},
{0.0245346,	0.00923695,	0.000266809},
{0.0253341,	0.00943775,	0.000266809},
{0.0258118,	0.00963855,	0.000266809},
{0.0258402,	0.00983936,	0.000266809},
{0.0259708,	0.00983936,	0.000333511},
{0.0260914,	0.0100402,	0.000333511},
{0.0261357,	0.010241,	0.000333511},
{0.0264308,	0.0104418,	0.000333511},
{0.0270943,	0.0106426,	0.000333511},
{0.0272664,	0.0106426,	0.000400213},
{0.02751,	0.0106426,	0.000466916},
{0.0279311,	0.0108434,	0.000466916},
{0.028117,	0.0110442,	0.000466916},
{0.028194,	0.011245,	0.000466916},
{0.028297,	0.0114458,	0.000466916},
{0.0284516,	0.0116466,	0.000466916},
{0.028604,	0.0116466,	0.000533618},
{0.0286353,	0.0118474,	0.000533618},
{0.0287274,	0.0120482,	0.000533618},
{0.0293217,	0.012249,	0.000533618},
{0.029667,	0.0124498,	0.000533618},
{0.0298745,	0.0126506,	0.000533618},
{0.0299525,	0.0128514,	0.000533618},
{0.0300171,	0.0130522,	0.000533618},
{0.0312099,	0.013253,	0.000533618},
{0.032011,	0.013253,	0.00060032},
{0.0320759,	0.0134538,	0.00060032},
{0.0328639,	0.0136546,	0.00060032},
{0.0334027,	0.0138554,	0.00060032},
{0.0334079,	0.0140562,	0.00060032},
{0.0334358,	0.014257,	0.00060032},
{0.0338128,	0.0144578,	0.00060032},
{0.034018,	0.0146586,	0.00060032},
{0.0341819,	0.0148594,	0.00060032},
{0.0345668,	0.0150602,	0.00060032},
{0.03462,	0.015261,	0.00060032},
{0.0348961,	0.0154618,	0.00060032},
{0.0365624,	0.0156627,	0.00060032},
{0.0374751,	0.0158635,	0.00060032},
{0.0383299,	0.0160643,	0.00060032},
{0.0388633,	0.0160643,	0.000667022},
{0.0388994,	0.0160643,	0.000733725},
{0.0390002,	0.0162651,	0.000733725},
{0.0396257,	0.0164659,	0.000733725},
{0.0397232,	0.0166667,	0.000733725},
{0.042072,	0.0168675,	0.000733725},
{0.0429263,	0.0170683,	0.000733725},
{0.0431999,	0.0170683,	0.000800427},
{0.0436378,	0.0172691,	0.000800427},
{0.0447627,	0.0174699,	0.000800427},
{0.0450219,	0.0176707,	0.000800427},
{0.0452678,	0.0176707,	0.000867129},
{0.0455863,	0.0178715,	0.000867129},
{0.0457735,	0.0180723,	0.000867129},
{0.0459465,	0.0182731,	0.000867129},
{0.0465909,	0.0184739,	0.000867129},
{0.0466531,	0.0186747,	0.000867129},
{0.0468775,	0.0188755,	0.000867129},
{0.0472374,	0.0190763,	0.000867129},
{0.0475512,	0.0192771,	0.000867129},
{0.0477642,	0.0194779,	0.000867129},
{0.0482773,	0.0194779,	0.000933831},
{0.0483434,	0.0194779,	0.00100053},
{0.048375,	0.0194779,	0.00106724},
{0.0490495,	0.0196787,	0.00106724},
{0.0498,	0.0196787,	0.00113394},
{0.0500079,	0.0198795,	0.00113394},
{0.0509795,	0.0200803,	0.00113394},
{0.0513817,	0.0200803,	0.00120064},
{0.0519366,	0.0198795,	0.00120064},
{0.0522997,	0.0200803,	0.00120064},
{0.0528282,	0.0202811,	0.00120064},
{0.0532935,	0.0204819,	0.00120064},
{0.0533777,	0.0206827,	0.00120064},
{0.0534518,	0.0208835,	0.00120064},
{0.0535692,	0.0210843,	0.00120064},
{0.0536904,	0.0212851,	0.00120064},
{0.0541116,	0.0212851,	0.00126734},
{0.0543322,	0.0214859,	0.00126734},
{0.0545037,	0.0216867,	0.00126734},
{0.0547513,	0.0218876,	0.00126734},
{0.0549749,	0.0220884,	0.00126734},
{0.0555926,	0.0220884,	0.00133404},
{0.0566558,	0.0222892,	0.00133404},
{0.0570671,	0.02249,	0.00133404},
{0.0574847,	0.0226908,	0.00133404},
{0.0582133,	0.0228916,	0.00133404},
{0.0584898,	0.0230924,	0.00133404},
{0.0587344,	0.0232932,	0.00133404},
{0.0602136,	0.023494,	0.00133404},
{0.0604355,	0.0236948,	0.00133404},
{0.0613033,	0.0238956,	0.00133404},
{0.061532,	0.0240964,	0.00133404},
{0.0616709,	0.0242972,	0.00133404},
{0.0631535,	0.024498,	0.00133404},
{0.063576,	0.024498,	0.00140075},
{0.0636685,	0.0246988,	0.00140075},
{0.0637963,	0.0248996,	0.00140075},
{0.0642181,	0.0251004,	0.00140075},
{0.0654341,	0.0251004,	0.00146745},
{0.066209,	0.0253012,	0.00146745},
{0.0666214,	0.025502,	0.00146745},
{0.0669042,	0.0257028,	0.00146745},
{0.0669517,	0.0259036,	0.00146745},
{0.0671802,	0.0257028,	0.00146745},
{0.0674809,	0.0259036,	0.00146745},
{0.0675514,	0.0259036,	0.00153415},
{0.0675715,	0.0261044,	0.00153415},
{0.067839,	0.0263052,	0.00153415},
{0.068245,	0.026506,	0.00153415},
{0.0684563,	0.0267068,	0.00153415},
{0.0686471,	0.0269076,	0.00153415},
{0.0692888,	0.0271084,	0.00153415},
{0.0695763,	0.0273092,	0.00153415},
{0.0696008,	0.02751,	0.00153415},
{0.0698915,	0.02751,	0.00160085},
{0.0701873,	0.0277108,	0.00160085},
{0.0709056,	0.0279116,	0.00160085},
{0.0712882,	0.0281124,	0.00160085},
{0.0714461,	0.0281124,	0.00166756},
{0.0718127,	0.0283133,	0.00166756},
{0.07208,	0.0285141,	0.00166756},
{0.0733819,	0.0287149,	0.00166756},
{0.0745085,	0.0289157,	0.00166756},
{0.0747141,	0.0291165,	0.00166756},
{0.0747305,	0.0289157,	0.00166756},
{0.075559,	0.0291165,	0.00166756},
{0.0756831,	0.0293173,	0.00166756},
{0.075772,	0.0295181,	0.00166756},
{0.0758991,	0.0297189,	0.00166756},
{0.0759269,	0.0299197,	0.00166756},
{0.0760342,	0.0301205,	0.00166756},
{0.0765641,	0.0303213,	0.00166756},
{0.0766612,	0.0305221,	0.00166756},
{0.0767433,	0.0307229,	0.00166756},
{0.0768461,	0.0309237,	0.00166756},
{0.0769884,	0.0309237,	0.00173426},
{0.0773237,	0.0309237,	0.00180096},
{0.0783331,	0.0311245,	0.00180096},
{0.0794493,	0.0313253,	0.00180096},
{0.0800788,	0.0315261,	0.00180096},
{0.0802919,	0.0317269,	0.00180096},
{0.080629,	0.0319277,	0.00180096},
{0.0808052,	0.0321285,	0.00180096},
{0.081064,	0.0323293,	0.00180096},
{0.0814308,	0.0325301,	0.00180096},
{0.0831537,	0.0327309,	0.00180096},
{0.0832688,	0.0329317,	0.00180096},
{0.0835188,	0.0331325,	0.00180096},
{0.0840818,	0.0333333,	0.00180096},
{0.0843383,	0.0333333,	0.00186766},
{0.0845968,	0.0335341,	0.00186766},
{0.0847563,	0.0337349,	0.00186766},
{0.084764,	0.0339357,	0.00186766},
{0.0849973,	0.0341365,	0.00186766},
{0.0853971,	0.0343373,	0.00186766},
{0.0867871,	0.0345382,	0.00186766},
{0.0876773,	0.034739,	0.00186766},
{0.0885239,	0.0349398,	0.00186766},
{0.0889154,	0.0351406,	0.00186766},
{0.0904834,	0.0353414,	0.00186766},
{0.0907672,	0.0355422,	0.00186766},
{0.091651,	0.0353414,	0.00186766},
{0.0916762,	0.0355422,	0.00186766},
{0.0928121,	0.035743,	0.00186766},
{0.0934752,	0.0359438,	0.00186766},
{0.0936455,	0.0361446,	0.00186766},
{0.0936462,	0.0363454,	0.00186766},
{0.0938719,	0.0365462,	0.00186766},
{0.0939852,	0.036747,	0.00186766},
{0.0948995,	0.036747,	0.00193436},
{0.0949033,	0.036747,	0.00200107},
{0.0949171,	0.0369478,	0.00200107},
{0.0959964,	0.0371486,	0.00200107},
{0.0961504,	0.0369478,	0.00200107},
{0.096176,	0.0371486,	0.00200107},
{0.0970567,	0.0373494,	0.00200107},
{0.0974708,	0.0375502,	0.00200107},
{0.0979434,	0.037751,	0.00200107},
{0.0993816,	0.037751,	0.00206777},
{0.0995668,	0.0379518,	0.00206777},
{0.100592,	0.0381526,	0.00206777},
{0.103989,	0.0383534,	0.00206777},
{0.104245,	0.0385542,	0.00206777},
{0.104576,	0.038755,	0.00206777},
{0.105499,	0.0389558,	0.00206777},
{0.105664,	0.0391566,	0.00206777},
{0.106167,	0.0393574,	0.00206777},
{0.106253,	0.0395582,	0.00206777},
{0.106298,	0.039759,	0.00206777},
{0.106384,	0.0399598,	0.00206777},
{0.106948,	0.0401606,	0.00206777},
{0.107006,	0.0403614,	0.00206777},
{0.107509,	0.0405622,	0.00206777},
{0.107642,	0.0407631,	0.00206777},
{0.108741,	0.0409639,	0.00206777},
{0.109368,	0.0411647,	0.00206777},
{0.109889,	0.0413655,	0.00206777},
{0.110106,	0.0415663,	0.00206777},
{0.110271,	0.0415663,	0.00213447},
{0.110352,	0.0417671,	0.00213447},
{0.110496,	0.0419679,	0.00213447},
{0.111075,	0.0421687,	0.00213447},
{0.112113,	0.0423695,	0.00213447},
{0.112143,	0.0425703,	0.00213447},
{0.112152,	0.0427711,	0.00213447},
{0.112203,	0.0429719,	0.00213447},
{0.112878,	0.0431727,	0.00213447},
{0.113212,	0.0433735,	0.00213447},
{0.11382,	0.0435743,	0.00213447},
{0.114143,	0.0437751,	0.00213447},
{0.114225,	0.0439759,	0.00213447},
{0.114988,	0.0439759,	0.00220117},
{0.115044,	0.0441767,	0.00220117},
{0.11507,	0.0443775,	0.00220117},
{0.115684,	0.0443775,	0.00226788},
{0.116097,	0.0445783,	0.00226788},
{0.11649,	0.0447791,	0.00226788},
{0.116971,	0.0449799,	0.00226788},
{0.117139,	0.0451807,	0.00226788},
{0.117441,	0.0453815,	0.00226788},
{0.117494,	0.0453815,	0.00233458},
{0.118567,	0.0455823,	0.00233458},
{0.118674,	0.0453815,	0.00233458},
{0.119428,	0.0455823,	0.00233458},
{0.119885,	0.0457831,	0.00233458},
{0.120407,	0.0459839,	0.00233458},
{0.12083,	0.0459839,	0.00240128},
{0.121094,	0.0461847,	0.00240128},
{0.121767,	0.0461847,	0.00246798},
{0.122608,	0.0463855,	0.00246798},
{0.122616,	0.0461847,	0.00246798},
{0.123041,	0.0463855,	0.00246798},
{0.12323,	0.0465863,	0.00246798},
{0.123561,	0.0467871,	0.00246798},
{0.123623,	0.0467871,	0.00253469},
{0.123714,	0.046988,	0.00253469},
{0.12395,	0.0471888,	0.00253469},
{0.124272,	0.0473896,	0.00253469},
{0.124957,	0.0471888,	0.00253469},
{0.125343,	0.0473896,	0.00253469},
{0.125415,	0.0475904,	0.00253469},
{0.125735,	0.0477912,	0.00253469},
{0.126511,	0.047992,	0.00253469},
{0.128395,	0.0481928,	0.00253469},
{0.129009,	0.0483936,	0.00253469},
{0.129237,	0.0485944,	0.00253469},
{0.130355,	0.0487952,	0.00253469},
{0.130908,	0.048996,	0.00253469},
{0.13108,	0.0491968,	0.00253469},
{0.131081,	0.0493976,	0.00253469},
{0.131162,	0.0495984,	0.00253469},
{0.131187,	0.0497992,	0.00253469},
{0.131361,	0.0495984,	0.00253469},
{0.131589,	0.0497992,	0.00253469},
{0.131592,	0.05,	0.00253469},
{0.132591,	0.0502008,	0.00253469},
{0.132744,	0.0504016,	0.00253469},
{0.133301,	0.0504016,	0.00260139},
{0.133632,	0.0506024,	0.00260139},
{0.136308,	0.0508032,	0.00260139},
{0.137355,	0.051004,	0.00260139},
{0.137496,	0.051004,	0.00266809},
{0.13758,	0.0512048,	0.00266809},
{0.137592,	0.051004,	0.00266809},
{0.137943,	0.0512048,	0.00266809},
{0.138028,	0.051004,	0.00266809},
{0.138131,	0.0512048,	0.00266809},
{0.138316,	0.0514056,	0.00266809},
{0.138678,	0.0516064,	0.00266809},
{0.138893,	0.0518072,	0.00266809},
{0.139323,	0.052008,	0.00266809},
{0.139709,	0.0522088,	0.00266809},
{0.140228,	0.0524096,	0.00266809},
{0.140282,	0.0526104,	0.00266809},
{0.140441,	0.0528112,	0.00266809},
{0.140704,	0.053012,	0.00266809},
{0.140771,	0.0532129,	0.00266809},
{0.140795,	0.0534137,	0.00266809},
{0.140861,	0.0536145,	0.00266809},
{0.140985,	0.0538153,	0.00266809},
{0.142315,	0.0540161,	0.00266809},
{0.142915,	0.0542169,	0.00266809},
{0.142924,	0.0544177,	0.00266809},
{0.143661,	0.0546185,	0.00266809},
{0.143786,	0.0548193,	0.00266809},
{0.144638,	0.0548193,	0.00273479},
{0.1467,	0.0550201,	0.00273479},
{0.146733,	0.0550201,	0.00280149},
{0.148153,	0.0552209,	0.00280149},
{0.148962,	0.0554217,	0.00280149},
{0.149057,	0.0556225,	0.00280149},
{0.150275,	0.0558233,	0.00280149},
{0.150319,	0.0560241,	0.00280149},
{0.150374,	0.0562249,	0.00280149},
{0.15108,	0.0564257,	0.00280149},
{0.151086,	0.0564257,	0.0028682},
{0.151501,	0.0566265,	0.0028682},
{0.151673,	0.0568273,	0.0028682},
{0.151887,	0.0570281,	0.0028682},
{0.152605,	0.0572289,	0.0028682},
{0.153168,	0.0572289,	0.0029349},
{0.153321,	0.0570281,	0.0029349},
{0.153561,	0.0570281,	0.0030016},
{0.153809,	0.0572289,	0.0030016},
{0.154479,	0.0574297,	0.0030016},
{0.154753,	0.0574297,	0.0030683},
{0.155059,	0.0576305,	0.0030683},
{0.155453,	0.0578313,	0.0030683},
{0.156707,	0.0578313,	0.00313501},
{0.157008,	0.0580321,	0.00313501},
{0.157378,	0.0582329,	0.00313501},
{0.157404,	0.0584337,	0.00313501},
{0.157834,	0.0586345,	0.00313501},
{0.158874,	0.0588353,	0.00313501},
{0.159745,	0.0590361,	0.00313501},
{0.160824,	0.0590361,	0.00320171},
{0.161167,	0.0592369,	0.00320171},
{0.161343,	0.0594378,	0.00320171},
{0.161446,	0.0594378,	0.00326841},
{0.161704,	0.0596386,	0.00326841},
{0.162981,	0.0598394,	0.00326841},
{0.163083,	0.0600402,	0.00326841},
{0.163294,	0.060241,	0.00326841},
{0.163871,	0.0604418,	0.00326841},
{0.163918,	0.0606426,	0.00326841},
{0.164541,	0.0608434,	0.00326841},
{0.165835,	0.0606426,	0.00326841},
{0.16608,	0.0608434,	0.00326841},
{0.166203,	0.0606426,	0.00326841},
{0.167168,	0.0606426,	0.00333511},
{0.167391,	0.0606426,	0.00340181},
{0.168817,	0.0608434,	0.00340181},
{0.169464,	0.0610442,	0.00340181},
{0.169894,	0.0608434,	0.00340181},
{0.170452,	0.0610442,	0.00340181},
{0.170477,	0.061245,	0.00340181},
{0.170765,	0.0614458,	0.00340181},
{0.171448,	0.0614458,	0.00346852},
{0.171826,	0.0616466,	0.00346852},
{0.171845,	0.0616466,	0.00353522},
{0.172652,	0.0616466,	0.00360192},
{0.174068,	0.0614458,	0.00360192},
{0.174942,	0.061245,	0.00360192},
{0.175567,	0.0614458,	0.00360192},
{0.176086,	0.0616466,	0.00360192},
{0.176294,	0.0618474,	0.00360192},
{0.176413,	0.0620482,	0.00360192},
{0.177297,	0.0620482,	0.00366862},
{0.177569,	0.062249,	0.00366862},
{0.177971,	0.0624498,	0.00366862},
{0.178112,	0.0626506,	0.00366862},
{0.17815,	0.0626506,	0.00373533},
{0.178762,	0.0626506,	0.00380203},
{0.17898,	0.0628514,	0.00380203},
{0.181005,	0.0630522,	0.00380203},
{0.181287,	0.063253,	0.00380203},
{0.181862,	0.0634538,	0.00380203},
{0.181893,	0.0636546,	0.00380203},
{0.182343,	0.0638554,	0.00380203},
{0.182959,	0.0640562,	0.00380203},
{0.183912,	0.064257,	0.00380203},
{0.18407,	0.0640562,	0.00380203},
{0.184203,	0.0640562,	0.00386873},
{0.184794,	0.064257,	0.00386873},
{0.185222,	0.0644578,	0.00386873},
{0.18524,	0.0646586,	0.00386873},
{0.185869,	0.0644578,	0.00386873},
{0.186919,	0.0646586,	0.00386873},
{0.187019,	0.0646586,	0.00393543},
{0.187255,	0.0648594,	0.00393543},
{0.188938,	0.0650602,	0.00393543},
{0.189877,	0.065261,	0.00393543},
{0.190072,	0.0654618,	0.00393543},
{0.190448,	0.0656627,	0.00393543},
{0.190814,	0.0658635,	0.00393543},
{0.191299,	0.0660643,	0.00393543},
{0.191348,	0.0662651,	0.00393543},
{0.191521,	0.0664659,	0.00393543},
{0.191581,	0.0666667,	0.00393543},
{0.192252,	0.0666667,	0.00400213},
{0.193519,	0.0668675,	0.00400213},
{0.193963,	0.0670683,	0.00400213},
{0.194164,	0.0672691,	0.00400213},
{0.194267,	0.0674699,	0.00400213},
{0.195709,	0.0676707,	0.00400213},
{0.195967,	0.0674699,	0.00400213},
{0.196064,	0.0676707,	0.00400213},
{0.196339,	0.0678715,	0.00400213},
{0.198292,	0.0680723,	0.00400213},
{0.198761,	0.0678715,	0.00400213},
{0.200163,	0.0680723,	0.00400213},
{0.201115,	0.0682731,	0.00400213},
{0.2017,	0.0684739,	0.00400213},
{0.202554,	0.0686747,	0.00400213},
{0.202985,	0.0686747,	0.00406884},
{0.205048,	0.0684739,	0.00406884},
{0.205262,	0.0684739,	0.00413554},
{0.205533,	0.0686747,	0.00413554},
{0.206148,	0.0688755,	0.00413554},
{0.206524,	0.0690763,	0.00413554},
{0.20802,	0.0692771,	0.00413554},
{0.209344,	0.0694779,	0.00413554},
{0.210088,	0.0696787,	0.00413554},
{0.210171,	0.0698795,	0.00413554},
{0.210274,	0.0700803,	0.00413554},
{0.210362,	0.0702811,	0.00413554},
{0.21039,	0.0702811,	0.00420224},
{0.210415,	0.0704819,	0.00420224},
{0.210447,	0.0706827,	0.00420224},
{0.21048,	0.0706827,	0.00426894},
{0.210586,	0.0708835,	0.00426894},
{0.210837,	0.0710843,	0.00426894},
{0.210872,	0.0712851,	0.00426894},
{0.211331,	0.0714859,	0.00426894},
{0.211886,	0.0716867,	0.00426894},
{0.212411,	0.0718876,	0.00426894},
{0.212598,	0.0720884,	0.00426894},
{0.213645,	0.0722892,	0.00426894},
{0.214074,	0.07249,	0.00426894},
{0.214451,	0.0726908,	0.00426894},
{0.215186,	0.0728916,	0.00426894},
{0.215211,	0.0730924,	0.00426894},
{0.215599,	0.0732932,	0.00426894},
{0.216861,	0.0730924,	0.00426894},
{0.217234,	0.0730924,	0.00433565},
{0.217688,	0.0732932,	0.00433565},
{0.217827,	0.073494,	0.00433565},
{0.218728,	0.0736948,	0.00433565},
{0.218831,	0.0738956,	0.00433565},
{0.219094,	0.0738956,	0.00440235},
{0.21911,	0.0736948,	0.00440235},
{0.219669,	0.0738956,	0.00440235},
{0.220238,	0.0740964,	0.00440235},
{0.22037,	0.0738956,	0.00440235},
{0.22052,	0.0740964,	0.00440235},
{0.221971,	0.0742972,	0.00440235},
{0.222484,	0.0742972,	0.00446905},
{0.222501,	0.074498,	0.00446905},
{0.222994,	0.0746988,	0.00446905},
{0.223741,	0.0748996,	0.00446905},
{0.223803,	0.0751004,	0.00446905},
{0.224052,	0.0753012,	0.00446905},
{0.224353,	0.0751004,	0.00446905},
{0.226172,	0.0753012,	0.00446905},
{0.22646,	0.075502,	0.00446905},
{0.226561,	0.0753012,	0.00446905},
{0.226642,	0.075502,	0.00446905},
{0.226712,	0.075502,	0.00453575},
{0.226735,	0.075502,	0.00460245},
{0.226799,	0.0757028,	0.00460245},
{0.227275,	0.0759036,	0.00460245},
{0.227415,	0.0761044,	0.00460245},
{0.227527,	0.0763052,	0.00460245},
{0.229063,	0.076506,	0.00460245},
{0.229814,	0.076506,	0.00466916},
{0.229931,	0.0767068,	0.00466916},
{0.230102,	0.0767068,	0.00473586},
{0.230216,	0.0769076,	0.00473586},
{0.230219,	0.0771084,	0.00473586},
{0.230332,	0.0773092,	0.00473586},
{0.231102,	0.07751,	0.00473586},
{0.232078,	0.07751,	0.00480256},
{0.232579,	0.0777108,	0.00480256},
{0.232765,	0.0779116,	0.00480256},
{0.232822,	0.0779116,	0.00486926},
{0.232851,	0.0781124,	0.00486926},
{0.23392,	0.0781124,	0.00493597},
{0.235678,	0.0783133,	0.00493597},
{0.235913,	0.0783133,	0.00500267},
{0.236637,	0.0785141,	0.00500267},
{0.23772,	0.0787149,	0.00500267},
{0.237784,	0.0787149,	0.00506937},
{0.238631,	0.0789157,	0.00506937},
{0.238926,	0.0789157,	0.00513607},
{0.238967,	0.0791165,	0.00513607},
{0.240087,	0.0791165,	0.00520277},
{0.240813,	0.0793173,	0.00520277},
{0.240846,	0.0793173,	0.00526948},
{0.24115,	0.0795181,	0.00526948},
{0.241444,	0.0797189,	0.00526948},
{0.242897,	0.0799197,	0.00526948},
{0.242951,	0.0801205,	0.00526948},
{0.243165,	0.0803213,	0.00526948},
{0.244121,	0.0803213,	0.00533618},
{0.244387,	0.0803213,	0.00540288},
{0.245239,	0.0803213,	0.00546958},
{0.245676,	0.0805221,	0.00546958},
{0.246081,	0.0807229,	0.00546958},
{0.24623,	0.0807229,	0.00553629},
{0.246607,	0.0809237,	0.00553629},
{0.247474,	0.0811245,	0.00553629},
{0.247702,	0.0813253,	0.00553629},
{0.247862,	0.0813253,	0.00560299},
{0.248056,	0.0815261,	0.00560299},
{0.248532,	0.0815261,	0.00566969},
{0.248839,	0.0815261,	0.00573639},
{0.24897,	0.0817269,	0.00573639},
{0.249548,	0.0819277,	0.00573639},
{0.250311,	0.0821285,	0.00573639},
{0.250689,	0.0823293,	0.00573639},
{0.251091,	0.0825301,	0.00573639},
{0.251519,	0.0827309,	0.00573639},
{0.252276,	0.0829317,	0.00573639},
{0.252303,	0.0831325,	0.00573639},
{0.25386,	0.0831325,	0.00580309},
{0.254024,	0.0833333,	0.00580309},
{0.2544,	0.0835341,	0.00580309},
{0.254931,	0.0837349,	0.00580309},
{0.255476,	0.0839357,	0.00580309},
{0.255612,	0.0841365,	0.00580309},
{0.256187,	0.0843373,	0.00580309},
{0.256299,	0.0845382,	0.00580309},
{0.25702,	0.084739,	0.00580309},
{0.25708,	0.0849398,	0.00580309},
{0.261348,	0.0851406,	0.00580309},
{0.26179,	0.0853414,	0.00580309},
{0.262143,	0.0851406,	0.00580309},
{0.262511,	0.0853414,	0.00580309},
{0.262615,	0.0855422,	0.00580309},
{0.262904,	0.085743,	0.00580309},
{0.263121,	0.085743,	0.0058698},
{0.263423,	0.0859438,	0.0058698},
{0.263962,	0.0861446,	0.0058698},
{0.264456,	0.0861446,	0.0059365},
{0.265145,	0.0863454,	0.0059365},
{0.265204,	0.0865462,	0.0059365},
{0.266302,	0.086747,	0.0059365},
{0.266523,	0.086747,	0.0060032},
{0.266543,	0.0869478,	0.0060032},
{0.266547,	0.086747,	0.0060032},
{0.266808,	0.0869478,	0.0060032},
{0.267486,	0.0869478,	0.0060699},
{0.267737,	0.0869478,	0.00613661},
{0.269136,	0.0869478,	0.00620331},
{0.26934,	0.0871486,	0.00620331},
{0.269856,	0.0873494,	0.00620331},
{0.270287,	0.0875502,	0.00620331},
{0.270445,	0.0875502,	0.00613661},
{0.274398,	0.087751,	0.00613661},
{0.275035,	0.087751,	0.00620331},
{0.275974,	0.0879518,	0.00620331},
{0.276019,	0.0879518,	0.00627001},
{0.276079,	0.0881526,	0.00627001},
{0.276258,	0.0883534,	0.00627001},
{0.276505,	0.0885542,	0.00627001},
{0.276687,	0.0885542,	0.00633671},
{0.276696,	0.088755,	0.00633671},
{0.276713,	0.088755,	0.00640342},
{0.276811,	0.0889558,	0.00640342},
{0.277053,	0.0889558,	0.00647012},
{0.277948,	0.0889558,	0.00653682},
{0.279006,	0.088755,	0.00653682},
{0.279967,	0.0889558,	0.00653682},
{0.282443,	0.0889558,	0.00660352},
{0.282585,	0.0891566,	0.00660352},
{0.282593,	0.0893574,	0.00660352},
{0.282676,	0.0893574,	0.00667022},
{0.282738,	0.0895582,	0.00667022},
{0.283614,	0.089759,	0.00667022},
{0.283895,	0.0899598,	0.00667022},
{0.28418,	0.0899598,	0.00673693},
{0.284189,	0.0899598,	0.00680363},
{0.284902,	0.0901606,	0.00680363},
{0.285849,	0.0903614,	0.00680363},
{0.286055,	0.0903614,	0.00687033},
{0.286663,	0.0905622,	0.00687033},
{0.288813,	0.0907631,	0.00687033},
{0.288976,	0.0909639,	0.00687033},
{0.290519,	0.0909639,	0.00693703},
{0.291396,	0.0911647,	0.00693703},
{0.291572,	0.0913655,	0.00693703},
{0.291612,	0.0915663,	0.00693703},
{0.292377,	0.0917671,	0.00693703},
{0.292433,	0.0915663,	0.00693703},
{0.293073,	0.0917671,	0.00693703},
{0.29326,	0.0919679,	0.00693703},
{0.294485,	0.0921687,	0.00693703},
{0.294722,	0.0921687,	0.00700374},
{0.295082,	0.0921687,	0.00707044},
{0.295171,	0.0923695,	0.00707044},
{0.295175,	0.0925703,	0.00707044},
{0.295238,	0.0927711,	0.00707044},
{0.295726,	0.0925703,	0.00707044},
{0.295815,	0.0927711,	0.00707044},
{0.295975,	0.0927711,	0.00713714},
{0.296364,	0.0929719,	0.00713714},
{0.296477,	0.0927711,	0.00713714},
{0.29676,	0.0929719,	0.00713714},
{0.297771,	0.0929719,	0.00720384},
{0.297862,	0.0927711,	0.00720384},
{0.298098,	0.0929719,	0.00720384},
{0.29819,	0.0931727,	0.00720384},
{0.298372,	0.0933735,	0.00720384},
{0.299092,	0.0933735,	0.00727054},
{0.299118,	0.0935743,	0.00727054},
{0.299494,	0.0937751,	0.00727054},
{0.300619,	0.0937751,	0.00733725},
{0.300623,	0.0939759,	0.00733725},
{0.300714,	0.0937751,	0.00733725},
{0.300837,	0.0939759,	0.00733725},
{0.302027,	0.0939759,	0.00733725},
{0.302405,	0.0941767,	0.00733725},
{0.302667,	0.0943775,	0.00733725},
{0.303535,	0.0945783,	0.00733725},
{0.304214,	0.0945783,	0.00740395},
{0.304635,	0.0947791,	0.00740395},
{0.305638,	0.0949799,	0.00740395},
{0.305668,	0.0951807,	0.00740395},
{0.306795,	0.0953815,	0.00740395},
{0.309456,	0.0955823,	0.00740395},
{0.311188,	0.0955823,	0.00747065},
{0.311415,	0.0957831,	0.00747065},
{0.31198,	0.0959839,	0.00747065},
{0.312423,	0.0961847,	0.00747065},
{0.312688,	0.0963855,	0.00747065},
{0.31302,	0.0963855,	0.00753735},
{0.313047,	0.0965863,	0.00753735},
{0.313115,	0.0967871,	0.00753735},
{0.313377,	0.096988,	0.00753735},
{0.313926,	0.0971888,	0.00753735},
{0.315987,	0.0973896,	0.00753735},
{0.31637,	0.0973896,	0.00760406},
{0.316674,	0.0975904,	0.00760406},
{0.317662,	0.0973896,	0.00760406},
{0.318199,	0.0975904,	0.00760406},
{0.31823,	0.0977912,	0.00760406},
{0.318356,	0.097992,	0.00760406},
{0.318497,	0.0981928,	0.00760406},
{0.31869,	0.0981928,	0.00767076},
{0.319538,	0.0983936,	0.00767076},
{0.319858,	0.0981928,	0.00767076},
{0.320998,	0.0983936,	0.00767076},
{0.321103,	0.0983936,	0.00773746},
{0.323785,	0.0985944,	0.00773746},
{0.324352,	0.0983936,	0.00773746},
{0.32624,	0.0985944,	0.00773746},
{0.32672,	0.0987952,	0.00773746},
{0.327171,	0.0985944,	0.00773746},
{0.327391,	0.0987952,	0.00773746},
{0.328582,	0.098996,	0.00773746},
{0.329654,	0.0991968,	0.00773746},
{0.330212,	0.0993976,	0.00773746},
{0.330624,	0.0995984,	0.00773746},
{0.33243,	0.0997992,	0.00773746},
{0.333355,	0.1,	0.00773746},
{0.333938,	0.100201,	0.00773746},
{0.334005,	0.100201,	0.00780416},
{0.335278,	0.100402,	0.00780416},
{0.335405,	0.100602,	0.00780416},
{0.336026,	0.100803,	0.00780416},
{0.336572,	0.101004,	0.00780416},
{0.336602,	0.101004,	0.00787086},
{0.336611,	0.101205,	0.00787086},
{0.337054,	0.101406,	0.00787086},
{0.338701,	0.101606,	0.00787086},
{0.33919,	0.101807,	0.00787086},
{0.340632,	0.102008,	0.00787086},
{0.340643,	0.102008,	0.00793757},
{0.341094,	0.102209,	0.00793757},
{0.342295,	0.10241,	0.00793757},
{0.342621,	0.10261,	0.00793757},
{0.343191,	0.102811,	0.00793757},
{0.343609,	0.102811,	0.00800427},
{0.344346,	0.102811,	0.00807097},
{0.345118,	0.103012,	0.00807097},
{0.345284,	0.103213,	0.00807097},
{0.345287,	0.103414,	0.00807097},
{0.345291,	0.103614,	0.00807097},
{0.345542,	0.103815,	0.00807097},
{0.345901,	0.103815,	0.00813767},
{0.346541,	0.104016,	0.00813767},
{0.346812,	0.104217,	0.00813767},
{0.346953,	0.104418,	0.00813767},
{0.347346,	0.104618,	0.00813767},
{0.347777,	0.104819,	0.00813767},
{0.348559,	0.10502,	0.00813767},
{0.348784,	0.10502,	0.00820438},
{0.349302,	0.105221,	0.00820438},
{0.349342,	0.105221,	0.00827108},
{0.349511,	0.105422,	0.00827108},
{0.349652,	0.105422,	0.00833778},
{0.349743,	0.105622,	0.00833778},
{0.349951,	0.105622,	0.00840448},
{0.350256,	0.105622,	0.00847118},
{0.350788,	0.105823,	0.00847118},
{0.352084,	0.105622,	0.00847118},
{0.352086,	0.105823,	0.00847118},
{0.352229,	0.105622,	0.00847118},
{0.352286,	0.105823,	0.00847118},
{0.352909,	0.106024,	0.00847118},
{0.354048,	0.106225,	0.00847118},
{0.354462,	0.106426,	0.00847118},
{0.354626,	0.106426,	0.00853789},
{0.355016,	0.106627,	0.00853789},
{0.355455,	0.106827,	0.00853789},
{0.357412,	0.107028,	0.00853789},
{0.358092,	0.107229,	0.00853789},
{0.358108,	0.10743,	0.00853789},
{0.358425,	0.107631,	0.00853789},
{0.358543,	0.107831,	0.00853789},
{0.359078,	0.108032,	0.00853789},
{0.359664,	0.108032,	0.00860459},
{0.361272,	0.108233,	0.00860459},
{0.361955,	0.108434,	0.00860459},
{0.363246,	0.108635,	0.00860459},
{0.36361,	0.108635,	0.00867129},
{0.363919,	0.108635,	0.00873799},
{0.36407,	0.108635,	0.0088047},
{0.364099,	0.108635,	0.0088714},
{0.365472,	0.108434,	0.0088714},
{0.366254,	0.108635,	0.0088714},
{0.366304,	0.108835,	0.0088714},
{0.366624,	0.109036,	0.0088714},
{0.367288,	0.109237,	0.0088714},
{0.369199,	0.109237,	0.0088047},
{0.369213,	0.109438,	0.0088047},
{0.369267,	0.109639,	0.0088047},
{0.370356,	0.109839,	0.0088047},
{0.370511,	0.11004,	0.0088047},
{0.371108,	0.110241,	0.0088047},
{0.372426,	0.110442,	0.0088047},
{0.374727,	0.110643,	0.0088047},
{0.375161,	0.110843,	0.0088047},
{0.375246,	0.110843,	0.0088714},
{0.377154,	0.111044,	0.0088714},
{0.377216,	0.111245,	0.0088714},
{0.377378,	0.111446,	0.0088714},
{0.378526,	0.111245,	0.0088714},
{0.378592,	0.111446,	0.0088714},
{0.381987,	0.111647,	0.0088714},
{0.382475,	0.111847,	0.0088714},
{0.384584,	0.111647,	0.0088714},
{0.384896,	0.111647,	0.0089381},
{0.38499,	0.111847,	0.0089381},
{0.38541,	0.112048,	0.0089381},
{0.385637,	0.112249,	0.0089381},
{0.385945,	0.11245,	0.0089381},
{0.386143,	0.112651,	0.0089381},
{0.386299,	0.112651,	0.0090048},
{0.386791,	0.112851,	0.0090048},
{0.386987,	0.113052,	0.0090048},
{0.387081,	0.113253,	0.0090048},
{0.387275,	0.113454,	0.0090048},
{0.387283,	0.113655,	0.0090048},
{0.387658,	0.113855,	0.0090048},
{0.387711,	0.114056,	0.0090048},
{0.387717,	0.114257,	0.0090048},
{0.387921,	0.114257,	0.0090715},
{0.38808,	0.114458,	0.0090715},
{0.388111,	0.114659,	0.0090715},
{0.388212,	0.114659,	0.00913821},
{0.389246,	0.114859,	0.00913821},
{0.390526,	0.114859,	0.00920491},
{0.392011,	0.11506,	0.00920491},
{0.392033,	0.115261,	0.00920491},
{0.39265,	0.115261,	0.00927161},
{0.392982,	0.115462,	0.00927161},
{0.393104,	0.115462,	0.00933831},
{0.396432,	0.115663,	0.00933831},
{0.396462,	0.115863,	0.00933831},
{0.396564,	0.115663,	0.00933831},
{0.396663,	0.115863,	0.00933831},
{0.396677,	0.115863,	0.00940502},
{0.39741,	0.116064,	0.00940502},
{0.397491,	0.116265,	0.00940502},
{0.398044,	0.116466,	0.00940502},
{0.399923,	0.116667,	0.00940502},
{0.400517,	0.116667,	0.00947172},
{0.400815,	0.116867,	0.00947172},
{0.401081,	0.117068,	0.00947172},
{0.401318,	0.117269,	0.00947172},
{0.401609,	0.11747,	0.00947172},
{0.402389,	0.117671,	0.00947172},
{0.402762,	0.117871,	0.00947172},
{0.402941,	0.117671,	0.00947172},
{0.403007,	0.117871,	0.00947172},
{0.404317,	0.118072,	0.00947172},
{0.405267,	0.118273,	0.00947172},
{0.407607,	0.118474,	0.00947172},
{0.407681,	0.118675,	0.00947172},
{0.408035,	0.118876,	0.00947172},
{0.408295,	0.119076,	0.00947172},
{0.408366,	0.119076,	0.00953842},
{0.409431,	0.119076,	0.00960512},
{0.410731,	0.119277,	0.00960512},
{0.410874,	0.119076,	0.00960512},
{0.411755,	0.119076,	0.00967182},
{0.412417,	0.119277,	0.00967182},
{0.413128,	0.119277,	0.00973853},
{0.413524,	0.119478,	0.00973853},
{0.414925,	0.119679,	0.00973853},
{0.416128,	0.11988,	0.00973853},
{0.416427,	0.12008,	0.00973853},
{0.416612,	0.120281,	0.00973853},
{0.417067,	0.120482,	0.00973853},
{0.417196,	0.120683,	0.00973853},
{0.417985,	0.120884,	0.00973853},
{0.418628,	0.121084,	0.00973853},
{0.419462,	0.121285,	0.00973853},
{0.419625,	0.121486,	0.00973853},
{0.419637,	0.121486,	0.00980523},
{0.419719,	0.121687,	0.00980523},
{0.420081,	0.121888,	0.00980523},
{0.420492,	0.121888,	0.00987193},
{0.420587,	0.122088,	0.00987193},
{0.421056,	0.122289,	0.00987193},
{0.421608,	0.12249,	0.00987193},
{0.421843,	0.122691,	0.00987193},
{0.422824,	0.122892,	0.00987193},
{0.423128,	0.123092,	0.00987193},
{0.423314,	0.123092,	0.00993863},
{0.423529,	0.123293,	0.00993863},
{0.423563,	0.123494,	0.00993863},
{0.423766,	0.123695,	0.00993863},
{0.424949,	0.123896,	0.00993863},
{0.42559,	0.123695,	0.00993863},
{0.426841,	0.123896,	0.00993863},
{0.429051,	0.124096,	0.00993863},
{0.429314,	0.123896,	0.00993863},
{0.4313,	0.124096,	0.00993863},
{0.432745,	0.124096,	0.0100053},
{0.433035,	0.124297,	0.0100053},
{0.433043,	0.124498,	0.0100053},
{0.433206,	0.124498,	0.010072},
{0.43346,	0.124699,	0.010072},
{0.433854,	0.124699,	0.0101387},
{0.433971,	0.1249,	0.0101387},
{0.434969,	0.1251,	0.0101387},
{0.435124,	0.125301,	0.0101387},
{0.435339,	0.125502,	0.0101387},
{0.435628,	0.125502,	0.0102054},
{0.436074,	0.125502,	0.0102721},
{0.436374,	0.125502,	0.0103388},
{0.436495,	0.125502,	0.0104055},
{0.436911,	0.125703,	0.0104055},
{0.437335,	0.125904,	0.0104055},
{0.440076,	0.126104,	0.0104055},
{0.441711,	0.126305,	0.0104055},
{0.443417,	0.126506,	0.0104055},
{0.443635,	0.126707,	0.0104055},
{0.44524,	0.126908,	0.0104055},
{0.445559,	0.127108,	0.0104055},
{0.445909,	0.127309,	0.0104055},
{0.446019,	0.12751,	0.0104055},
{0.446675,	0.12751,	0.0104723},
{0.44765,	0.127711,	0.0104723},
{0.448416,	0.127912,	0.0104723},
{0.448678,	0.128112,	0.0104723},
{0.449771,	0.128313,	0.0104723},
{0.450129,	0.128514,	0.0104723},
{0.450667,	0.128715,	0.0104723},
{0.451007,	0.128916,	0.0104723},
{0.452897,	0.128916,	0.010539},
{0.453226,	0.128916,	0.0106057},
{0.454097,	0.129116,	0.0106057},
{0.454583,	0.128916,	0.0106057},
{0.45493,	0.128715,	0.0106057},
{0.4554,	0.128916,	0.0106057},
{0.455978,	0.129116,	0.0106057},
{0.45616,	0.129116,	0.0106724},
{0.456208,	0.129116,	0.0107391},
{0.456321,	0.129317,	0.0107391},
{0.457171,	0.129518,	0.0107391},
{0.457361,	0.129518,	0.0108058},
{0.45738,	0.129719,	0.0108058},
{0.457388,	0.12992,	0.0108058},
{0.457892,	0.13012,	0.0108058},
{0.458018,	0.130321,	0.0108058},
{0.462057,	0.130522,	0.0108058},
{0.462313,	0.130723,	0.0108058},
{0.462344,	0.130924,	0.0108058},
{0.463279,	0.131124,	0.0108058},
{0.463633,	0.131325,	0.0108058},
{0.464124,	0.131526,	0.0108058},
{0.464352,	0.131727,	0.0108058},
{0.464699,	0.131928,	0.0108058},
{0.46559,	0.132129,	0.0108058},
{0.466154,	0.132129,	0.0107391},
{0.467497,	0.132329,	0.0107391},
{0.468379,	0.13253,	0.0107391},
{0.469243,	0.13253,	0.0108058},
{0.470821,	0.132731,	0.0108058},
{0.471083,	0.132731,	0.0108058},
{0.471092,	0.132731,	0.0108725},
{0.471442,	0.132731,	0.0109392},
{0.473409,	0.132731,	0.0110059},
{0.474548,	0.132932,	0.0110059},
{0.474837,	0.132731,	0.0110059},
{0.476075,	0.132932,	0.0110059},
{0.476202,	0.133133,	0.0110059},
{0.476762,	0.133333,	0.0110059},
{0.477193,	0.133534,	0.0110059},
{0.477373,	0.133735,	0.0110059},
{0.478004,	0.133936,	0.0110059},
{0.478886,	0.134137,	0.0110059},
{0.479112,	0.134337,	0.0110059},
{0.479332,	0.134538,	0.0110059},
{0.479556,	0.134739,	0.0110059},
{0.480733,	0.134739,	0.0110726},
{0.480775,	0.13494,	0.0110726},
{0.480851,	0.135141,	0.0110726},
{0.481335,	0.135341,	0.0110726},
{0.481506,	0.135341,	0.0111393},
{0.481797,	0.135542,	0.0111393},
{0.482014,	0.135743,	0.0111393},
{0.48338,	0.135944,	0.0111393},
{0.483761,	0.135944,	0.011206},
{0.483957,	0.136145,	0.011206},
{0.484768,	0.136345,	0.011206},
{0.485756,	0.136546,	0.011206},
{0.486041,	0.136747,	0.011206},
{0.486125,	0.136948,	0.011206},
{0.48697,	0.137149,	0.011206},
{0.487095,	0.137349,	0.011206},
{0.48794,	0.13755,	0.011206},
{0.489496,	0.13755,	0.0112727},
{0.48952,	0.137751,	0.0112727},
{0.490317,	0.137952,	0.0112727},
{0.490642,	0.138153,	0.0112727},
{0.49075,	0.138353,	0.0112727},
{0.491385,	0.138554,	0.0112727},
{0.491404,	0.138755,	0.0112727},
{0.491745,	0.138755,	0.0113394},
{0.491878,	0.138956,	0.0113394},
{0.492508,	0.139157,	0.0113394},
{0.494074,	0.139357,	0.0113394},
{0.494561,	0.139357,	0.0114061},
{0.495819,	0.139558,	0.0114061},
{0.497356,	0.139558,	0.0114728},
{0.497522,	0.139759,	0.0114728},
{0.498312,	0.13996,	0.0114728},
{0.498479,	0.140161,	0.0114728},
{0.498793,	0.140361,	0.0114728},
{0.49913,	0.140361,	0.0115395},
{0.499271,	0.140562,	0.0115395},
{0.499771,	0.140562,	0.0116062},
{0.499938,	0.140361,	0.0116062},
{0.500459,	0.140361,	0.0116729},
{0.501162,	0.140361,	0.0117396},
{0.50117,	0.140562,	0.0117396},
{0.501834,	0.140763,	0.0117396},
{0.503247,	0.140763,	0.0118063},
{0.503678,	0.140964,	0.0118063},
{0.504214,	0.140964,	0.011873},
{0.504429,	0.141165,	0.011873},
{0.504518,	0.141365,	0.011873},
{0.50515,	0.141165,	0.011873},
{0.505323,	0.141365,	0.011873},
{0.505534,	0.141566,	0.011873},
{0.505855,	0.141767,	0.011873},
{0.507032,	0.141767,	0.0119397},
{1.14722,	0.267269,	0.0270144},
{1.90164,	0.386948,	0.041222},
{2.84485,	0.491165,	0.0582978},
{3.94608,	0.59257,	0.0782417},
{5.27084,	0.680321,	0.101988},
{6.94671,	0.761245,	0.124733},
{8.96339,	0.822088,	0.151414},
{11.5603,	0.871888,	0.179029},
{14.5049,	0.912851,	0.207978},
{18.1344,	0.93996,	0.239594},
{22.1497,	0.959036,	0.270611},
{26.9664,	0.973494,	0.302295},
{32.2005,	0.980522,	0.328242},
{37.6543,	0.985341,	0.356257},
{43.2405,	0.989357,	0.381337},
{49.3774,	0.991566,	0.405616},
{55.6253,	0.991767,	0.427561},
{62.4671,	0.992369,	0.452641},
{69.2376,	0.991968,	0.478655},
{76.0145,	0.993173,	0.497399},
{82.978,	0.993775,	0.519277},
{90.239,	0.994177,	0.541155},
{97.516,	0.993976,	0.559899},
{104.99,	0.994779,	0.576841},
{112.906,	0.994177,	0.595051},
{120.61,	0.996185,	0.608458},
{128.174,	0.992369,	0.620864},
{135.665,	0.990964,	0.635272},
{143.799,	0.991968,	0.647345},
{151.727,	0.990361,	0.661953},
{159.667,	0.989558,	0.675827},
{168.26,	0.990562,	0.686566},
{177.015,	0.990763,	0.698172},
{185.589,	0.989759,	0.708378},
{195.016,	0.988956,	0.719984},
{204.845,	0.992369,	0.731057},
{214.489,	0.989357,	0.740261},
{223.617,	0.989157,	0.7502},
{232.935,	0.986546,	0.760005},
{241.952,	0.987952,	0.768943},
{252.131,	0.988755,	0.776481},
{262.393,	0.985944,	0.78662},
{271.939,	0.983735,	0.79309},
{281.674,	0.986345,	0.801694},
{291.273,	0.983133,	0.80643},
{300.015,	0.980321,	0.812367},
{309.022,	0.976908,	0.81917},
{317.971,	0.978916,	0.825374},
{327.216,	0.980522,	0.830243},
{337.303,	0.984337,	0.83658},
{347.519,	0.983735,	0.840848},
{357.273,	0.98253,	0.846251},
{367.936,	0.983133,	0.849653},
{378.398,	0.980321,	0.853589},
{387.705,	0.981124,	0.858391},
{397.757,	0.978313,	0.863194},
{407.398,	0.979317,	0.868663},
{417.793,	0.978313,	0.8742},
{427.985,	0.977108,	0.878469},
{437.874,	0.977711,	0.880203},
{447.233,	0.975502,	0.882671},
{456.796,	0.97751,	0.885539},
{467.27,	0.98012,	0.889141},
{477.543,	0.978313,	0.892076},
{488.086,	0.9749,	0.895344},
{497.546,	0.974096,	0.898012},
{507.041,	0.972289,	0.899747},
{516.983,	0.975904,	0.901547},
{527.449,	0.976908,	0.902481},
{538.094,	0.976506,	0.903415},
{547.723,	0.973293,	0.90575},
{556.787,	0.972289,	0.907017},
{566.65,	0.972088,	0.909418},
{576.234,	0.972289,	0.910752},
{585.77,	0.973092,	0.913621},
{595.646,	0.975502,	0.915088},
{606.616,	0.97751,	0.916222},
{615.996,	0.9749,	0.918356},
{626.302,	0.972088,	0.918023},
{635.149,	0.970683,	0.915622},
{645.318,	0.974699,	0.917489},
{655.454,	0.97008,	0.916222},
{665.139,	0.972289,	0.917423},
{675.006,	0.975502,	0.919023},
{684.866,	0.974498,	0.921958},
{694.85,	0.973293,	0.922559},
{705.054,	0.9749,	0.920024},
{714.458,	0.974297,	0.921692},
{724.679,	0.973293,	0.922425},
{733.812,	0.976506,	0.923292},
{744.02,	0.973896,	0.924493},
{754.256,	0.975502,	0.925494},
{764.906,	0.975301,	0.92576},
{774.046,	0.975301,	0.926828},
{784.617,	0.973293,	0.926094},
{794.735,	0.972892,	0.927228},
{804.596,	0.974498,	0.926694},
{814.95,	0.973494,	0.925627},
{825.292,	0.973092,	0.92416},
{835.005,	0.970683,	0.923759},
{844.875,	0.972691,	0.924093},
{854.528,	0.973092,	0.923292},
{864.29,	0.976506,	0.924493},
{874.524,	0.974699,	0.925694},
{884.96,	0.974498,	0.927428},
{895.281,	0.9751,	0.92536},
{905.342,	0.9751,	0.925627},
{914.682,	0.97249,	0.927094},
{922.931,	0.970482,	0.927028},
{932.076,	0.970683,	0.926828},
{941.776,	0.970683,	0.927428},
{951.108,	0.971888,	0.926961},
{960.553,	0.972088,	0.927094},
{970.353,	0.974498,	0.927828},
{980.74,	0.974297,	0.927895},
{990.55,	0.9749,	0.929362},
{1001.1,	0.976506,	0.93083},
{1011.23,	0.972691,	0.929963},
{1021.7,	0.972088,	0.929963},
{1032.14,	0.977711,	0.929296},
{1042.47,	0.976305,	0.928829},
{1052.71,	0.973092,	0.927495},
{1062.55,	0.971084,	0.927628},
{1072.78,	0.971486,	0.928895},
{1083.14,	0.972892,	0.928695},
{1092.78,	0.97249,	0.929229},
{1102.23,	0.974297,	0.929963},
{1112.97,	0.9751,	0.932097},
{1123.64,	0.975904,	0.934632},
{1134.17,	0.975301,	0.936766},
{1144.97,	0.975301,	0.935832},
{1155.64,	0.977711,	0.9381},
{1166.45,	0.976707,	0.9373},
{1177.73,	0.975301,	0.935966},
{1188.58,	0.977108,	0.935499},
{1199.57,	0.976506,	0.936299},
{1209.93,	0.975502,	0.935499},
{1220.91,	0.973293,	0.934765},
{1230.5,	0.971285,	0.935632},
{1240.61,	0.971687,	0.935766},
{1251.07,	0.973494,	0.935899},
{1261.52,	0.9749,	0.936233},
{1271.33,	0.973092,	0.935632},
{1282.24,	0.975904,	0.934632},
{1293.27,	0.976506,	0.934965},
{1303.96,	0.975904,	0.935299},
{1313.52,	0.973695,	0.936299},
{1324.09,	0.973293,	0.936299},
{1334.12,	0.974699,	0.935566},
{1344.23,	0.974498,	0.934832},
{1354.58,	0.974096,	0.936099},
{1364.33,	0.971888,	0.934632},
{1374.44,	0.9751,	0.935232},
{1384.71,	0.974699,	0.934632},
{1395.64,	0.974096,	0.935699},
{1405.5,	0.976305,	0.936299},
{1415.27,	0.9751,	0.937967},
{1425.7,	0.97249,	0.937166},
{1435.79,	0.972892,	0.9369},
{1446.44,	0.976104,	0.938701},
{1456.89,	0.972289,	0.939301},
{1467.37,	0.974699,	0.940168},
{1478.11,	0.974096,	0.939301},
{1488.2,	0.975703,	0.939901},
{1499.27,	0.980723,	0.940702},
{1510.7,	0.977711,	0.941369},
{1521.95,	0.976506,	0.939501},
{1533.03,	0.97751,	0.938634},
{1544.24,	0.973293,	0.937767},
{1555.39,	0.97249,	0.938634},
{1564.8,	0.971888,	0.940035},
{1574.41,	0.970683,	0.938767},
{1585.2,	0.9749,	0.940835},
{1596.28,	0.975904,	0.939768},
{1607.47,	0.97751,	0.940368},
{1618.72,	0.9749,	0.941502},
{1629.83,	0.973896,	0.940702},
{1640.11,	0.977108,	0.940568},
{1651.07,	0.978112,	0.940768},
{1662.15,	0.976908,	0.9383},
{1673.43,	0.97751,	0.9377},
{1684.21,	0.975904,	0.9383},
{1695.04,	0.974096,	0.939168},
{1705.41,	0.975301,	0.940502},
{1716.31,	0.976506,	0.940435},
{1727.09,	0.972691,	0.939634},
{1737.73,	0.976305,	0.939701},
{1748.58,	0.973092,	0.938434},
{1758.36,	0.972289,	0.9375},
{1768.41,	0.974297,	0.939301},
{1778.88,	0.975904,	0.941035},
{1789.33,	0.975502,	0.941169},
{1800.87,	0.977108,	0.941435},
{1812.21,	0.980321,	0.942769},
{1822.96,	0.976707,	0.941769},
{1833.47,	0.977108,	0.940969},
{1844.91,	0.98012,	0.941636},
{1856.47,	0.977912,	0.943436},
{1867.72,	0.979116,	0.943436},
{1879.17,	0.981124,	0.944704},
{1890.77,	0.978916,	0.945037},
{1902.22,	0.976305,	0.944237},
{1913.52,	0.978313,	0.943903},
{1925.78,	0.98012,	0.942369},
{1936.59,	0.978112,	0.94337},
{1948.18,	0.977711,	0.94357},
{1959.23,	0.977108,	0.943303},
{1970.07,	0.975904,	0.942703},
{1981.24,	0.975502,	0.943703},
{1992.12,	0.974297,	0.942903},
{2002.82,	0.97751,	0.94297},
{2013.35,	0.974699,	0.942503},
{2024.52,	0.977309,	0.944704},
{2035.68,	0.973695,	0.945304},
{2046.45,	0.973494,	0.945771},
{2057.09,	0.975904,	0.945504},
{2068.45,	0.978112,	0.945037},
{2079.92,	0.976104,	0.944637},
{2090.47,	0.9749,	0.94417},
{2101.8,	0.976305,	0.945638},
{2112.74,	0.976908,	0.945438},
{2123.34,	0.978916,	0.945704},
{2134.65,	0.980522,	0.947839},
{2147.12,	0.979116,	0.946638},
{2158.9,	0.979116,	0.944437},
{2170.14,	0.978112,	0.945171},
{2180.66,	0.976908,	0.946838},
{2191.35,	0.974699,	0.947439},
{2202.47,	0.976104,	0.949373},
{2213.37,	0.975703,	0.949907},
{2225.4,	0.975904,	0.950974},
{2236.15,	0.974096,	0.950507},
{2246.85,	0.974498,	0.95004},
{2257.45,	0.976908,	0.949306},
{2267.86,	0.97751,	0.950774},
{2278.23,	0.976506,	0.950374},
{2288.09,	0.976305,	0.948973},
{2298.95,	0.973695,	0.948106},
{2310.26,	0.977309,	0.948973},
{2321.64,	0.976104,	0.94964},
{2332.26,	0.97249,	0.947772},
{2343.07,	0.973293,	0.947705},
{2353.69,	0.975703,	0.948839},
{2364.63,	0.978916,	0.947505},
{2375.91,	0.975502,	0.948506},
{2386.39,	0.976908,	0.947839},
{2397.43,	0.9749,	0.948372},
{2407.99,	0.9749,	0.948773},
{2418.78,	0.974096,	0.948506},
{2429.15,	0.976305,	0.948706},
{2440.12,	0.979116,	0.949106},
{2451.54,	0.97751,	0.948706},
{2463.88,	0.97751,	0.949173},
{2475.39,	0.976104,	0.948106},
{2487.53,	0.978514,	0.94944},
{2498.64,	0.979116,	0.94964},
{2510.51,	0.97751,	0.951241},
{2521.17,	0.975502,	0.952241},
{2531.81,	0.972289,	0.951241},
{2542.83,	0.974096,	0.952108},
{2552.89,	0.971285,	0.952975},
{2562.98,	0.971084,	0.954442},
{2573.23,	0.974699,	0.953042},
{2583.95,	0.975703,	0.954509},
{2595.28,	0.977108,	0.953775},
{2606.69,	0.976908,	0.954109},
{2617.48,	0.975904,	0.953909},
{2629.11,	0.975502,	0.953242},
{2640.44,	0.978313,	0.951174},
{2651.04,	0.977711,	0.951908},
{2662.13,	0.975502,	0.951641},
{2672.26,	0.976104,	0.950974},
{2683.23,	0.976707,	0.949907},
{2694.57,	0.979719,	0.95084},
{2706.37,	0.980321,	0.95044},
{2717.98,	0.978715,	0.951107},
{2729.63,	0.979116,	0.94984},
{2741.75,	0.978715,	0.950107},
{2753.91,	0.980321,	0.949306},
{2765.58,	0.97992,	0.948773},
{2777.13,	0.977309,	0.951174},
{2789.06,	0.979317,	0.951841},
{2800.71,	0.977912,	0.952241},
{2811.59,	0.973896,	0.952508},
{2822.88,	0.9749,	0.952575},
{2834.38,	0.974699,	0.952041},
{2845.69,	0.977711,	0.953308},
{2857.16,	0.974498,	0.950574},
{2868.96,	0.976104,	0.94984},
{2880,	0.975301,	0.949707},
{2890.67,	0.975904,	0.949707},
{2901.38,	0.97751,	0.949907},
{2912.54,	0.97992,	0.949907},
{2923.97,	0.978916,	0.949973},
{2935.62,	0.978313,	0.948839},
{2947.89,	0.97992,	0.94924},
{2958.92,	0.979518,	0.947505},
{2970.87,	0.97992,	0.949373},
{2982.69,	0.97751,	0.950507},
{2994.6,	0.979719,	0.95044},
{3006.11,	0.981727,	0.949173},
{3018.31,	0.97992,	0.949039},
{3029.97,	0.978514,	0.948973},
{3042.92,	0.978112,	0.948839},
{3054.92,	0.979116,	0.947906},
{3067.15,	0.978715,	0.950374},
{3077.94,	0.978916,	0.95004},
{3089.78,	0.979518,	0.950974},
{3102.28,	0.98012,	0.949973},
{3113.6,	0.977912,	0.950107},
{3124.77,	0.978112,	0.948773},
{3136.56,	0.977309,	0.947906},
{3148.06,	0.98012,	0.948239},
{3159.53,	0.980321,	0.949039},
{3170.81,	0.97751,	0.949773},
{3182.54,	0.976506,	0.949707},
{3193.78,	0.974699,	0.949973},
{3205.02,	0.978112,	0.951241},
{3216.06,	0.978313,	0.951774},
{3227.09,	0.979518,	0.951641},
{3238.58,	0.978916,	0.951374},
{3249.91,	0.976908,	0.951174},
{3261.55,	0.976707,	0.951841},
{3272.1,	0.979317,	0.950907},
{3283.43,	0.977912,	0.951574},
{3295.18,	0.978313,	0.951974},
{3307.06,	0.978916,	0.951908},
{3318.18,	0.978313,	0.951641},
{3330.49,	0.976506,	0.952241},
{3340.72,	0.973695,	0.952975},
{3352.16,	0.976104,	0.952241},
{3363.57,	0.978112,	0.951974},
{3374.85,	0.978715,	0.950974},
{3386.22,	0.980321,	0.951841},
{3397.99,	0.980522,	0.953442},
{3410.11,	0.981727,	0.953509},
{3422.44,	0.980723,	0.953575},
{3434.6,	0.982932,	0.952775},
{3446.74,	0.97992,	0.951708},
{3457.55,	0.98012,	0.951507},
{3469.24,	0.980522,	0.953175},
{3480.92,	0.979116,	0.951974},
{3492.96,	0.980723,	0.952641},
{3505.42,	0.981727,	0.953042},
{3518.03,	0.979317,	0.954776},
{3531.45,	0.979719,	0.954909},
{3544.13,	0.980723,	0.955109},
{3556.05,	0.979317,	0.955977},
{3567.83,	0.980522,	0.95651},
{3580.8,	0.978313,	0.95611},
{3593.18,	0.980321,	0.957777},
{3604.75,	0.978313,	0.95691},
{3615.69,	0.976908,	0.957177},
{3627.81,	0.97992,	0.957911},
{3639.76,	0.980321,	0.958244},
{3651.48,	0.976305,	0.958111},
{3662.37,	0.978514,	0.957911},
{3674.36,	0.979317,	0.95711},
{3686.48,	0.980522,	0.956443},
{3699.72,	0.981526,	0.95671},
{3711.82,	0.975502,	0.956443},
{3723.91,	0.976305,	0.957577},
{3734.93,	0.978313,	0.957177},
{3746.41,	0.978715,	0.957177},
{3758.32,	0.979719,	0.958578},
{3769.53,	0.978313,	0.95711},
{3781.38,	0.979317,	0.957177},
{3792.11,	0.97751,	0.957311},
{3803.44,	0.974096,	0.95571},
{3813.97,	0.977912,	0.956644},
{3825.69,	0.97751,	0.956043},
{3837.31,	0.980723,	0.954909},
{3850.02,	0.981325,	0.955176},
{3862.15,	0.979116,	0.953642},
{3874.93,	0.980321,	0.953775},
{3886.25,	0.981526,	0.953842},
{3898.26,	0.98253,	0.952641},
{3910.28,	0.97992,	0.953509},
{3922.2,	0.980522,	0.952041},
{3934.15,	0.976305,	0.952975},
{3945.72,	0.978313,	0.953775},
{3957.55,	0.978715,	0.953242},
{3968.73,	0.979518,	0.954509},
{3981.06,	0.980321,	0.955176},
{3993.69,	0.981727,	0.955977},
{4007.07,	0.981325,	0.955243},
{4018.75,	0.976908,	0.955176},
{4029.67,	0.976908,	0.95671},
{4041.54,	0.978112,	0.955776},
{4052.85,	0.977711,	0.954976},
{4064.7,	0.977912,	0.953775},
{4076.22,	0.975703,	0.953775},
{4088.86,	0.980321,	0.953975},
{4101.12,	0.981325,	0.954442},
{4114.02,	0.981124,	0.953442},
{4126.6,	0.97992,	0.952375},
{4139.01,	0.978916,	0.954176},
{4151.93,	0.978514,	0.955376},
{4164.17,	0.978715,	0.955843},
{4176.74,	0.980924,	0.955376},
{4188.3,	0.983534,	0.955176},
{4200.81,	0.981928,	0.955576},
{4213.53,	0.983133,	0.95631},
{4225.83,	0.982129,	0.955643},
{4237.97,	0.982932,	0.957244},
{4251,	0.981325,	0.956577},
{4264,	0.981526,	0.95691},
{4276.59,	0.978916,	0.957444},
{4289.76,	0.979518,	0.95651},
{4301.26,	0.979317,	0.957511},
{4312.82,	0.977912,	0.958645},
{4320.04,	0.977912,	0.958311}};
